============================= test session starts =============================
platform win32 -- Python 3.11.9, pytest-9.1.1, pluggy-1.6.0 -- WORKSPACE\atnco\Pictures\NeoEng-D-Trace\.venv\Scripts\python.exe
cachedir: .pytest_cache
rootdir: WORKSPACE\atnco\Pictures\NeoEng-D-Trace\build\_merge-main-20260912
configfile: pytest.ini
testpaths: tests
plugins: anyio-4.14.2, cov-7.1.0
collecting ... collected 2635 items

tests/test_app_icon.py::test_approved_source_and_derived_icon_are_versioned_and_valid PASSED [  0%]
tests/test_app_icon.py::test_runtime_loads_icon_and_main_window_exposes_it PASSED [  0%]
tests/test_app_icon.py::test_frozen_bundle_path_is_preferred PASSED      [  0%]
tests/test_app_icon.py::test_missing_icon_fails_closed PASSED            [  0%]
tests/test_app_icon.py::test_invalid_qt_icon_fails_closed PASSED         [  0%]
tests/test_app_icon.py::test_wix_shortcut_references_installed_icon PASSED [  0%]
tests/test_app_icon.py::test_pyinstaller_spec_bundles_icon_and_sets_gui_executable_icon PASSED [  0%]
tests/test_app_identity.py::test_identity_constants_are_explicit_and_stable PASSED [  0%]
tests/test_app_identity.py::test_project_format_identity_matches_the_approved_stage_3_adr PASSED [  0%]
tests/test_app_identity.py::test_window_title_is_available_in_both_supported_languages PASSED [  0%]
tests/test_app_identity.py::test_window_title_with_document_keeps_brand_and_filename PASSED [  0%]
tests/test_app_identity.py::test_unknown_language_falls_back_to_english_without_crashing PASSED [  0%]
tests/test_app_identity.py::test_application_version_matches_pyproject PASSED [  0%]
tests/test_app_identity.py::test_windows_executable_description_is_portuguese_and_current PASSED [  0%]
tests/test_app_identity.py::test_global_logger_uses_new_identity PASSED  [  0%]
tests/test_app_identity.py::test_runtime_identity_surfaces_do_not_embed_legacy_brand PASSED [  0%]
tests/test_app_identity.py::test_gltf_exporter_uses_central_generator_constant PASSED [  0%]
tests/test_app_identity.py::test_removed_namespace_tree_is_not_part_of_runtime PASSED [  0%]
tests/test_asset_packs.py::test_bundled_inventory_hashes_dimensions_and_alpha PASSED [  0%]
tests/test_asset_packs.py::test_manifest_rejects_unsafe_or_missing_paths[../outside.png] PASSED [  0%]
tests/test_asset_packs.py::test_manifest_rejects_unsafe_or_missing_paths[/outside.png] PASSED [  0%]
tests/test_asset_packs.py::test_manifest_rejects_unsafe_or_missing_paths[C:/outside.png] PASSED [  0%]
tests/test_asset_packs.py::test_manifest_rejects_unsafe_or_missing_paths[..\\outside.png] PASSED [  0%]
tests/test_asset_packs.py::test_manifest_rejects_unsafe_or_missing_paths[missing.png] PASSED [  0%]
tests/test_asset_packs.py::test_bad_pack_is_isolated_and_hash_tamper_rejected PASSED [  0%]
tests/test_asset_packs.py::test_catalog_search_click_import_repeat_place_undo_and_reopen PASSED [  0%]
tests/test_asset_packs.py::test_professional_inspector_empty_state_stays_localized PASSED [  1%]
tests/test_asset_packs.py::test_corrupted_import_does_not_mutate_project PASSED [  1%]
tests/test_asset_packs.py::test_no_project_can_browse_but_not_import PASSED [  1%]
tests/test_atomic_export_replacement.py::test_json_replaces_existing_destination_without_predelete PASSED [  1%]
tests/test_atomic_export_replacement.py::test_sprite_replaces_existing_destination_without_predelete PASSED [  1%]
tests/test_atomic_export_replacement.py::test_atlas_replaces_existing_outputs_without_predelete PASSED [  1%]
tests/test_atomic_export_replacement.py::test_atlas_retries_transient_windows_replace_denial PASSED [  1%]
tests/test_atomic_export_replacement.py::test_gltf_replaces_existing_destination_without_predelete PASSED [  1%]
tests/test_atomic_outputs.py::test_transaction_commits_all_outputs_and_cleans_staging PASSED [  1%]
tests/test_atomic_outputs.py::test_transaction_rolls_back_existing_outputs_on_commit_failure PASSED [  1%]
tests/test_atomic_outputs.py::test_transaction_removes_new_outputs_on_commit_failure PASSED [  1%]
tests/test_atomic_outputs.py::test_transaction_rejects_duplicate_destinations PASSED [  1%]
tests/test_atomic_outputs.py::test_transaction_reports_rollback_failure PASSED [  1%]
tests/test_atomic_outputs.py::test_cli_rolls_back_all_outputs_when_final_commit_fails PASSED [  1%]
tests/test_atomic_outputs.py::test_cli_rejects_duplicate_output_destinations PASSED [  1%]
tests/test_atomic_outputs.py::test_transaction_rejects_empty_destination PASSED [  1%]
tests/test_atomic_outputs.py::test_transaction_rejects_commit_after_success PASSED [  1%]
tests/test_atomic_outputs.py::test_transaction_cleans_backup_when_backup_copy_fails PASSED [  1%]
tests/test_audit_closure_contracts.py::test_legacy_report_records_verified_tested_commit PASSED [  1%]
tests/test_audit_closure_contracts.py::test_legacy_report_rejects_ci_commit_mismatch PASSED [  1%]
tests/test_audit_closure_contracts.py::test_legacy_report_records_working_tree_state[-False] PASSED [  1%]
tests/test_audit_closure_contracts.py::test_legacy_report_records_working_tree_state[ M file.py\n-True] PASSED [  1%]
tests/test_audit_closure_contracts.py::test_legacy_report_records_source_head_ancestry PASSED [  1%]
tests/test_audit_closure_contracts.py::test_legacy_report_rejects_unrelated_source_head PASSED [  1%]
tests/test_audit_closure_contracts.py::test_headless_object_export_requires_object_id PASSED [  1%]
tests/test_audit_closure_contracts.py::test_atlas_bleed_duplicates_all_edge_pixels_and_keeps_source_rect PASSED [  1%]
tests/test_audit_closure_contracts.py::test_atlas_crop_preserves_transparent_frame_bounds PASSED [  2%]
tests/test_audit_closure_contracts.py::test_rotated_atlas_metadata_uses_physical_dimensions PASSED [  2%]
tests/test_audit_closure_contracts.py::test_collision_panel_export_writes_real_atomic_json PASSED [  2%]
tests/test_audit_closure_contracts.py::test_collision_panel_export_cancel_has_no_success PASSED [  2%]
tests/test_audit_closure_contracts.py::test_sobel_magnitude_uses_float32_without_clipping PASSED [  2%]
tests/test_audit_closure_contracts.py::test_mask_viewer_reset_fills_and_centers_viewport PASSED [  2%]
tests/test_audit_closure_contracts.py::test_pil_image_converts_to_qimage PASSED [  2%]
tests/test_audit_closure_contracts.py::test_lasso_compatibility_module_reexports_canonical_class PASSED [  2%]
tests/test_audit_closure_contracts.py::test_collision_compatibility_api_is_covered PASSED [  2%]
tests/test_audit_closure_contracts.py::test_theme_and_layers_are_connected_to_runtime PASSED [  2%]
tests/test_audit_closure_contracts.py::test_legacy_reconciliation_rejects_duplicate_failure_ids PASSED [  2%]
tests/test_auto_detect.py::TestAutoDetect::test_detect_and_create_objects_integration PASSED [  2%]
tests/test_auto_detect.py::TestAutoDetect::test_detect_polygons_basic PASSED [  2%]
tests/test_auto_detect.py::TestAutoDetect::test_detect_polygons_perfect PASSED [  2%]
tests/test_auto_detect.py::TestAutoDetect::test_detect_result_behavior PASSED [  2%]
tests/test_auto_detect.py::TestAutoDetect::test_error_handling PASSED    [  2%]
tests/test_auto_detect.py::TestAutoDetect::test_polygon_validation_diagnostics_are_specific_without_repairing PASSED [  2%]
tests/test_auto_detection_quality.py::test_real_adversarial_corpus_keeps_quality_and_boundaries[perfect] PASSED [  2%]
tests/test_auto_detection_quality.py::test_real_adversarial_corpus_keeps_quality_and_boundaries[enhanced] PASSED [  2%]
tests/test_auto_detection_quality.py::test_real_adversarial_corpus_keeps_quality_and_boundaries[grabcut] PASSED [  2%]
tests/test_auto_detection_quality.py::test_real_hole_contract_is_one_object_with_one_hole[perfect] PASSED [  2%]
tests/test_auto_detection_quality.py::test_real_hole_contract_is_one_object_with_one_hole[enhanced] PASSED [  2%]
tests/test_auto_detection_quality.py::test_real_hole_contract_is_one_object_with_one_hole[grabcut] PASSED [  2%]
tests/test_auto_detection_quality.py::test_basic_detection_preserves_internal_hole PASSED [  2%]
tests/test_auto_detection_quality.py::test_high_detail_contour_is_bounded_and_deterministic PASSED [  2%]
tests/test_auto_detection_quality.py::test_numeric_and_rgba_inputs_use_the_same_real_pipeline[perfect] PASSED [  2%]
tests/test_auto_detection_quality.py::test_numeric_and_rgba_inputs_use_the_same_real_pipeline[enhanced] PASSED [  2%]
tests/test_auto_detection_quality.py::test_enhanced_morphology_parameter_is_validated PASSED [  3%]
tests/test_auto_detection_quality.py::test_legacy_hole_record_is_not_created_as_a_scene_object PASSED [  3%]
tests/test_baseline_integrity.py::test_local_ignored_venv_does_not_block_manifest PASSED [  3%]
tests/test_baseline_integrity.py::test_tracked_forbidden_environment_file_is_blocked PASSED [  3%]
tests/test_baseline_integrity.py::test_manifest_date_is_informational_but_must_be_valid PASSED [  3%]
tests/test_baseline_integrity.py::test_git_blob_mode_ignores_worktree_eol_conversion PASSED [  3%]
tests/test_baseline_integrity.py::test_baseline_ignores_untracked_worktree_outputs PASSED [  3%]
tests/test_broadphase_sap.py::test_sap_insert_update_remove PASSED       [  3%]
tests/test_broadphase_sap.py::test_sap_potential_pairs_non_overlapping PASSED [  3%]
tests/test_broadphase_sap.py::test_sap_potential_pairs_overlapping PASSED [  3%]
tests/test_collision_overlay_regression.py::test_arrowhead_uses_no_pen_and_draws_triangle PASSED [  3%]
tests/test_collision_overlay_regression.py::test_arrowhead_skips_zero_length_vector PASSED [  3%]
tests/test_command_selection_roundtrip.py::test_create_undo_redo_preserves_multiselection_context PASSED [  3%]
tests/test_composition_export.py::test_composition_requires_all_independent_documents PASSED [  3%]
tests/test_composition_export.py::test_composition_binds_and_revalidates_components PASSED [  3%]
tests/test_composition_export.py::test_composition_automatically_emits_hash_bound_tilemap_runtime PASSED [  3%]
tests/test_composition_export.py::test_composition_preserves_legacy_tilemap_without_atlas_runtime PASSED [  3%]
tests/test_composition_export.py::test_hybrid_package_preserves_animation_and_validates_3d_slice PASSED [  3%]
tests/test_composition_export.py::test_hybrid_package_rejects_tampered_component_and_invalid_scene PASSED [  3%]
tests/test_composition_export.py::test_hybrid_runtime_manifest_rejects_tampered_normalized_scene PASSED [  3%]
tests/test_composition_export.py::test_hybrid_export_is_available_through_product_cli PASSED [  3%]
tests/test_conformance_adapter_infrastructure.py::test_adapter_context_requires_provenance PASSED [  3%]
tests/test_conformance_adapter_infrastructure.py::test_adapter_result_requires_stable_slug_and_unique_ids PASSED [  3%]
tests/test_conformance_adapter_infrastructure.py::test_run_adapter_preserves_atomic_checks_and_history PASSED [  3%]
tests/test_conformance_adapter_infrastructure.py::test_run_adapter_rejects_invalid_result_type PASSED [  3%]
tests/test_conformance_adapter_infrastructure.py::test_run_adapter_rejects_identity_mismatch PASSED [  3%]
tests/test_conformance_adapter_infrastructure.py::test_combine_adapter_results_is_deterministic PASSED [  4%]
tests/test_conformance_adapter_infrastructure.py::test_combine_adapter_results_rejects_cross_adapter_duplicate_check_ids PASSED [  4%]
tests/test_conformance_adapter_infrastructure.py::test_adapter_bundle_serializes_via_canonical_c2a_schema PASSED [  4%]
tests/test_conformance_aggregate_gate.py::test_aggregate_gate_populates_all_three_required_axes PASSED [  4%]
tests/test_conformance_aggregate_gate.py::test_aggregate_gate_preserves_historical_evidence_outside_axes PASSED [  4%]
tests/test_conformance_aggregate_gate.py::test_aggregate_gate_propagates_only_atomic_product_failure PASSED [  4%]
tests/test_conformance_aggregate_gate.py::test_aggregate_gate_rejects_top_level_source_commit_mismatch PASSED [  4%]
tests/test_conformance_aggregate_gate.py::test_aggregate_gate_rejects_geometry_worker_source_commit_mismatch PASSED [  4%]
tests/test_conformance_aggregate_gate.py::test_aggregate_gate_rejects_missing_provenance_instead_of_returning_na PASSED [  4%]
tests/test_conformance_aggregate_gate.py::test_aggregate_gate_writes_deterministic_canonical_evidence PASSED [  4%]
tests/test_conformance_aggregate_gate.py::test_aggregate_gate_cli_writes_pass_evidence_and_returns_zero PASSED [  4%]
tests/test_conformance_aggregate_gate.py::test_aggregate_gate_cli_writes_blocking_evidence_and_returns_one PASSED [  4%]
tests/test_conformance_aggregate_gate.py::test_aggregate_gate_cli_returns_two_for_invalid_provenance_without_output PASSED [  4%]
tests/test_conformance_evidence_schema.py::test_schema_v1_contains_exactly_three_blocking_axes_and_no_h_axis PASSED [  4%]
tests/test_conformance_evidence_schema.py::test_checks_are_serialized_deterministically_inside_each_axis PASSED [  4%]
tests/test_conformance_evidence_schema.py::test_historical_evidence_is_non_blocking_supporting_context PASSED [  4%]
tests/test_conformance_evidence_schema.py::test_validator_rejects_h_axis_and_unknown_schema_versions PASSED [  4%]
tests/test_conformance_evidence_schema.py::test_validator_rejects_tampered_axis_and_overall_aggregates PASSED [  4%]
tests/test_conformance_evidence_schema.py::test_validator_rejects_foreign_or_duplicate_check_identity PASSED [  4%]
tests/test_conformance_evidence_schema.py::test_write_read_roundtrip_is_valid_and_byte_deterministic PASSED [  4%]
tests/test_conformance_multiaxis_contract.py::test_only_g_v_b_are_product_conformance_axes PASSED [  4%]
tests/test_conformance_multiaxis_contract.py::test_axis_domains_keep_geometry_visual_and_behavior_concerns_separate PASSED [  4%]
tests/test_conformance_multiaxis_contract.py::test_check_identity_is_axis_owned_and_domain_validated PASSED [  4%]
tests/test_conformance_multiaxis_contract.py::test_status_precedence_is_fail_closed_without_hiding_approved_changes PASSED [  4%]
tests/test_conformance_multiaxis_contract.py::test_multiaxis_aggregation_keeps_axis_results_independent PASSED [  4%]
tests/test_conformance_multiaxis_contract.py::test_failure_on_one_axis_blocks_aggregate_without_mutating_other_axes PASSED [  4%]
tests/test_conformance_multiaxis_contract.py::test_duplicate_check_ids_are_rejected_globally PASSED [  5%]
tests/test_conformance_stage1_visual_adapter.py::test_stage1_visual_adapter_maps_only_atomic_v_checks PASSED [  5%]
tests/test_conformance_stage1_visual_adapter.py::test_stage1_visual_adapter_ignores_legacy_aggregate_failure PASSED [  5%]
tests/test_conformance_stage1_visual_adapter.py::test_stage1_visual_adapter_propagates_atomic_failure_with_evidence PASSED [  5%]
tests/test_conformance_stage1_visual_adapter.py::test_stage1_visual_adapter_is_fail_closed_for_missing_expected_atom PASSED [  5%]
tests/test_conformance_stage1_visual_adapter.py::test_stage1_visual_adapter_rejects_unmapped_new_legacy_atom PASSED [  5%]
tests/test_conformance_stage1_visual_adapter.py::test_stage1_visual_adapter_preserves_history_outside_blocking_axes PASSED [  5%]
tests/test_conformance_stage1_visual_adapter.py::test_stage1_visual_adapter_accepts_real_stage1_contract_shape PASSED [  5%]
tests/test_conformance_stage9_behavior_adapter.py::test_stage9_behavior_adapter_maps_only_atomic_b_checks PASSED [  5%]
tests/test_conformance_stage9_behavior_adapter.py::test_stage9_behavior_adapter_ignores_legacy_aggregate_and_geometry_failure PASSED [  5%]
tests/test_conformance_stage9_behavior_adapter.py::test_stage9_behavior_adapter_propagates_atomic_tool_failure PASSED [  5%]
tests/test_conformance_stage9_behavior_adapter.py::test_stage9_behavior_adapter_uses_semantic_xray_mode_identity PASSED [  5%]
tests/test_conformance_stage9_behavior_adapter.py::test_stage9_behavior_adapter_is_fail_closed_for_missing_atoms PASSED [  5%]
tests/test_conformance_stage9_behavior_adapter.py::test_stage9_behavior_adapter_rejects_unmapped_functional_scope_drift PASSED [  5%]
tests/test_conformance_stage9_behavior_adapter.py::test_stage9_behavior_adapter_rejects_ambiguous_mode_identity PASSED [  5%]
tests/test_conformance_stage9_behavior_adapter.py::test_stage9_behavior_adapter_integrates_with_canonical_evidence PASSED [  5%]
tests/test_conformance_stage9_geometry_adapter.py::test_stage9_geometry_adapter_maps_only_atomic_g_checks PASSED [  5%]
tests/test_conformance_stage9_geometry_adapter.py::test_stage9_geometry_adapter_ignores_legacy_aggregate_failures PASSED [  5%]
tests/test_conformance_stage9_geometry_adapter.py::test_stage9_geometry_adapter_propagates_atomic_dimension_failure PASSED [  5%]
tests/test_conformance_stage9_geometry_adapter.py::test_stage9_geometry_adapter_propagates_atomic_widget_failure PASSED [  5%]
tests/test_conformance_stage9_geometry_adapter.py::test_stage9_geometry_adapter_is_fail_closed_for_missing_expected_worker PASSED [  5%]
tests/test_conformance_stage9_geometry_adapter.py::test_stage9_geometry_adapter_rejects_ambiguous_worker_identity PASSED [  5%]
tests/test_conformance_stage9_geometry_adapter.py::test_stage9_geometry_adapter_integrates_with_canonical_evidence PASSED [  5%]
tests/test_continuity_registry.py::test_current_continuity_registry_is_internally_consistent PASSED [  5%]
tests/test_continuity_registry.py::test_symlink_results_remain_separate PASSED [  5%]
tests/test_continuity_registry.py::test_human_review_approval_is_registered_after_final_audit PASSED [  5%]
tests/test_creation_auto_selection.py::test_add_polygon_selects_new_object_with_one_notification PASSED [  5%]
tests/test_creation_auto_selection.py::test_add_object_does_not_select_imported_object_by_default PASSED [  6%]
tests/test_creation_auto_selection.py::test_create_object_command_selects_object_on_execute_and_redo PASSED [  6%]
tests/test_critical_numeric_coverage.py::test_chaikin_preserves_open_endpoints_and_grows_deterministically PASSED [  6%]
tests/test_critical_numeric_coverage.py::test_chaikin_handles_noop_and_malformed_input_without_mutating_source PASSED [  6%]
tests/test_critical_numeric_coverage.py::test_catmull_rom_open_and_closed_segments_have_expected_endpoints PASSED [  6%]
tests/test_critical_numeric_coverage.py::test_normalize_array_covers_range_constant_and_malformed_inputs PASSED [  6%]
tests/test_critical_numeric_coverage.py::test_edge_detectors_accept_gray_and_rgb_and_preserve_shape PASSED [  6%]
tests/test_critical_numeric_coverage.py::test_log_response_rejects_invalid_sigma[0] PASSED [  6%]
tests/test_critical_numeric_coverage.py::test_log_response_rejects_invalid_sigma[-1.0] PASSED [  6%]
tests/test_critical_numeric_coverage.py::test_log_response_and_multiscale_reject_invalid_contracts PASSED [  6%]
tests/test_critical_numeric_coverage.py::test_multiscale_default_and_custom_weights_are_finite PASSED [  6%]
tests/test_critical_numeric_coverage.py::test_has_cuda_handles_available_missing_and_failed_runtime PASSED [  6%]
tests/test_critical_numeric_coverage.py::test_to_qimage_supports_gray_bgr_bgra_and_noncontiguous_arrays[array0] PASSED [  6%]
tests/test_critical_numeric_coverage.py::test_to_qimage_supports_gray_bgr_bgra_and_noncontiguous_arrays[array1] PASSED [  6%]
tests/test_critical_numeric_coverage.py::test_to_qimage_supports_gray_bgr_bgra_and_noncontiguous_arrays[array2] PASSED [  6%]
tests/test_critical_numeric_coverage.py::test_to_qimage_supports_pillow_modes[pil_image0] PASSED [  6%]
tests/test_critical_numeric_coverage.py::test_to_qimage_supports_pillow_modes[pil_image1] PASSED [  6%]
tests/test_critical_numeric_coverage.py::test_to_qimage_supports_pillow_modes[pil_image2] PASSED [  6%]
tests/test_critical_numeric_coverage.py::test_to_qimage_supports_pillow_modes[pil_image3] PASSED [  6%]
tests/test_critical_numeric_coverage.py::test_to_qimage_rejects_none_objects_and_invalid_array_dimensions PASSED [  6%]
tests/test_critical_numeric_coverage.py::test_cpu_xray_modes_return_three_channel_uint8[1] PASSED [  6%]
tests/test_critical_numeric_coverage.py::test_cpu_xray_modes_return_three_channel_uint8[2] PASSED [  6%]
tests/test_critical_numeric_coverage.py::test_cpu_xray_modes_return_three_channel_uint8[3] PASSED [  6%]
tests/test_critical_numeric_coverage.py::test_cpu_xray_modes_return_three_channel_uint8[99] PASSED [  6%]
tests/test_critical_numeric_coverage.py::test_generate_xray_uses_cpu_and_falls_back_when_gpu_fails PASSED [  6%]
tests/test_critical_numeric_coverage.py::test_polygon_mask_roundtrip_reuse_and_empty_contract PASSED [  6%]
tests/test_critical_numeric_coverage.py::test_expand_contract_and_invert_selection_have_real_geometric_effect PASSED [  7%]
tests/test_critical_numeric_coverage.py::test_config_roundtrip_defaults_unknown_key_and_atomic_replace PASSED [  7%]
tests/test_critical_numeric_coverage.py::test_config_corruption_is_backed_up_and_defaults_are_retained[{broken] PASSED [  7%]
tests/test_critical_numeric_coverage.py::test_config_corruption_is_backed_up_and_defaults_are_retained[{"zoom": 0}] PASSED [  7%]
tests/test_critical_numeric_coverage.py::test_config_failed_replace_preserves_destination_and_cleans_temp PASSED [  7%]
tests/test_critical_ui_coverage.py::test_selection_tool_selects_topmost_object_and_clears_empty_click PASSED [  7%]
tests/test_critical_ui_coverage.py::test_selection_tool_ignores_non_left_and_short_polygons PASSED [  7%]
tests/test_critical_ui_coverage.py::test_selection_tool_routes_right_click_to_canvas_context_menu PASSED [  7%]
tests/test_critical_ui_coverage.py::test_new_tool_inherits_canvas_language_for_context_menus PASSED [  7%]
tests/test_critical_ui_coverage.py::test_global_canvas_context_menu_does_not_add_empty_separator PASSED [  7%]
tests/test_critical_ui_coverage.py::test_lasso_mouse_flow_sampling_commit_undo_redo_and_cancel PASSED [  7%]
tests/test_critical_ui_coverage.py::test_lasso_incomplete_release_right_click_and_overlay PASSED [  7%]
tests/test_critical_ui_coverage.py::test_polygonal_click_close_double_click_and_failure_preservation PASSED [  7%]
tests/test_critical_ui_coverage.py::test_polygonal_overlay_history_context_branch_and_cancel PASSED [  7%]
tests/test_critical_ui_coverage.py::test_rect_selection_drag_square_commit_and_history PASSED [  7%]
tests/test_critical_ui_coverage.py::test_rect_selection_negative_drag_degenerate_cancel_and_right_click PASSED [  7%]
tests/test_critical_ui_coverage.py::test_gizmo_hit_testing_and_hover_transitions[point0-3] PASSED [  7%]
tests/test_critical_ui_coverage.py::test_gizmo_hit_testing_and_hover_transitions[point1-1] PASSED [  7%]
tests/test_critical_ui_coverage.py::test_gizmo_hit_testing_and_hover_transitions[point2-2] PASSED [  7%]
tests/test_critical_ui_coverage.py::test_gizmo_hit_testing_and_hover_transitions[point3-0] PASSED [  7%]
tests/test_critical_ui_coverage.py::test_gizmo_draws_each_active_state_offscreen[0] PASSED [  7%]
tests/test_critical_ui_coverage.py::test_gizmo_draws_each_active_state_offscreen[1] PASSED [  7%]
tests/test_critical_ui_coverage.py::test_gizmo_draws_each_active_state_offscreen[2] PASSED [  7%]
tests/test_critical_ui_coverage.py::test_collision_overlay_visibility_shapes_colors_and_centers PASSED [  7%]
tests/test_critical_ui_coverage.py::test_collision_overlay_skips_invalid_indicators_and_zero_mtv PASSED [  7%]
tests/test_document_index_canonical_contract.py::CanonicalDocumentIndexContractTests::test_canonical_index_points_to_canonical_registry PASSED [  7%]
tests/test_documentation_state_contracts.py::test_readme_reports_versioned_project_and_current_stage PASSED [  8%]
tests/test_documentation_state_contracts.py::test_package_5c_evidence_does_not_repeat_false_bezier_limitation PASSED [  8%]
tests/test_documentation_state_contracts.py::test_live_documents_identify_final_main_and_closed_stage PASSED [  8%]
tests/test_documentation_state_contracts.py::test_superseded_documents_have_historical_classification PASSED [  8%]
tests/test_documentation_state_contracts.py::test_governance_requires_sha_bound_ci_and_historical_snapshots PASSED [  8%]
tests/test_documentation_state_contracts.py::test_live_documents_describe_postmerge_state_without_stale_gates PASSED [  8%]
tests/test_documentation_state_contracts.py::test_stage5_closure_report_is_complete_and_final PASSED [  8%]
tests/test_documentation_state_contracts.py::test_package_5c_evidence_records_v3_through_v40_truthfully PASSED [  8%]
tests/test_documentation_state_contracts.py::test_evidence_policy_requires_complete_untracked_scope PASSED [  8%]
tests/test_documentation_state_contracts.py::test_reconciled_documents_have_one_terminal_newline_without_blank_eof PASSED [  8%]
tests/test_documentation_state_contracts.py::test_package_5c_current_metrics_are_bound_to_the_v41_execution PASSED [  8%]
tests/test_documentation_state_contracts.py::test_bezier_polygon_invariant_is_governed_and_reported PASSED [  8%]
tests/test_documentation_state_contracts.py::test_deterministic_polygon_fallback_is_governed_and_reported PASSED [  8%]
tests/test_documentation_state_contracts.py::test_numeric_domain_and_optional_dependency_independence_are_governed PASSED [  8%]
tests/test_documentation_state_contracts.py::test_unrepresentable_bezier_conversion_is_centralized_and_reported PASSED [  8%]
tests/test_documentation_state_contracts.py::test_stable_cubic_and_opt_in_repair_are_governed_and_reported PASSED [  8%]
tests/test_documentation_state_contracts.py::test_handle_index_type_contract_is_strict_and_reported PASSED [  8%]
tests/test_documentation_state_contracts.py::test_audit_remediation_and_security_gates_are_fail_closed PASSED [  8%]
tests/test_documentation_state_contracts.py::test_live_closure_claims_only_proven_merge_and_not_release PASSED [  8%]
tests/test_documentation_state_contracts.py::test_stage6_closure_is_bound_to_merge_and_postmerge_ci PASSED [  8%]
tests/test_documentation_state_contracts.py::test_critical_coverage_evidence_keeps_residual_risk_open PASSED [  8%]
tests/test_documentation_state_contracts.py::test_stage7_cli_evidence_is_premerge_and_keeps_risk_open PASSED [  8%]
tests/test_documentation_state_contracts.py::test_stage8_geometry_evidence_is_premerge_and_keeps_risk_open PASSED [  8%]
tests/test_documentation_state_contracts.py::test_stage8_closure_is_bound_to_merge_and_postmerge_ci PASSED [  8%]
tests/test_documentation_state_contracts.py::test_stage7_closure_is_bound_to_merge_and_postmerge_ci PASSED [  8%]
tests/test_documentation_state_contracts.py::test_stage9_closure_is_bound_to_merge_and_postmerge_ci PASSED [  8%]
tests/test_documentation_state_contracts.py::test_stage10_remote_evidence_history_is_preserved_without_overstatement PASSED [  8%]
tests/test_documentation_state_contracts.py::test_stage11_package_1_is_local_partial_and_keeps_r003_open PASSED [  9%]
tests/test_documentation_state_contracts.py::test_stage11_packages_and_closure_are_preserved PASSED [  9%]
tests/test_documentation_state_contracts.py::test_stage12_premerge_evidence_preserves_historical_open_state PASSED [  9%]
tests/test_documentation_state_contracts.py::test_stage12_closure_is_bound_to_merge_and_postmerge_ci PASSED [  9%]
tests/test_documentation_state_contracts.py::test_stage12_final_closure_is_bound_to_documental_merge_and_ci PASSED [  9%]
tests/test_documentation_state_contracts.py::test_stage13_premerge_evidence_keeps_r011_and_release_open PASSED [  9%]
tests/test_documentation_state_contracts.py::test_stage13_postmerge_closure_records_integrated_state_without_release PASSED [  9%]
tests/test_documentation_state_contracts.py::test_stage14_premerge_candidate_records_real_builds_and_release_blockers PASSED [  9%]
tests/test_documentation_state_contracts.py::test_stage14_engine_reports_match_manifested_real_fixtures PASSED [  9%]
tests/test_e01_backend_bench.py::test_e01_backend_fixture_declares_required_scene_contract PASSED [  9%]
tests/test_e01_backend_bench.py::test_e01_backend_fixture_raster_frame_is_nonempty_and_deterministic PASSED [  9%]
tests/test_e04_tilemap_contract.py::test_tileset_ids_are_position_independent_and_atlas_hash_is_verified PASSED [  9%]
tests/test_e04_tilemap_contract.py::test_sparse_map_stores_negative_cells_by_floor_chunk PASSED [  9%]
tests/test_e04_tilemap_contract.py::test_apply_deltas_validates_all_changes_before_mutating PASSED [  9%]
tests/test_e04_tilemap_contract.py::test_remove_cell_releases_empty_chunk PASSED [  9%]
tests/test_e04_tilemap_contract.py::test_locked_layer_rejects_mutation PASSED [  9%]
tests/test_e04_tilemap_contract.py::test_bounds_reject_coordinates_outside_map PASSED [  9%]
tests/test_e04_tilemap_contract.py::test_serialization_is_deterministic_and_contains_sparse_cells PASSED [  9%]
tests/test_e04_tilemap_contract.py::test_all_grids_round_trip_signed_coordinates[orthogonal] PASSED [  9%]
tests/test_e04_tilemap_contract.py::test_all_grids_round_trip_signed_coordinates[isometric] PASSED [  9%]
tests/test_e04_tilemap_contract.py::test_all_grids_round_trip_signed_coordinates[hexagonal] PASSED [  9%]
tests/test_e04_tilemap_contract.py::test_orthogonal_picking_uses_floor_for_negative_coordinates PASSED [  9%]
tests/test_e04_tilemap_contract.py::test_isometric_neighbors_are_cardinal_and_deterministic PASSED [  9%]
tests/test_e04_tilemap_contract.py::test_hexagonal_uses_axial_six_neighborhood PASSED [  9%]
tests/test_e04_tilemap_contract.py::test_invalid_tileset_and_chunk_contracts_fail_closed PASSED [  9%]
tests/test_e04_tilemap_contract.py::test_chunk_benchmark_reports_sparse_geometry_for_each_candidate PASSED [  9%]
tests/test_e04_tilemap_contract.py::test_paint_line_is_one_undoable_transaction_and_redoable PASSED [ 10%]
tests/test_e04_tilemap_contract.py::test_rectangle_and_eraser_cover_cells_without_snapshot_copy PASSED [ 10%]
tests/test_e04_tilemap_contract.py::test_bucket_fill_is_bounded_and_uses_grid_neighborhood PASSED [ 10%]
tests/test_e04_tilemap_contract.py::test_bucket_fill_limit_rejects_unbounded_work PASSED [ 10%]
tests/test_e04_tilemap_contract.py::test_copy_paste_is_relative_and_deterministic_variation_is_order_independent PASSED [ 10%]
tests/test_e04_tilemap_contract.py::test_variation_paints_only_selected_rectangle_and_is_reproducible PASSED [ 10%]
tests/test_e04_tilemap_contract.py::test_rule_tiles_use_priority_fallback_and_neighbor_invalidation PASSED [ 10%]
tests/test_e04_tilemap_contract.py::test_rule_tiles_reject_ambiguity_unknown_dependency_and_cycles PASSED [ 10%]
tests/test_e04_tilemap_contract.py::test_rule_tiles_round_trip_is_strict_and_tilemap_extensions_are_optional PASSED [ 10%]
tests/test_e04_tilemap_contract.py::test_tilemap_save_reopen_preserves_cells_layers_and_lock PASSED [ 10%]
tests/test_e04_tilemap_contract.py::test_tilemap_loader_rejects_invalid_format_and_duplicate_cells PASSED [ 10%]
tests/test_e04_tilemap_ui.py::test_tilemap_panel_exposes_ptbr_flow_and_persists_user_edits PASSED [ 10%]
tests/test_e04_tilemap_ui.py::test_tilemap_panel_exposes_advanced_tools_and_real_gestures PASSED [ 10%]
tests/test_e04_tilemap_ui.py::test_tilemap_selection_copy_paste_variation_rules_and_persistence PASSED [ 10%]
tests/test_e04_tilemap_ui.py::test_tilemap_advanced_tools_are_transactional_and_picker_selects_tile PASSED [ 10%]
tests/test_e04_tilemap_ui.py::test_tilemap_drag_is_one_undoable_gesture PASSED [ 10%]
tests/test_e04_tilemap_ui.py::test_tilemap_actions_fit_narrow_professional_inspector PASSED [ 10%]
tests/test_e04_tilemap_ui.py::test_tilemap_advanced_tools_preserve_locked_layer_failure PASSED [ 10%]
tests/test_e04_tilemap_ui.py::test_tilemap_panel_undo_redo_and_grid_switch_are_observable PASSED [ 10%]
tests/test_e04_tilemap_ui.py::test_tilemap_panel_localizes_status_messages PASSED [ 10%]
tests/test_e05_collider_commands.py::test_create_move_duplicate_visibility_remove_and_undo_redo_use_deltas PASSED [ 10%]
tests/test_e05_collider_commands.py::test_stale_state_rejects_before_mutation_and_clears_redo_after_new_edit PASSED [ 10%]
tests/test_e05_collider_commands.py::test_missing_and_empty_history_operations_are_explicit PASSED [ 10%]
tests/test_e05_collider_persistence.py::test_save_reopen_preserves_independent_colliders_and_trigger_consumer PASSED [ 10%]
tests/test_e05_collider_persistence.py::test_loader_rejects_unknown_format_duplicate_ids_and_invalid_geometry PASSED [ 10%]
tests/test_e05_collider_persistence.py::test_category_mask_can_block_a_contact_before_consumer_reports_it PASSED [ 10%]
tests/test_e05_collider_ui.py::test_collider_panel_creates_saves_reopens_and_undoes_in_portuguese PASSED [ 11%]
tests/test_e05_collider_ui.py::test_collider_panel_switches_language_and_removes_selection PASSED [ 11%]
tests/test_e05_colliders_contract.py::test_all_e05_geometry_kinds_are_explicit_and_serializable PASSED [ 11%]
tests/test_e05_colliders_contract.py::test_validation_rejects_degenerate_and_nonrepresentable_shapes PASSED [ 11%]
tests/test_e05_colliders_contract.py::test_masks_entities_and_transforms_are_bounded PASSED [ 11%]
tests/test_e05_colliders_contract.py::test_document_mutations_are_bounded_and_duplicate_safe PASSED [ 11%]
tests/test_e06_navmesh_contract.py::test_bake_routes_around_obstacle_and_is_deterministic PASSED [ 11%]
tests/test_e06_navmesh_contract.py::test_source_change_obsoletes_bake_and_persistence_round_trip PASSED [ 11%]
tests/test_e06_navmesh_contract.py::test_persisted_bake_reopens_when_source_is_unchanged PASSED [ 11%]
tests/test_e06_navmesh_contract.py::test_navmesh_rejects_canonical_negatives[<lambda>-invalid_agent_radius] PASSED [ 11%]
tests/test_e06_navmesh_contract.py::test_navmesh_rejects_canonical_negatives[<lambda>-no_walkable_region] PASSED [ 11%]
tests/test_e06_navmesh_contract.py::test_navmesh_rejects_canonical_negatives[<lambda>-point_outside_region] PASSED [ 11%]
tests/test_e06_navmesh_ui.py::test_navmesh_panel_runs_surface_flow_and_persists PASSED [ 11%]
tests/test_e06_navmesh_ui.py::test_navmesh_panel_marks_bake_obsolete_after_source_edit PASSED [ 11%]
tests/test_e07_entities_contract.py::test_e07_entities_roundtrip_preserves_identity_components_and_instance_source PASSED [ 11%]
tests/test_e07_entities_contract.py::test_e07_rejects_duplicate_entity_and_component_ids PASSED [ 11%]
tests/test_e07_entities_contract.py::test_e07_rejects_invalid_component_version_layer_and_instance_source PASSED [ 11%]
tests/test_e07_entities_contract.py::test_e07_spatial_parent_is_distinct_and_cycle_safe PASSED [ 11%]
tests/test_e07_entities_contract.py::test_e07_prefab_lifecycle_preserves_overrides_and_detaches PASSED [ 11%]
tests/test_e07_entities_contract.py::test_e07_prefab_operations_reject_missing_and_duplicate_identity PASSED [ 11%]
tests/test_e07_entities_ui.py::test_e07_panel_drives_prefab_acceptance_flow PASSED [ 11%]
tests/test_e08_fx_authoring.py::test_particle_preview_is_seeded_and_observable PASSED [ 11%]
tests/test_e08_fx_authoring.py::test_vfx_socket_creates_particle_pixels_in_professional_viewport PASSED [ 11%]
tests/test_e08_fx_authoring.py::test_post_process_preview_is_ordered_and_observable PASSED [ 11%]
tests/test_e08_fx_authoring.py::test_post_process_socket_creates_overlay_in_professional_viewport PASSED [ 11%]
tests/test_e08_lighting_pixels.py::test_zero_intensity_is_observable_and_deterministic PASSED [ 11%]
tests/test_e08_lighting_pixels.py::test_normal_map_perturbation_changes_lit_pixels PASSED [ 11%]
tests/test_e08_lighting_pixels.py::test_occluder_blocks_light_but_emission_survives PASSED [ 12%]
tests/test_e08_lighting_pixels.py::test_authored_light_socket_parameters_are_valid_renderer_inputs PASSED [ 12%]
tests/test_e08_material_authoring.py::test_v2_material_is_typed_and_changes_renderer_pixels PASSED [ 12%]
tests/test_e08_material_authoring.py::test_v2_material_save_reopen_preserves_all_authoring_fields PASSED [ 12%]
tests/test_e08_material_authoring.py::test_material_inspector_edit_is_transactional_and_undoable PASSED [ 12%]
tests/test_e08_material_authoring.py::test_material_inspector_can_initialize_material_for_new_v2_object PASSED [ 12%]
tests/test_e08_material_authoring.py::test_material_inspector_initialized_material_survives_save_reopen PASSED [ 12%]
tests/test_e08_parallax_contract.py::test_legacy_defaults_preserve_projection_exactly PASSED [ 12%]
tests/test_e08_parallax_contract.py::test_axis_scroll_offsets_and_negative_motion_are_independent PASSED [ 12%]
tests/test_e08_parallax_contract.py::test_repeat_and_mirror_variants_are_deterministic_and_seam_ready PASSED [ 12%]
tests/test_e08_parallax_contract.py::test_e08b_limits_and_types_are_fail_closed[<lambda>0] PASSED [ 12%]
tests/test_e08_parallax_contract.py::test_e08b_limits_and_types_are_fail_closed[<lambda>1] PASSED [ 12%]
tests/test_e08_parallax_contract.py::test_e08b_limits_and_types_are_fail_closed[<lambda>2] PASSED [ 12%]
tests/test_e08_parallax_contract.py::test_e08b_limits_and_types_are_fail_closed[<lambda>3] PASSED [ 12%]
tests/test_e08_parallax_contract.py::test_e08b_limits_and_types_are_fail_closed[<lambda>4] PASSED [ 12%]
tests/test_e08_parallax_contract.py::test_e08b_limits_and_types_are_fail_closed[<lambda>5] PASSED [ 12%]
tests/test_e08_parallax_contract.py::test_schema_round_trip_and_runtime_bridge_preserve_new_fields PASSED [ 12%]
tests/test_e08_parallax_contract.py::test_transactional_edit_updates_preview_without_double_application PASSED [ 12%]
tests/test_e08_parallax_contract.py::test_professional_inspector_localizes_e08b_controls PASSED [ 12%]
tests/test_e08_renderer_plan.py::test_render_plan_has_explicit_order_and_layer_bindings PASSED [ 12%]
tests/test_e08_renderer_plan.py::test_renderer_backend_fallback_is_explicit PASSED [ 12%]
tests/test_e08_renderer_plan.py::test_render_plan_cache_reuses_and_invalidates_deterministically PASSED [ 12%]
tests/test_e08_renderer_plan.py::test_render_plan_rejects_invalid_viewport PASSED [ 12%]
tests/test_e08_temporal_qualification.py::test_particle_checkpoints_are_reproducible_at_declared_times PASSED [ 12%]
tests/test_e08_temporal_qualification.py::test_frame_comparison_records_visual_tolerance_and_rejects_excess PASSED [ 12%]
tests/test_e08_temporal_qualification.py::test_capability_matrix_is_explicit_about_local_and_destinations PASSED [ 12%]
tests/test_e08_temporal_qualification.py::test_qualification_document_is_canonical_and_rejects_duplicate_samples PASSED [ 13%]
tests/test_e09_contour_editing.py::test_manual_edit_undo_redo_and_provenance_are_preserved PASSED [ 13%]
tests/test_e09_contour_editing.py::test_invalid_manual_edit_is_rejected_without_mutating_state PASSED [ 13%]
tests/test_e09_contour_editing.py::test_simplification_is_transactional_and_recorded PASSED [ 13%]
tests/test_e09_contour_editing.py::test_cancel_restores_original_and_blocks_later_mutation PASSED [ 13%]
tests/test_e09_contour_editing.py::test_remove_and_insert_keep_polygon_valid_and_report_limits PASSED [ 13%]
tests/test_e09_vector_contour_panel.py::test_native_contour_flow_detect_edit_undo_redo_cancel_and_create PASSED [ 13%]
tests/test_e09_vector_contour_panel.py::test_native_contour_flow_reports_missing_asset PASSED [ 13%]
tests/test_e09_vector_scene_resource.py::test_build_vector_geometry_preserves_edit_and_generates_collision PASSED [ 13%]
tests/test_e09_vector_scene_resource.py::test_invalid_edited_geometry_never_creates_an_object PASSED [ 13%]
tests/test_e09_vector_scene_resource.py::test_vector_object_undo_redo_duplicate_and_save_reopen PASSED [ 13%]
tests/test_e09_vector_scene_resource.py::test_vector_object_persistence_rejects_tampered_source_asset PASSED [ 13%]
tests/test_e09_vector_scene_resource.py::test_vector_object_export_roundtrip_preserves_geometry PASSED [ 13%]
tests/test_e09_vectorization.py::test_vectorization_is_deterministic_and_preserves_source_provenance PASSED [ 13%]
tests/test_e09_vectorization.py::test_luminance_channel_detects_rgb_source PASSED [ 13%]
tests/test_e09_vectorization.py::test_vectorization_rejects_invalid_or_empty_contracts[kwargs0-empty_mask] PASSED [ 13%]
tests/test_e09_vectorization.py::test_vectorization_rejects_invalid_or_empty_contracts[kwargs1-invalid_vertex_limit] PASSED [ 13%]
tests/test_e09_vectorization.py::test_vectorization_rejects_invalid_or_empty_contracts[kwargs2-invalid_epsilon] PASSED [ 13%]
tests/test_e09_vectorization.py::test_vectorization_rejects_unreadable_and_unsupported_topology PASSED [ 13%]
tests/test_e09_vectorization.py::test_vectorization_rejects_source_mutation_between_calls PASSED [ 13%]
tests/test_e27_collision_gizmo_lifecycle.py::test_context_scale_selects_object_and_delegates_to_gizmo PASSED [ 13%]
tests/test_e27_collision_gizmo_lifecycle.py::test_context_edit_transfers_selection_to_polygon_editor PASSED [ 13%]
tests/test_e27_collision_gizmo_lifecycle.py::test_gizmo_scale_sensitivity_is_predictable PASSED [ 13%]
tests/test_e28_viewport_inspector_audit.py::test_context_focus_uses_quiet_toolbar_framing PASSED [ 13%]
tests/test_e28_viewport_inspector_audit.py::test_polygon_edit_delete_is_scoped_to_selected_vertex_or_object PASSED [ 13%]
tests/test_e28_viewport_inspector_audit.py::test_numeric_fields_support_label_scrubbing_and_ignore_wheel PASSED [ 13%]
tests/test_e29_polygon_selection.py::test_right_click_vertex_binds_vertex_target_and_never_deletes_object PASSED [ 14%]
tests/test_e29_polygon_selection.py::test_context_menu_for_vertex_excludes_polygon_deletion PASSED [ 14%]
tests/test_e29_polygon_selection.py::test_ctrl_click_selects_multiple_vertices_and_deletes_them_as_one_command PASSED [ 14%]
tests/test_e29_polygon_selection.py::test_ctrl_click_selects_multiple_polygons PASSED [ 14%]
tests/test_e29_polygon_selection.py::test_selection_tool_ctrl_click_selects_multiple_objects PASSED [ 14%]
tests/test_error_presentation_contract.py::test_polygon_missing_model_or_history_rejects_before_mutation[gesture-missing] PASSED [ 14%]
tests/test_error_presentation_contract.py::test_polygon_missing_model_or_history_rejects_before_mutation[gesture-none] PASSED [ 14%]
tests/test_error_presentation_contract.py::test_polygon_missing_model_or_history_rejects_before_mutation[gesture-no_history] PASSED [ 14%]
tests/test_error_presentation_contract.py::test_polygon_missing_model_or_history_rejects_before_mutation[delete-missing] PASSED [ 14%]
tests/test_error_presentation_contract.py::test_polygon_missing_model_or_history_rejects_before_mutation[delete-none] PASSED [ 14%]
tests/test_error_presentation_contract.py::test_polygon_missing_model_or_history_rejects_before_mutation[delete-no_history] PASSED [ 14%]
tests/test_error_presentation_contract.py::test_build_p2d05_presentation_localizes_action_and_redacts_detail PASSED [ 14%]
tests/test_error_presentation_contract.py::test_modal_uses_real_qt_box_with_safe_details PASSED [ 14%]
tests/test_error_presentation_contract.py::test_status_channel_is_persistent_and_actionable PASSED [ 14%]
tests/test_error_presentation_contract.py::test_pen_invalid_close_preserves_nodes_model_and_history PASSED [ 14%]
tests/test_error_presentation_contract.py::test_pen_rejection_preserves_state_and_redacts_command_detail PASSED [ 14%]
tests/test_error_presentation_contract.py::test_polygon_selection_and_rejection_are_actionable_without_mutation PASSED [ 14%]
tests/test_error_presentation_gizmo_contract.py::test_rejected_gizmo_result_is_persistent_actionable_status_without_mutation PASSED [ 14%]
tests/test_error_presentation_gizmo_contract.py::test_failed_gizmo_result_uses_safe_modal_with_accessible_details PASSED [ 14%]
tests/test_error_presentation_gizmo_contract.py::test_gizmo_requires_history_and_preserves_state PASSED [ 14%]
tests/test_error_presentation_gizmo_contract.py::test_preview_failure_rolls_back_and_never_exposes_raw_detail PASSED [ 14%]
tests/test_error_presentation_gizmo_contract.py::test_commit_failure_rolls_back_preview_without_history PASSED [ 14%]
tests/test_error_presentation_gizmo_contract.py::test_cancel_failure_reports_error_and_does_not_overwrite_external_state PASSED [ 14%]
tests/test_error_presentation_gizmo_contract.py::test_vertex_gizmo_start_exception_uses_same_safe_boundary PASSED [ 14%]
tests/test_error_presentation_gizmo_contract.py::test_gizmo_constructor_failure_uses_safe_modal PASSED [ 14%]
tests/test_error_presentation_gizmo_contract.py::test_preview_failure_with_rollback_failure_still_surfaces_safe_error PASSED [ 14%]
tests/test_error_presentation_gizmo_contract.py::test_commit_failure_with_rollback_failure_still_surfaces_safe_error PASSED [ 14%]
tests/test_error_presentation_layers_panel_contract.py::test_rejected_layer_command_uses_persistent_status_without_mutation PASSED [ 15%]
tests/test_error_presentation_layers_panel_contract.py::test_failed_layer_command_uses_safe_modal_with_details PASSED [ 15%]
tests/test_error_presentation_layers_panel_contract.py::test_missing_layer_history_uses_safe_modal_and_preserves_state PASSED [ 15%]
tests/test_error_presentation_layers_panel_contract.py::test_layer_action_exception_uses_safe_modal_without_mutation PASSED [ 15%]
tests/test_error_presentation_layers_panel_contract.py::test_layers_panel_forwards_language_to_p2d05_status PASSED [ 15%]
tests/test_error_presentation_side_panel_contract.py::test_rejected_numeric_transform_uses_persistent_status_without_mutation PASSED [ 15%]
tests/test_error_presentation_side_panel_contract.py::test_failed_numeric_transform_uses_safe_critical_modal_and_preserves_state PASSED [ 15%]
tests/test_error_presentation_side_panel_contract.py::test_invalid_numeric_transform_uses_status_and_keeps_history_unchanged PASSED [ 15%]
tests/test_error_presentation_side_panel_contract.py::test_missing_transform_history_uses_safe_critical_modal PASSED [ 15%]
tests/test_error_presentation_side_panel_contract.py::test_unexpected_transform_exception_uses_redacted_critical_modal PASSED [ 15%]
tests/test_evidence_integrity.py::test_canonical_text_bytes_normalizes_all_supported_line_endings PASSED [ 15%]
tests/test_evidence_integrity.py::test_write_text_lf_never_emits_crlf PASSED [ 15%]
tests/test_evidence_integrity.py::test_manifest_entry_extraction_covers_supported_shapes PASSED [ 15%]
tests/test_evidence_integrity.py::test_validator_rejects_noncanonical_bytes_and_then_stale_hash PASSED [ 15%]
tests/test_evidence_integrity.py::test_validator_blocks_untracked_references_when_required PASSED [ 15%]
tests/test_evidence_integrity.py::test_validator_reads_member_from_evidence_zip PASSED [ 15%]
tests/test_evidence_integrity.py::test_git_blob_mode_validates_index_bytes_not_worktree_conversion PASSED [ 15%]
tests/test_evidence_integrity.py::test_git_blob_batch_reader_reuses_one_process_for_staged_and_revision_bytes PASSED [ 15%]
tests/test_evidence_integrity.py::test_historical_source_commit_keeps_snapshot_immutable PASSED [ 15%]
tests/test_evidence_integrity.py::test_ci_requires_strict_evidence_gate_in_both_jobs PASSED [ 15%]
tests/test_evidence_privacy.py::test_versioned_evidence_artifacts_contain_no_unredacted_host_data PASSED [ 15%]
tests/test_evidence_privacy.py::test_stage5_and_stage8_sanitizers_redact_engine_host_data PASSED [ 15%]
tests/test_evidence_privacy.py::test_sanitizers_preserve_json_structure PASSED [ 15%]
tests/test_export.py::test_export_json_metadata PASSED                   [ 15%]
tests/test_export.py::test_export_gltf PASSED                            [ 15%]
tests/test_export.py::test_export_sprite PASSED                          [ 15%]
tests/test_export.py::test_export_atlas PASSED                           [ 16%]
tests/test_export_dialog_metadata.py::test_dialog_exposes_all_metadata_profiles PASSED [ 16%]
tests/test_export_dialog_metadata.py::test_export_selected_metadata_from_dialog[generic-id] PASSED [ 16%]
tests/test_export_dialog_metadata.py::test_export_selected_metadata_from_dialog[godot-offset] PASSED [ 16%]
tests/test_export_dialog_metadata.py::test_export_selected_metadata_from_dialog[unity-border] PASSED [ 16%]
tests/test_export_dialog_metadata.py::test_export_selected_metadata_from_dialog[phaser-frame] PASSED [ 16%]
tests/test_export_dialog_metadata.py::test_metadata_export_does_not_require_source_image PASSED [ 16%]
tests/test_export_dialog_metadata.py::test_metadata_export_requires_a_selected_object PASSED [ 16%]
tests/test_export_dialog_metadata.py::test_safe_filename_for_metadata_export PASSED [ 16%]
tests/test_export_dialog_metadata.py::test_validation_mode_uses_private_output_without_save_dialog PASSED [ 16%]
tests/test_export_dialog_metadata.py::test_failed_validation_postcondition_records_one_domain_failure PASSED [ 16%]
tests/test_formal_legacy_gate.py::test_canonical_hash_is_independent_of_text_line_endings PASSED [ 16%]
tests/test_formal_legacy_gate.py::test_current_contract_resolves_all_legacy_cases_without_rewriting_history PASSED [ 16%]
tests/test_formal_legacy_gate.py::test_current_contract_rejects_an_unreviewed_case PASSED [ 16%]
tests/test_formal_legacy_gate.py::test_current_contract_rejects_a_changed_replacement_mapping PASSED [ 16%]
tests/test_formal_legacy_reconciliation.py::test_formal_gate_accepts_current_contract_without_rewriting_history PASSED [ 16%]
tests/test_formal_legacy_reconciliation.py::test_manifest_inventory_uses_tracked_audit_when_sources_are_absent PASSED [ 16%]
tests/test_full_behavior.py::TestAppBehavior::test_01_command_undo_redo_flow PASSED [ 16%]
tests/test_full_behavior.py::TestAppBehavior::test_02_scene_selection_logic PASSED [ 16%]
tests/test_full_behavior.py::TestAppBehavior::test_03_export_pipeline_integrity PASSED [ 16%]
tests/test_full_behavior.py::TestAppBehavior::test_04_physics_integration_in_scene PASSED [ 16%]
tests/test_functional_user_flows.py::test_every_palette_tool_completes_a_user_like_operation PASSED [ 16%]
tests/test_functional_user_flows.py::test_pen_invalid_close_preserves_preview_and_history PASSED [ 16%]
tests/test_functional_user_flows.py::test_user_flow_persists_and_exports_through_main_window_actions PASSED [ 16%]
tests/test_functional_user_flows.py::test_auxiliary_rail_actions_complete_user_like_flows PASSED [ 16%]
tests/test_functional_user_flows.py::test_reference_shell_preserves_control_geometry_and_tool_visibility PASSED [ 16%]
tests/test_gltf_exporter_contract.py::test_gltf_exporter_uses_single_src_implementation PASSED [ 17%]
tests/test_gltf_exporter_contract.py::test_gltf_fake_backend_exact_contract_is_frozen PASSED [ 17%]
tests/test_gltf_exporter_contract.py::test_gltf_atomic_replacement_and_failure_cleanup_are_preserved PASSED [ 17%]
tests/test_gltf_exporter_contract.py::test_gltf_failure_contracts_are_preserved PASSED [ 17%]
tests/test_gltf_exporter_contract.py::test_gltf_fake_backend_is_restored_after_each_test PASSED [ 17%]
tests/test_gltf_exporter_contract.py::test_gltf_glb_persistence_prefers_binary_save_and_rejects_false PASSED [ 17%]
tests/test_gltf_exporter_contract.py::test_gltf_required_pygltflib_dependency_is_available PASSED [ 17%]
tests/test_gltf_exporter_contract.py::test_gltf_real_glb_structure_and_binary_contract PASSED [ 17%]
tests/test_gltf_exporter_contract.py::test_gltf_real_single_object_export_contract PASSED [ 17%]
tests/test_godot_plugin_scaffold.py::test_godot_addon_is_source_only_and_has_stable_identity PASSED [ 17%]
tests/test_godot_plugin_scaffold.py::test_godot_addon_package_is_deterministic_and_contains_only_sources PASSED [ 17%]
tests/test_governance_evidence_canonical_contract.py::CanonicalEvidenceContractTests::test_canonical_collector_accepts_zero_padded_phase PASSED [ 17%]
tests/test_governance_evidence_canonical_contract.py::CanonicalEvidenceContractTests::test_canonical_registry_and_index PASSED [ 17%]
tests/test_governance_evidence_negative_contract.py::GovernanceEvidenceNegativeContractTests::test_duplicate_ids_fail_without_repair PASSED [ 17%]
tests/test_governance_evidence_negative_contract.py::GovernanceEvidenceNegativeContractTests::test_unapproved_skips_fail_the_official_input PASSED [ 17%]
tests/test_governance_evidence_pipeline.py::GovernanceEvidencePipelineTests::test_canonical_registry_and_document_index PASSED [ 17%]
tests/test_governance_evidence_pipeline.py::GovernanceEvidencePipelineTests::test_duplicate_declared_ids_are_rejected PASSED [ 17%]
tests/test_governance_evidence_pipeline.py::GovernanceEvidencePipelineTests::test_official_package_is_created_from_canonical_inputs PASSED [ 17%]
tests/test_governance_official_entrypoint.py::OfficialEvidenceEntrypointTests::test_clean_worktree_is_eligible_for_official_evidence PASSED [ 17%]
tests/test_governance_official_entrypoint.py::OfficialEvidenceEntrypointTests::test_dirty_worktree_is_not_eligible_for_official_evidence PASSED [ 17%]
tests/test_grabcut_pipeline.py::test_grabcut_returns_real_mask_and_roi_metrics PASSED [ 17%]
tests/test_grabcut_pipeline.py::test_grabcut_detection_preserves_hierarchy_contract PASSED [ 17%]
tests/test_grabcut_pipeline.py::test_grabcut_rejects_missing_or_invalid_roi PASSED [ 17%]
tests/test_grabcut_pipeline.py::test_segmentation_input_contracts_and_all_components PASSED [ 17%]
tests/test_grabcut_pipeline.py::test_segmentation_roi_and_contour_contracts PASSED [ 17%]
tests/test_grabcut_pipeline.py::test_collision_strategies_and_normalized_failures PASSED [ 17%]
tests/test_grabcut_pipeline.py::test_compound_collision_is_consumed_exported_and_persisted PASSED [ 17%]
tests/test_grabcut_pipeline.py::test_mask_viewer_roi_and_layers_are_rendered PASSED [ 18%]
tests/test_grabcut_pipeline.py::test_segmentation_rejects_limits_and_normalizes_numeric_inputs PASSED [ 18%]
tests/test_grabcut_pipeline.py::test_segmentation_cleans_components_and_validates_mask_formats PASSED [ 18%]
tests/test_grabcut_pipeline.py::test_grabcut_validates_iteration_types_and_export_contracts PASSED [ 18%]
tests/test_grabcut_pipeline.py::test_mask_viewer_real_modes_layers_and_view_contracts PASSED [ 18%]
tests/test_grabcut_pipeline.py::test_detection_worker_and_collision_document_real_contracts PASSED [ 18%]
tests/test_grabcut_pipeline.py::test_collision_export_rejects_malformed_geometry_and_statistics PASSED [ 18%]
tests/test_grabcut_pipeline.py::test_mask_viewer_real_mouse_and_keyboard_events PASSED [ 18%]
tests/test_grabcut_pipeline.py::test_roi_clamping_and_empty_overlay_path PASSED [ 18%]
tests/test_grabcut_pipeline.py::test_roi_boundary_clamps_right_and_bottom_edges PASSED [ 18%]
tests/test_grabcut_pipeline.py::test_collision_export_rejects_non_numeric_and_malformed_points PASSED [ 18%]
tests/test_grabcut_pipeline.py::test_collision_text_supports_flat_destination PASSED [ 18%]
tests/test_independent_scene_contract.py::test_empty_scene_is_independent_and_has_explicit_canvas_contract PASSED [ 18%]
tests/test_independent_scene_contract.py::test_canonical_round_trip_and_exact_hash PASSED [ 18%]
tests/test_independent_scene_contract.py::test_session_new_update_save_save_as_and_reopen PASSED [ 18%]
tests/test_independent_scene_contract.py::test_resolution_limits_are_rejected[width-0] PASSED [ 18%]
tests/test_independent_scene_contract.py::test_resolution_limits_are_rejected[height-32769] PASSED [ 18%]
tests/test_independent_scene_contract.py::test_invalid_version_and_unknown_fields_are_rejected PASSED [ 18%]
tests/test_independent_scene_contract.py::test_malformed_json_bom_and_wrong_extension_are_rejected PASSED [ 18%]
tests/test_independent_scene_contract.py::test_external_change_is_rejected_without_overwriting_previous_file PASSED [ 18%]
tests/test_independent_scene_primitives.py::test_v2_document_is_explicit_successor_without_project_reference PASSED [ 18%]
tests/test_independent_scene_primitives.py::test_v1_upgrade_is_copy_and_preserves_authoring_defaults PASSED [ 18%]
tests/test_independent_scene_primitives.py::test_all_e02_primitive_kinds_validate[rectangle-points0-True-True] PASSED [ 18%]
tests/test_independent_scene_primitives.py::test_all_e02_primitive_kinds_validate[ellipse-points1-True-True] PASSED [ 18%]
tests/test_independent_scene_primitives.py::test_all_e02_primitive_kinds_validate[polygon-points2-True-True] PASSED [ 18%]
tests/test_independent_scene_primitives.py::test_all_e02_primitive_kinds_validate[path-points3-False-False] PASSED [ 18%]
tests/test_independent_scene_primitives.py::test_polygon_self_intersection_and_duplicate_points_are_rejected PASSED [ 19%]
tests/test_independent_scene_primitives.py::test_open_path_cannot_be_filled_and_transform_has_safe_bounds PASSED [ 19%]
tests/test_independent_scene_primitives.py::test_session_creates_three_shapes_and_round_trips_them PASSED [ 19%]
tests/test_independent_scene_primitives.py::test_session_undo_redo_duplicate_remove_and_transform PASSED [ 19%]
tests/test_independent_scene_primitives.py::test_session_rejects_locked_primitive_without_mutating_document PASSED [ 19%]
tests/test_independent_scene_primitives.py::test_session_batch_selection_translate_duplicate_and_remove PASSED [ 19%]
tests/test_independent_scene_primitives.py::test_session_batch_selection_respects_locked_objects PASSED [ 19%]
tests/test_independent_scene_primitives.py::test_point_edit_gesture_commits_and_supports_double_click_finalize PASSED [ 19%]
tests/test_independent_scene_primitives.py::test_point_edit_invalid_preview_does_not_mutate_and_escape_cancels PASSED [ 19%]
tests/test_independent_scene_primitives.py::test_point_edit_rejects_near_duplicate_preview_points PASSED [ 19%]
tests/test_independent_scene_primitives.py::test_point_edit_gesture_rejects_locked_primitive PASSED [ 19%]
tests/test_independent_scene_ui.py::test_independent_scene_window_new_save_save_as_reopen PASSED [ 19%]
tests/test_independent_scene_ui.py::test_independent_scene_window_is_reachable_from_main_window PASSED [ 19%]
tests/test_independent_scene_ui.py::test_independent_scene_action_opens_the_real_child_window PASSED [ 19%]
tests/test_independent_scene_ui.py::test_independent_scene_save_as_cancel_preserves_unsaved_document PASSED [ 19%]
tests/test_independent_scene_ui.py::test_independent_scene_window_creates_primitives_and_history PASSED [ 19%]
tests/test_independent_scene_ui.py::test_independent_scene_window_selection_transform_duplicate_remove_reopen PASSED [ 19%]
tests/test_independent_scene_ui.py::test_independent_scene_window_point_edit_commit_and_cancel PASSED [ 19%]
tests/test_integration_manifest.py::test_manifest_contains_real_image_and_metadata_hashes PASSED [ 19%]
tests/test_integration_manifest.py::test_manifest_supports_unity_without_changing_the_payload PASSED [ 19%]
tests/test_integration_manifest.py::test_manifest_save_is_deterministic_and_atomic PASSED [ 19%]
tests/test_integration_manifest.py::test_manifest_rejects_unsafe_image_references[] PASSED [ 19%]
tests/test_integration_manifest.py::test_manifest_rejects_unsafe_image_references[../source.png] PASSED [ 19%]
tests/test_integration_manifest.py::test_manifest_rejects_unsafe_image_references[/absolute/source.png] PASSED [ 19%]
tests/test_integration_manifest.py::test_manifest_rejects_unsafe_image_references[C:\\source.png] PASSED [ 19%]
tests/test_integration_manifest.py::test_manifest_rejects_payload_hash_drift PASSED [ 19%]
tests/test_integration_manifest.py::test_manifest_rejects_unknown_engine_and_schema_drift PASSED [ 20%]
tests/test_integration_manifest.py::test_manifest_build_rejects_invalid_inputs PASSED [ 20%]
tests/test_integration_manifest.py::test_manifest_validation_rejects_contract_mutations[<lambda>0] PASSED [ 20%]
tests/test_integration_manifest.py::test_manifest_validation_rejects_contract_mutations[<lambda>1] PASSED [ 20%]
tests/test_integration_manifest.py::test_manifest_validation_rejects_contract_mutations[<lambda>2] PASSED [ 20%]
tests/test_integration_manifest.py::test_manifest_validation_rejects_contract_mutations[<lambda>3] PASSED [ 20%]
tests/test_integration_manifest.py::test_manifest_validation_rejects_contract_mutations[<lambda>4] PASSED [ 20%]
tests/test_integration_manifest.py::test_manifest_validation_rejects_contract_mutations[<lambda>5] PASSED [ 20%]
tests/test_integration_manifest.py::test_manifest_validation_rejects_contract_mutations[<lambda>6] PASSED [ 20%]
tests/test_integration_manifest.py::test_manifest_validation_rejects_contract_mutations[<lambda>7] PASSED [ 20%]
tests/test_integration_manifest.py::test_manifest_validation_rejects_contract_mutations[<lambda>8] PASSED [ 20%]
tests/test_integration_manifest.py::test_manifest_validation_rejects_contract_mutations[<lambda>9] PASSED [ 20%]
tests/test_integration_manifest.py::test_manifest_validation_rejects_contract_mutations[<lambda>10] PASSED [ 20%]
tests/test_integration_manifest.py::test_manifest_validation_rejects_contract_mutations[<lambda>11] PASSED [ 20%]
tests/test_integration_manifest.py::test_manifest_validation_rejects_contract_mutations[<lambda>12] PASSED [ 20%]
tests/test_integration_manifest.py::test_manifest_validation_rejects_contract_mutations[<lambda>13] PASSED [ 20%]
tests/test_integration_manifest.py::test_manifest_validation_rejects_non_mapping_generator_and_metadata PASSED [ 20%]
tests/test_integration_manifest.py::test_advanced_manifest_consumes_real_atlas_output_and_is_deterministic PASSED [ 20%]
tests/test_integration_manifest.py::test_advanced_manifest_rejects_contract_drift[bleed] PASSED [ 20%]
tests/test_integration_manifest.py::test_advanced_manifest_rejects_contract_drift[engine_properties] PASSED [ 20%]
tests/test_integration_manifest.py::test_advanced_manifest_rejects_each_invalid_contract_section[advanced-object-<lambda>] PASSED [ 20%]
tests/test_integration_manifest.py::test_advanced_manifest_rejects_each_invalid_contract_section[advanced-schema-<lambda>] PASSED [ 20%]
tests/test_integration_manifest.py::test_advanced_manifest_rejects_each_invalid_contract_section[coordinates-object-<lambda>] PASSED [ 20%]
tests/test_integration_manifest.py::test_advanced_manifest_rejects_each_invalid_contract_section[coordinates-values-<lambda>] PASSED [ 20%]
tests/test_integration_manifest.py::test_advanced_manifest_rejects_each_invalid_contract_section[pixels-per-unit-<lambda>] PASSED [ 20%]
tests/test_integration_manifest.py::test_advanced_manifest_rejects_each_invalid_contract_section[atlas-object-<lambda>] PASSED [ 20%]
tests/test_integration_manifest.py::test_advanced_manifest_rejects_each_invalid_contract_section[atlas-pages-<lambda>] PASSED [ 20%]
tests/test_integration_manifest.py::test_advanced_manifest_rejects_each_invalid_contract_section[page-object-<lambda>] PASSED [ 21%]
tests/test_integration_manifest.py::test_advanced_manifest_rejects_each_invalid_contract_section[page-identity-<lambda>] PASSED [ 21%]
tests/test_integration_manifest.py::test_advanced_manifest_rejects_each_invalid_contract_section[page-hash-<lambda>] PASSED [ 21%]
tests/test_integration_manifest.py::test_advanced_manifest_rejects_each_invalid_contract_section[page-sprites-<lambda>] PASSED [ 21%]
tests/test_integration_manifest.py::test_advanced_manifest_rejects_each_invalid_contract_section[sprite-object-<lambda>] PASSED [ 21%]
tests/test_integration_manifest.py::test_advanced_manifest_rejects_each_invalid_contract_section[sprite-contract-<lambda>] PASSED [ 21%]
tests/test_integration_manifest.py::test_advanced_manifest_rejects_each_invalid_contract_section[sprite-identity-<lambda>] PASSED [ 21%]
tests/test_integration_manifest.py::test_advanced_manifest_rejects_each_invalid_contract_section[engine-properties-<lambda>] PASSED [ 21%]
tests/test_integration_manifest.py::test_advanced_manifest_rejects_each_invalid_contract_section[godot-properties-<lambda>] PASSED [ 21%]
tests/test_integration_manifest.py::test_advanced_manifest_rejects_each_invalid_contract_section[metadata-coverage-<lambda>] PASSED [ 21%]
tests/test_integration_manifest.py::test_advanced_manifest_rejects_non_mapping_and_unknown_schema PASSED [ 21%]
tests/test_integration_sync.py::test_dry_run_does_not_create_root_or_outputs PASSED [ 21%]
tests/test_integration_sync.py::test_inside_rejects_destination_outside_root PASSED [ 21%]
tests/test_integration_sync.py::test_plan_is_deterministic_and_reports_unchanged_content PASSED [ 21%]
tests/test_integration_sync.py::test_plan_rejects_unsafe_destinations[] PASSED [ 21%]
tests/test_integration_sync.py::test_plan_rejects_unsafe_destinations[../escape.txt] PASSED [ 21%]
tests/test_integration_sync.py::test_plan_rejects_unsafe_destinations[nested/../../escape.txt] PASSED [ 21%]
tests/test_integration_sync.py::test_plan_rejects_unsafe_destinations[/absolute.txt] PASSED [ 21%]
tests/test_integration_sync.py::test_plan_rejects_unsafe_destinations[C:/escape.txt] PASSED [ 21%]
tests/test_integration_sync.py::test_plan_rejects_unsafe_destinations[nested/] PASSED [ 21%]
tests/test_integration_sync.py::test_plan_rejects_symlink_escape SKIPPED [ 21%]
tests/test_integration_sync.py::test_plan_rejects_duplicate_normalized_destinations PASSED [ 21%]
tests/test_integration_sync.py::test_plan_rejects_existing_file_as_generated_root PASSED [ 21%]
tests/test_integration_sync.py::test_plan_rejects_symlink_destination SKIPPED [ 21%]
tests/test_integration_sync.py::test_apply_plan_commits_all_outputs_and_is_repeatable PASSED [ 21%]
tests/test_integration_sync.py::test_apply_plan_rejects_payload_drift_without_mutation PASSED [ 21%]
tests/test_integration_sync.py::test_apply_plan_rejects_changed_output_set_without_mutation PASSED [ 22%]
tests/test_integration_sync.py::test_apply_plan_rolls_back_when_second_output_fails PASSED [ 22%]
tests/test_integration_sync.py::test_validate_manifest_sources_checks_actual_image_hash PASSED [ 22%]
tests/test_integration_sync.py::test_validate_manifest_sources_rejects_atlas_hash_drift PASSED [ 22%]
tests/test_integration_sync.py::test_validate_manifest_sources_rejects_missing_atlas_path PASSED [ 22%]
tests/test_integration_sync.py::test_manifest_payload_hash_is_canonical_and_detects_mutation PASSED [ 22%]
tests/test_integration_sync.py::test_manifest_payload_hash_rejects_missing_metadata PASSED [ 22%]
tests/test_integration_sync.py::test_manifest_batch_plan_is_deterministic_and_does_not_write PASSED [ 22%]
tests/test_integration_sync.py::test_manifest_batch_commits_all_manifests_once_and_is_repeatable PASSED [ 22%]
tests/test_integration_sync.py::test_manifest_batch_rolls_back_prior_manifest_when_later_output_fails PASSED [ 22%]
tests/test_integration_sync.py::test_manifest_batch_rejects_cross_manifest_duplicate_before_writing PASSED [ 22%]
tests/test_integration_sync.py::test_manifest_batch_rejects_changed_manifest_without_mutation PASSED [ 22%]
tests/test_integration_sync.py::test_manifest_batch_rejects_invalid_mapping_keys_without_mutation[None] PASSED [ 22%]
tests/test_integration_sync.py::test_manifest_batch_rejects_invalid_mapping_keys_without_mutation[candidate1] PASSED [ 22%]
tests/test_integration_sync.py::test_manifest_batch_rejects_non_mapping_manifest_outputs PASSED [ 22%]
tests/test_integration_sync.py::test_manifest_batch_rejects_changed_manifest_outputs_without_mutation PASSED [ 22%]
tests/test_json_exporter_contract.py::test_json_exporter_uses_single_src_implementation PASSED [ 22%]
tests/test_json_exporter_contract.py::test_json_scene_metadata_contract_is_frozen[default] PASSED [ 22%]
tests/test_json_exporter_contract.py::test_json_scene_metadata_contract_is_frozen[unity] PASSED [ 22%]
tests/test_json_exporter_contract.py::test_json_scene_metadata_contract_is_frozen[godot] PASSED [ 22%]
tests/test_json_exporter_contract.py::test_json_object_profile_contract_is_frozen[generic] PASSED [ 22%]
tests/test_json_exporter_contract.py::test_json_object_profile_contract_is_frozen[unity] PASSED [ 22%]
tests/test_json_exporter_contract.py::test_json_object_profile_contract_is_frozen[godot] PASSED [ 22%]
tests/test_json_exporter_contract.py::test_json_object_profile_contract_is_frozen[phaser] PASSED [ 22%]
tests/test_json_exporter_contract.py::test_json_saved_json_bytes_and_atomic_replacement_contract_are_preserved PASSED [ 22%]
tests/test_json_exporter_contract.py::test_json_errors_and_optional_path_contracts_are_preserved PASSED [ 22%]
tests/test_legacy_phase1_contracts.py::test_polygon_fixtures_have_stable_hashes_and_explicit_expectations PASSED [ 22%]
tests/test_legacy_phase1_contracts.py::test_valid_and_invalid_polygon_fixtures_follow_real_scene_contract PASSED [ 23%]
tests/test_legacy_phase1_contracts.py::test_real_scene_manager_contract_preserves_state_on_failed_command PASSED [ 23%]
tests/test_legacy_phase1_contracts.py::test_real_image_factories_preserve_qimage_and_ndarray_contract PASSED [ 23%]
tests/test_legacy_phase1_contracts.py::test_real_canvas_view_uses_real_scene_and_command_manager PASSED [ 23%]
tests/test_legacy_phase1_contracts.py::test_native_qt_event_factories_create_typed_events PASSED [ 23%]
tests/test_legacy_phase1_contracts.py::test_event_loop_waits_for_real_signal_without_arbitrary_sleep PASSED [ 23%]
tests/test_legacy_phase1_contracts.py::test_event_loop_timeout_is_explicit_and_not_a_skip PASSED [ 23%]
tests/test_legacy_phase2_contracts.py::test_phase2_case_01_valid_l_decomposes_without_losing_area PASSED [ 23%]
tests/test_legacy_phase2_contracts.py::test_phase2_case_02_triangulation_preserves_valid_l_geometry[False] PASSED [ 23%]
tests/test_legacy_phase2_contracts.py::test_phase2_case_02_triangulation_preserves_valid_l_geometry[True] PASSED [ 23%]
tests/test_legacy_phase2_contracts.py::test_phase2_case_02_self_intersection_remains_rejected PASSED [ 23%]
tests/test_legacy_phase2_contracts.py::test_phase2_case_03_sobel_contract_is_float32_finite_and_unclipped PASSED [ 23%]
tests/test_legacy_phase2_contracts.py::test_phase2_case_04_rotated_atlas_preserves_rect_and_derivable_uv PASSED [ 23%]
tests/test_legacy_phase2_contracts.py::test_phase2_case_05_real_bezier_history_round_trips_valid_geometry PASSED [ 23%]
tests/test_legacy_phase2_contracts.py::test_phase2_case_05_invalid_bezier_is_rejected_without_history PASSED [ 23%]
tests/test_legacy_phase2_contracts.py::test_phase2_case_23_min_points_is_explicit_and_default_stays_permissive PASSED [ 23%]
tests/test_legacy_phase2_contracts.py::test_phase2_case_24_reset_view_uses_real_fit_and_center[widget_size0-image_shape0-expected0] PASSED [ 23%]
tests/test_legacy_phase2_contracts.py::test_phase2_case_24_reset_view_uses_real_fit_and_center[widget_size1-image_shape1-expected1] PASSED [ 23%]
tests/test_legacy_phase2_contracts.py::test_phase2_case_24_reset_view_uses_real_fit_and_center[widget_size2-image_shape2-expected2] PASSED [ 23%]
tests/test_legacy_phase3_contracts.py::test_phase3_case_06_lasso_native_gesture_is_one_reversible_creation PASSED [ 23%]
tests/test_legacy_phase3_contracts.py::test_phase3_case_06_lasso_rejection_preserves_preview_and_history PASSED [ 23%]
tests/test_legacy_phase3_contracts.py::test_phase3_cases_07_08_pen_native_double_click_preserves_bezier_history PASSED [ 23%]
tests/test_legacy_phase3_contracts.py::test_phase3_cases_09_10_polygonal_lasso_closes_and_rejects_without_loss PASSED [ 23%]
tests/test_legacy_phase3_contracts.py::test_phase3_cases_11_12_shape_native_gesture_is_reversible[RectSelectionTool-start0-end0-_start_point-4] PASSED [ 23%]
tests/test_legacy_phase3_contracts.py::test_phase3_cases_11_12_shape_native_gesture_is_reversible[EllipseSelectionTool-start1-end1-_center-64] PASSED [ 23%]
tests/test_legacy_phase3_contracts.py::test_phase3_cases_11_12_degenerate_gesture_is_fail_closed[RectSelectionTool-point0-_start_point] PASSED [ 23%]
tests/test_legacy_phase3_contracts.py::test_phase3_cases_11_12_degenerate_gesture_is_fail_closed[EllipseSelectionTool-point1-_center] PASSED [ 24%]
tests/test_legacy_phase3_contracts.py::test_phase3_cases_13_16_real_tools_restore_full_sequence_in_order PASSED [ 24%]
tests/test_legacy_phase3_contracts.py::test_phase3_case_25_cycle_safe_snapshot_works_with_real_scene_and_manager PASSED [ 24%]
tests/test_legacy_phase3_contracts.py::test_phase3_case_26_rectangle_round_trip_and_history_use_real_scene PASSED [ 24%]
tests/test_legacy_phase4_contracts.py::test_phase4_case_17_accepts_real_ndarray_and_qimage PASSED [ 24%]
tests/test_legacy_phase4_contracts.py::test_phase4_case_18_cache_hit_and_invalidation_are_observable PASSED [ 24%]
tests/test_legacy_phase4_contracts.py::test_phase4_case_19_worker_delivers_real_success_and_error PASSED [ 24%]
tests/test_legacy_phase4_contracts.py::test_phase4_case_20_preview_is_delivered_by_real_qt_worker PASSED [ 24%]
tests/test_legacy_phase4_contracts.py::test_phase4_case_20_cancel_discards_pending_result_without_history PASSED [ 24%]
tests/test_legacy_phase4_contracts.py::test_phase4_cases_19_20_stale_result_cannot_overwrite_new_preview PASSED [ 24%]
tests/test_legacy_phase4_contracts.py::test_phase4_case_21_real_double_click_closes_and_invalid_path_stays_out PASSED [ 24%]
tests/test_legacy_phase4_contracts.py::test_phase4_case_22_solver_is_fail_closed_without_image_and_works_with_edges PASSED [ 24%]
tests/test_legacy_phase4_contracts.py::test_phase4_case_27_end_to_end_real_image_worker_cache_scene_history PASSED [ 24%]
tests/test_legacy_phase4_contracts.py::test_phase4_characterize_late_preview_after_real_canvas_destruction PASSED [ 24%]
tests/test_legacy_phase4_contracts.py::test_phase4_real_segment_timeout_cancels_and_discards_late_result PASSED [ 24%]
tests/test_logger_configuration.py::test_setup_logging_is_idempotent_and_disables_app_propagation PASSED [ 24%]
tests/test_logger_configuration.py::test_exporters_do_not_configure_root_logging PASSED [ 24%]
tests/test_magnetic_lasso_engine.py::test_cv2_bgr_array_converts_to_gray_uint8 PASSED [ 24%]
tests/test_magnetic_lasso_engine.py::test_cv2_bgra_and_single_channel_arrays_are_supported PASSED [ 24%]
tests/test_magnetic_lasso_engine.py::test_non_uint8_gray_array_is_normalized_without_nan_or_inf PASSED [ 24%]
tests/test_magnetic_lasso_engine.py::test_presets_are_distinct_and_keep_mode PASSED [ 24%]
tests/test_magnetic_lasso_engine.py::test_edge_features_have_stable_shape_and_types PASSED [ 24%]
tests/test_magnetic_lasso_engine.py::test_anchor_snaps_to_nearby_edge PASSED [ 24%]
tests/test_magnetic_lasso_engine.py::test_precise_path_follows_quarter_circle_instead_of_cutting_inside PASSED [ 24%]
tests/test_magnetic_lasso_engine.py::test_precise_path_handles_low_contrast_contour PASSED [ 24%]
tests/test_magnetic_lasso_engine.py::test_large_search_region_is_downscaled_but_keeps_endpoints PASSED [ 24%]
tests/test_magnetic_lasso_engine.py::test_simplification_limits_vertices_and_preserves_polygon PASSED [ 25%]
tests/test_magnetic_lasso_engine.py::test_self_intersection_detection[points0-False] PASSED [ 25%]
tests/test_magnetic_lasso_engine.py::test_self_intersection_detection[points1-True] PASSED [ 25%]
tests/test_magnetic_lasso_engine.py::test_sanitize_removes_collinear_backtracking_spike PASSED [ 25%]
tests/test_magnetic_lasso_engine.py::test_sanitize_rejects_collinear_zero_area_ring PASSED [ 25%]
tests/test_magnetic_lasso_engine.py::test_sanitize_normalizes_clockwise_ring_to_counter_clockwise PASSED [ 25%]
tests/test_magnetic_lasso_preview_engine.py::test_preview_solver_is_separate_from_directional_commit_solver PASSED [ 25%]
tests/test_magnetic_lasso_preview_engine.py::test_preview_solver_is_deterministic_and_follows_detected_edges PASSED [ 25%]
tests/test_magnetic_lasso_preview_engine.py::test_committed_solver_still_uses_directional_algorithm PASSED [ 25%]
tests/test_mask_viewer.py::test_mask_viewer_center_and_fill PASSED       [ 25%]
tests/test_mask_viewer.py::test_mask_detection_presets_are_visible_and_keep_active_state PASSED [ 25%]
tests/test_mask_viewer_compatibility.py::test_mask_viewer_view_transform_compatibility PASSED [ 25%]
tests/test_mask_viewer_compatibility.py::test_mask_viewer_coordinate_methods_accept_tuple_and_qpointf PASSED [ 25%]
tests/test_merge_coverage_authoring_contracts.py::test_asset_lifecycle_is_fail_closed_and_content_addressed PASSED [ 25%]
tests/test_merge_coverage_authoring_contracts.py::test_order_and_hierarchy_helpers_cover_boundaries PASSED [ 25%]
tests/test_merge_coverage_authoring_contracts.py::test_clipboard_contract_rejects_every_reference_boundary PASSED [ 25%]
tests/test_merge_coverage_authoring_contracts.py::test_navigation_math_rejects_invalid_inputs_and_handles_empty_content PASSED [ 25%]
tests/test_merge_coverage_authoring_contracts.py::test_model_asset_object_layer_and_transform_boundaries PASSED [ 25%]
tests/test_merge_coverage_authoring_contracts.py::test_model_v2_sockets_camera_parallax_and_group_boundaries PASSED [ 25%]
tests/test_merge_coverage_authoring_contracts.py::test_asset_library_exercises_fail_closed_selection_and_lifecycle_edges PASSED [ 25%]
tests/test_merge_coverage_authoring_contracts.py::test_group_stack_exercises_user_operations_and_safe_no_selection_paths PASSED [ 25%]
tests/test_merge_coverage_authoring_contracts.py::test_layer_stack_exercises_editing_and_no_selection_paths PASSED [ 25%]
tests/test_merge_coverage_authoring_contracts.py::test_viewport_item_gizmo_and_drop_boundaries PASSED [ 25%]
tests/test_merge_coverage_authoring_contracts.py::test_viewport_events_socket_states_and_edit_error_paths PASSED [ 25%]
tests/test_merge_coverage_authoring_contracts.py::test_viewport_remaining_policy_paths PASSED [ 25%]
tests/test_p2d05_status_notice.py::test_new_pen_inherits_active_language_and_preserves_rejected_path[pt] PASSED [ 25%]
tests/test_p2d05_status_notice.py::test_new_pen_inherits_active_language_and_preserves_rejected_path[en] PASSED [ 25%]
tests/test_p2d05_status_notice.py::test_canvas_language_callback_and_adapter_without_callback PASSED [ 26%]
tests/test_p2d05_status_notice.py::test_visible_notice_reflows_on_resize_without_clipping_or_losing_details PASSED [ 26%]
tests/test_p2d05_status_notice.py::test_status_text_wraps_and_details_are_explicit_safe_and_keyboard_accessible[pt-size0] PASSED [ 26%]
tests/test_p2d05_status_notice.py::test_status_text_wraps_and_details_are_explicit_safe_and_keyboard_accessible[pt-size1] PASSED [ 26%]
tests/test_p2d05_status_notice.py::test_status_text_wraps_and_details_are_explicit_safe_and_keyboard_accessible[pt-size2] PASSED [ 26%]
tests/test_p2d05_status_notice.py::test_status_text_wraps_and_details_are_explicit_safe_and_keyboard_accessible[en-size0] PASSED [ 26%]
tests/test_p2d05_status_notice.py::test_status_text_wraps_and_details_are_explicit_safe_and_keyboard_accessible[en-size1] PASSED [ 26%]
tests/test_p2d05_status_notice.py::test_status_text_wraps_and_details_are_explicit_safe_and_keyboard_accessible[en-size2] PASSED [ 26%]
tests/test_p2d05_status_notice.py::test_status_reuses_notice_replaces_details_and_dismisses_explicitly PASSED [ 26%]
tests/test_p2d05_status_notice.py::test_pen_returns_to_valid_drawing_and_keyboard_history_after_error PASSED [ 26%]
tests/test_p2d05_status_notice.py::test_open_details_updates_without_duplicates_and_closes_on_replacement PASSED [ 26%]
tests/test_p2d05_status_notice.py::test_notice_does_not_retain_a_destroyed_error_origin PASSED [ 26%]
tests/test_p2d_01_assets.py::test_external_asset_is_copied_atomically_and_reused_by_hash PASSED [ 26%]
tests/test_p2d_01_assets.py::test_project_asset_keeps_relative_reference_without_external_provenance PASSED [ 26%]
tests/test_p2d_01_assets.py::test_asset_resolution_reports_missing_and_hash_drift_without_fallback PASSED [ 26%]
tests/test_p2d_01_assets.py::test_asset_provenance_is_optional_and_validated PASSED [ 26%]
tests/test_p2d_01_assets.py::test_viewport_renders_verified_raster_asset_instead_of_only_polygon PASSED [ 26%]
tests/test_p2d_01_assets.py::test_viewport_loads_original_svg_and_reports_missing_asset PASSED [ 26%]
tests/test_p2d_01b_asset_lifecycle.py::test_core_inspection_distinguishes_ready_missing_and_modified PASSED [ 26%]
tests/test_p2d_01b_asset_lifecycle.py::test_relink_repairs_missing_asset_with_undo_redo_and_preserves_objects PASSED [ 26%]
tests/test_p2d_01b_asset_lifecycle.py::test_replace_preserves_shared_asset_identity_and_viewport_render PASSED [ 26%]
tests/test_p2d_01b_asset_lifecycle.py::test_invalid_import_is_rejected_without_document_mutation PASSED [ 26%]
tests/test_p2d_01b_asset_lifecycle.py::test_professional_window_hosts_asset_library_and_refreshes_missing_state PASSED [ 26%]
tests/test_p2d_01b_asset_lifecycle.py::test_asset_library_search_categories_thumbnails_and_drag_contract PASSED [ 26%]
tests/test_p2d_01b_asset_lifecycle.py::test_asset_library_drag_drop_places_existing_asset_without_duplicate_record PASSED [ 26%]
tests/test_p2d_01b_asset_lifecycle.py::test_asset_library_native_drop_surface_routes_to_viewport_contract PASSED [ 26%]
[...]
tests/test_stage_8_bezier_geometry.py::test_replace_handle_rejects_invalid_indices[0-3-control point 1 or 2] PASSED [ 93%]
tests/test_stage_8_bezier_geometry.py::test_replace_handle_is_independent_and_preserves_continuity PASSED [ 93%]
tests/test_stage_8_bezier_geometry.py::test_fallback_triangulation_is_orientation_independent[polygon0] PASSED [ 93%]
tests/test_stage_8_bezier_geometry.py::test_fallback_triangulation_is_orientation_independent[polygon1] PASSED [ 93%]
tests/test_stage_8_bezier_geometry.py::test_reflex_vertex_and_degenerate_triangle_are_not_ears PASSED [ 93%]
tests/test_stage_8_bezier_geometry.py::test_triangulation_rejects_invalid_geometry[polygon0-finite] PASSED [ 93%]
tests/test_stage_8_bezier_geometry.py::test_triangulation_rejects_invalid_geometry[polygon1-numeric] PASSED [ 93%]
tests/test_stage_8_bezier_geometry.py::test_triangulation_rejects_invalid_geometry[polygon2-non-zero area] PASSED [ 93%]
tests/test_stage_8_bezier_geometry.py::test_triangulation_rejects_invalid_geometry[polygon3-repeated vertices] PASSED [ 93%]
tests/test_stage_8_bezier_geometry.py::test_terminal_duplicate_is_canonicalized_and_short_inputs_stay_empty PASSED [ 93%]
tests/test_stage_8_bezier_geometry.py::test_backend_malformed_indices_fail_closed PASSED [ 93%]
tests/test_stage_8_bezier_geometry.py::test_backend_out_of_range_indices_fail_closed PASSED [ 93%]
tests/test_stage_8_bezier_geometry.py::test_optional_backend_preserves_area_for_supported_precision[triangulate_float64-float64] PASSED [ 93%]
tests/test_stage_8_bezier_geometry.py::test_optional_backend_preserves_area_for_supported_precision[triangulate_float32-float32] PASSED [ 93%]
tests/test_stage_8_bezier_geometry.py::test_public_helpers_reject_short_or_unrepresentable_inputs PASSED [ 93%]
tests/test_stage_8_bezier_geometry.py::test_merge_helpers_cover_empty_disjoint_and_both_shared_edge_directions PASSED [ 93%]
tests/test_stage_9_collision_architecture.py::test_convex_overlap_returns_outward_mtv PASSED [ 93%]
tests/test_stage_9_collision_architecture.py::test_separate_convex_polygons_do_not_overlap PASSED [ 93%]
tests/test_stage_9_collision_architecture.py::test_closed_clockwise_polygon_is_canonicalized PASSED [ 93%]
tests/test_stage_9_collision_architecture.py::test_concave_hole_does_not_create_sat_false_positive PASSED [ 93%]
tests/test_stage_9_collision_architecture.py::test_concave_overlap_has_no_misleading_partial_mtv PASSED [ 94%]
tests/test_stage_9_collision_architecture.py::test_invalid_geometry_is_rejected_controlled[polygon0] PASSED [ 94%]
tests/test_stage_9_collision_architecture.py::test_invalid_geometry_is_rejected_controlled[polygon1] PASSED [ 94%]
tests/test_stage_9_collision_architecture.py::test_invalid_geometry_is_rejected_controlled[polygon2] PASSED [ 94%]
tests/test_stage_9_collision_architecture.py::test_invalid_geometry_is_rejected_controlled[polygon3] PASSED [ 94%]
tests/test_stage_9_collision_architecture.py::test_invalid_geometry_is_rejected_controlled[polygon4] PASSED [ 94%]
tests/test_stage_9_collision_architecture.py::test_invalid_geometry_is_rejected_controlled[polygon5] PASSED [ 94%]
tests/test_stage_9_collision_architecture.py::test_invalid_geometry_is_rejected_controlled[polygon6] PASSED [ 94%]
tests/test_stage_9_collision_architecture.py::test_invalid_geometry_is_rejected_controlled[polygon7] PASSED [ 94%]
tests/test_stage_9_collision_architecture.py::test_invalid_geometry_is_rejected_controlled[polygon8] PASSED [ 94%]
tests/test_stage_9_collision_architecture.py::test_invalid_geometry_is_rejected_controlled[polygon9] PASSED [ 94%]
tests/test_stage_9_collision_architecture.py::test_invalid_epsilon_is_rejected[-1.0] PASSED [ 94%]
tests/test_stage_9_collision_architecture.py::test_invalid_epsilon_is_rejected[nan] PASSED [ 94%]
tests/test_stage_9_collision_architecture.py::test_invalid_epsilon_is_rejected[inf] PASSED [ 94%]
tests/test_stage_9_collision_architecture.py::test_numpy_compatibility_adapter_preserves_types PASSED [ 94%]
tests/test_stage_9_collision_architecture.py::test_numpy_compatibility_adapter_rejects_wrong_dimensions PASSED [ 94%]
tests/test_stage_9_collision_architecture.py::test_historical_list_adapter_preserves_incomplete_geometry_behavior PASSED [ 94%]
tests/test_stage_9_collision_architecture.py::test_historical_sat_helpers_cover_empty_zero_axis_and_valid_overlap PASSED [ 94%]
tests/test_stage_9_collision_architecture.py::test_public_and_historical_names_share_one_implementation PASSED [ 94%]
tests/test_stage_9_collision_architecture.py::test_manager_does_not_advertise_dynamic_physics PASSED [ 94%]
tests/test_stage_9_collision_architecture.py::test_manager_rejects_invalid_grid_size[0] PASSED [ 94%]
tests/test_stage_9_collision_architecture.py::test_manager_rejects_invalid_grid_size[-1] PASSED [ 94%]
tests/test_stage_9_collision_architecture.py::test_manager_rejects_invalid_grid_size[1.5] PASSED [ 94%]
tests/test_stage_9_collision_architecture.py::test_manager_rejects_invalid_grid_size[True] PASSED [ 94%]
tests/test_stage_9_collision_architecture.py::test_mixed_identifier_types_are_deterministic PASSED [ 94%]
tests/test_stage_9_collision_architecture.py::test_manager_normalizes_reverse_broadphase_pair_order PASSED [ 94%]
tests/test_stage_9_collision_architecture.py::test_unhashable_identifier_is_rejected_controlled PASSED [ 94%]
tests/test_stage_9_collision_architecture.py::test_registration_is_atomic_when_replacement_is_invalid PASSED [ 95%]
tests/test_stage_9_collision_architecture.py::test_registered_shape_is_isolated_from_external_mutation PASSED [ 95%]
tests/test_stage_9_collision_architecture.py::test_invalid_position_is_rejected[position0] PASSED [ 95%]
tests/test_stage_9_collision_architecture.py::test_invalid_position_is_rejected[position1] PASSED [ 95%]
tests/test_stage_9_collision_architecture.py::test_invalid_position_is_rejected[position2] PASSED [ 95%]
tests/test_stage_9_collision_architecture.py::test_position_update_refreshes_queries PASSED [ 95%]
tests/test_stage_9_collision_architecture.py::test_add_and_remove_body_are_compatibility_adapters PASSED [ 95%]
tests/test_stage_9_collision_architecture.py::test_batch_stats_and_clear_are_consistent PASSED [ 95%]
tests/test_stage_9_collision_architecture.py::test_broadphase_accepts_mixed_ids_without_comparison PASSED [ 95%]
tests/test_stage_baseline_contract.py::test_contract_accepts_classified_evolution_with_valid_hash PASSED [ 95%]
tests/test_stage_baseline_contract.py::test_contract_rejects_unclassified_change PASSED [ 95%]
tests/test_stage_baseline_contract.py::test_contract_rejects_hash_mismatch PASSED [ 95%]
tests/test_tilemap_runtime_export.py::test_runtime_package_binds_cells_rules_and_atlas_bytes PASSED [ 95%]
tests/test_tilemap_runtime_export.py::test_runtime_payload_is_deterministic_and_normalizes_empty_rules PASSED [ 95%]
tests/test_tilemap_runtime_export.py::test_runtime_export_requires_explicit_atlas_path PASSED [ 95%]
tests/test_tilemap_runtime_export.py::test_runtime_export_rejects_atlas_drift PASSED [ 95%]
tests/test_tilemap_runtime_export.py::test_runtime_export_rejects_unsafe_reference PASSED [ 95%]
tests/test_tilemap_runtime_export.py::test_runtime_validator_rejects_duplicate_cell_and_count_drift PASSED [ 95%]
tests/test_tilemap_runtime_export.py::test_runtime_package_refuses_overwrite PASSED [ 95%]
tests/test_tileset_animation_exporters.py::test_tileset_slicing_snaps_edge_collision_and_writes_manifest PASSED [ 95%]
tests/test_tileset_animation_exporters.py::test_tileset_rejects_incomplete_or_invalid_grid PASSED [ 95%]
tests/test_tileset_animation_exporters.py::test_animation_batch_detects_and_exports_all_natural_order_frames PASSED [ 95%]
tests/test_tileset_animation_exporters.py::test_animation_coherence_resamples_and_aligns_different_vertex_counts PASSED [ 95%]
tests/test_tileset_animation_exporters.py::test_animation_discovery_and_detection_fail_closed PASSED [ 95%]
tests/test_tileset_animation_exporters.py::test_animation_resampling_validates_geometry_and_zero_edges PASSED [ 95%]
tests/test_tileset_animation_exporters.py::test_animation_coherence_rejects_invalid_record_sets PASSED [ 95%]
tests/test_tileset_animation_exporters.py::test_animation_coherence_aligns_opposite_winding PASSED [ 96%]
tests/test_tileset_animation_exporters.py::test_tileset_rejects_non_image_and_invalid_spacing_contracts PASSED [ 96%]
tests/test_tileset_animation_exporters.py::test_tileset_empty_alpha_and_no_snap_contracts PASSED [ 96%]
tests/test_tileset_animation_exporters.py::test_tileset_prepare_and_save_fail_closed_for_missing_tile_image PASSED [ 96%]
tests/test_tileset_animation_exporters.py::test_animation_resampling_walks_past_zero_length_first_edge PASSED [ 96%]
tests/test_tileset_animation_exporters.py::test_animation_manifest_replace_failure_cleans_temporary_file PASSED [ 96%]
tests/test_tileset_animation_exporters.py::test_tileset_collision_rejects_degenerate_alpha_bounds PASSED [ 96%]
tests/test_tileset_animation_exporters.py::test_tileset_manifest_replace_failure_cleans_temporary_file PASSED [ 96%]
tests/test_tileset_animation_exporters.py::test_animation_resampling_continues_after_long_first_edge PASSED [ 96%]
tests/test_tileset_animation_exporters.py::test_tileset_manifest_write_failure_cleans_temporary_file PASSED [ 96%]
tests/test_tileset_authoring_panel.py::test_tileset_panel_generates_saves_and_reopens_tileset PASSED [ 96%]
tests/test_tileset_authoring_panel.py::test_tileset_panel_reports_missing_atlas_in_portuguese PASSED [ 96%]
tests/test_tool_adapter_error_contracts.py::test_tool_error_dialog_does_not_replace_root_error_for_non_widget_adapter PASSED [ 96%]
tests/test_tool_adapter_error_contracts.py::test_magnetic_lasso_uses_model_when_scene_adapter_has_no_image_getter PASSED [ 96%]
tests/test_tools_real.py::test_pen_tool_real PASSED                      [ 96%]
tests/test_tools_real.py::test_lasso_tool_real PASSED                    [ 96%]
tests/test_tools_real.py::test_polygon_edit_tool_real PASSED             [ 96%]
tests/test_tools_real.py::test_selection_tool_real PASSED                [ 96%]
tests/test_tools_real.py::test_rect_selection_tool_real PASSED           [ 96%]
tests/test_tools_real.py::test_ellipse_selection_tool_real PASSED        [ 96%]
tests/test_top_command_contract.py::test_semantic_contract_builds_without_reading_legacy_toolbars PASSED [ 96%]
tests/test_top_command_contract.py::test_semantic_groups_preserve_existing_command_and_control_identity PASSED [ 96%]
tests/test_top_command_contract.py::test_semantic_descriptor_contains_no_physical_toolbar_contract PASSED [ 96%]
tests/test_top_command_contract.py::test_main_window_exposes_only_canonical_top_command_contract PASSED [ 96%]
tests/test_top_command_contract.py::test_legacy_toolbar_hosts_are_physically_removed PASSED [ 96%]
tests/test_top_command_contract.py::test_duplicate_widget_controls_use_canonical_actions PASSED [ 96%]
tests/test_transform_geometry_branches.py::test_geometry_rejects_non_finite_or_non_numeric_values[True] PASSED [ 97%]
tests/test_transform_geometry_branches.py::test_geometry_rejects_non_finite_or_non_numeric_values[1] PASSED [ 97%]
tests/test_transform_geometry_branches.py::test_geometry_rejects_non_finite_or_non_numeric_values[nan] PASSED [ 97%]
tests/test_transform_geometry_branches.py::test_geometry_rejects_non_finite_or_non_numeric_values[inf] PASSED [ 97%]
tests/test_transform_geometry_branches.py::test_geometry_validates_bounds_pivots_scales_and_sequences PASSED [ 97%]
tests/test_transform_geometry_branches.py::test_validation_event_sanitization_covers_nested_and_long_values PASSED [ 97%]
tests/test_transform_geometry_branches.py::test_validation_recorder_rotates_and_is_idempotently_closed PASSED [ 97%]
tests/test_transform_gesture.py::test_translation_preserves_compound_collision_relationships_and_history PASSED [ 97%]
tests/test_transform_gesture.py::test_rotation_and_non_uniform_scale_keep_pivot_fixed PASSED [ 97%]
tests/test_transform_gesture.py::test_multiple_objects_transform_around_shared_selection_anchor PASSED [ 97%]
tests/test_transform_gesture.py::test_escape_cancel_restores_exact_state_without_history PASSED [ 97%]
tests/test_transform_gesture.py::test_missing_history_rolls_back_transform PASSED [ 97%]
tests/test_transform_gesture.py::test_external_mutation_rejects_preview_and_does_not_overwrite_it PASSED [ 97%]
tests/test_transform_model.py::test_new_object_gets_center_pivot_and_world_position PASSED [ 97%]
tests/test_transform_model.py::test_pivot_presets_update_anchor_without_mutating_polygon PASSED [ 97%]
tests/test_transform_model.py::test_multiple_selection_preserves_primary_and_rejects_unknown_objects PASSED [ 97%]
tests/test_transform_model.py::test_transform_record_is_strict_and_finite PASSED [ 97%]
tests/test_transform_model.py::test_transform_round_trip_is_backward_compatible PASSED [ 97%]
tests/test_transform_preview_regression.py::test_repeated_preview_is_always_relative_to_gesture_origin PASSED [ 97%]
tests/test_transform_transaction_branches.py::test_transaction_rejects_empty_or_unknown_objects PASSED [ 97%]
tests/test_transform_transaction_branches.py::test_transaction_no_change_and_cancel_without_preview PASSED [ 97%]
tests/test_transform_transaction_branches.py::test_transaction_rejects_external_state_change_on_cancel_and_commit PASSED [ 97%]
tests/test_transform_transaction_branches.py::test_command_rejects_stale_states_and_handles_missing_collisions PASSED [ 97%]
tests/test_transform_transaction_branches.py::test_transform_state_rejects_unknown_object_and_transforms_bezier_segments PASSED [ 97%]
tests/test_transform_transaction_branches.py::test_transform_command_no_change_and_inactive_transaction_guards PASSED [ 97%]
tests/test_ui_capture_contract.py::test_capture_schema_uses_visible_chrome_and_semantic_commands PASSED [ 97%]
tests/test_ui_defect_regressions.py::test_all_main_and_scenario_page_stacks_hide_inactive_pages PASSED [ 97%]
tests/test_ui_defect_regressions.py::test_scenario_editor_has_explained_empty_state PASSED [ 98%]
tests/test_ui_defect_regressions.py::test_objects_inspector_remains_navigable_without_image PASSED [ 98%]
tests/test_ui_defect_regressions.py::test_inspector_sections_are_collapsible_without_arrow_icons PASSED [ 98%]
tests/test_ui_defect_regressions.py::test_scenario_editor_can_start_from_zero_without_saved_project PASSED [ 98%]
tests/test_ui_defect_regressions.py::test_scenario_editor_is_scrollable_and_interactive_after_binding PASSED [ 98%]
tests/test_ui_defect_regressions.py::test_gizmo_control_roundtrips_state_and_feedback_avoids_gizmo PASSED [ 98%]
tests/test_ui_defect_regressions.py::test_mask_viewer_exposes_and_switches_all_xray_modes PASSED [ 98%]
tests/test_ui_responsive_layout.py::test_initial_tab_pages_hide_inactive_pages PASSED [ 98%]
tests/test_ui_responsive_layout.py::test_compact_layout_fits_requested_resolutions_and_restores_desktop PASSED [ 98%]
tests/test_ui_responsive_layout.py::test_compact_panel_titles_follow_language_and_exports_remain_accessible PASSED [ 98%]
tests/test_ui_responsive_layout.py::test_panel_splitters_cannot_collapse_during_responsive_switch PASSED [ 98%]
tests/test_ui_responsive_layout.py::test_compact_layout_constrains_toolbar_and_inspector_content PASSED [ 98%]
tests/test_ui_responsive_layout.py::test_compact_language_updates_search_prompts_and_scenario_menu PASSED [ 98%]
tests/test_unity_import_scaffold.py::test_unity_importer_is_present_in_editor_source_only_package PASSED [ 98%]
tests/test_unity_import_scaffold.py::test_unity_importer_keeps_stage_boundary_and_package_identity PASSED [ 98%]
tests/test_unity_package_scaffold.py::test_unity_upm_package_has_stable_source_only_identity PASSED [ 98%]
tests/test_unity_package_scaffold.py::test_unity_upm_package_contains_runtime_and_editor_assemblies PASSED [ 98%]
tests/test_unity_package_scaffold.py::test_unity_importer_preserves_canonical_compound_collision_paths PASSED [ 98%]
tests/test_unity_package_scaffold.py::test_unity_upm_package_is_source_only_and_keeps_stage_boundary PASSED [ 98%]
tests/test_unity_package_scaffold.py::test_unity_stage3_optional_resources_have_native_contract_sources PASSED [ 98%]
tests/test_validation_events.py::test_validation_session_flushes_structured_events_and_truthful_summary PASSED [ 98%]
tests/test_validation_events.py::test_validation_summary_reports_failure_for_nonzero_exit PASSED [ 98%]
tests/test_validation_events.py::test_validation_session_captures_warning_without_duplicate_root_route PASSED [ 98%]
tests/test_validation_events.py::test_explicit_validation_event_suppresses_duplicate_python_log PASSED [ 98%]
tests/test_validation_events.py::test_validation_session_captures_unhandled_thread_exception PASSED [ 98%]
tests/test_validation_events.py::test_validation_output_is_session_scoped_and_rejects_escape PASSED [ 98%]
tests/test_validation_events.py::test_exception_recording_outside_except_has_real_exception_text PASSED [ 99%]
tests/test_validation_events.py::test_file_evidence_and_object_token_do_not_expose_identifier PASSED [ 99%]
tests/test_validation_export_outputs.py::test_validation_sandbox_generates_real_export_outputs PASSED [ 99%]
tests/test_validation_export_outputs.py::test_validation_sandbox_is_disabled_in_normal_mode PASSED [ 99%]
tests/test_view_modes_and_tools.py::test_canvas_view_modes PASSED        [ 99%]
tests/test_view_modes_and_tools.py::test_canvas_tool_pen PASSED          [ 99%]
tests/test_view_modes_and_tools.py::test_canvas_tool_selection PASSED    [ 99%]
tests/test_viewport_state_contract.py::test_viewport_state_is_structured_and_complete PASSED [ 99%]
tests/test_viewport_state_contract.py::test_structured_signal_tracks_zoom_view_snap_grid_and_cursor PASSED [ 99%]
tests/test_viewport_state_contract.py::test_legacy_text_signal_is_adapter_not_canonical_contract PASSED [ 99%]
tests/test_viewport_state_contract.py::test_gizmo_state_is_structured_and_emits_without_widget PASSED [ 99%]
tests/test_visual_artifact_auditor.py::test_visual_auditor_uses_contextual_palette_for_modal PASSED [ 99%]
tests/test_visual_artifact_auditor.py::test_visual_auditor_passes_valid_png_and_generates_annotation PASSED [ 99%]
tests/test_visual_artifact_auditor.py::test_visual_auditor_accepts_historical_schema2_toolbar_geometry PASSED [ 99%]
tests/test_visual_artifact_auditor.py::test_visual_auditor_fails_when_historical_schema3_requires_physical_toolbar PASSED [ 99%]
tests/test_visual_artifact_auditor.py::test_visual_auditor_rejects_retired_toolbar_metadata_in_schema4 PASSED [ 99%]
tests/test_visual_artifact_auditor.py::test_visual_auditor_detects_inactive_tab_page_visible PASSED [ 99%]
tests/test_visual_artifact_auditor.py::test_visual_auditor_fails_closed_on_hash_mismatch PASSED [ 99%]
tests/test_visual_artifact_auditor.py::test_visual_auditor_fails_closed_on_transparency PASSED [ 99%]
tests/test_visual_artifact_auditor.py::test_visual_auditor_detects_sibling_overlap PASSED [ 99%]
tests/test_visual_artifact_auditor.py::test_visual_auditor_annotates_nonpositive_geometry_without_crashing PASSED [ 99%]
tests/test_visual_artifact_auditor.py::test_scenario_palette_tracks_live_theme_tokens PASSED [ 99%]
tests/test_visual_artifact_auditor.py::test_scrollable_content_contract_allows_vertical_overflow_only PASSED [ 99%]
tests/test_windows_coverage_shards.py::test_discover_test_files_is_deterministic_and_unfiltered PASSED [ 99%]
tests/test_windows_coverage_shards.py::test_build_command_keeps_official_selection_and_closes_coverage PASSED [ 99%]
tests/test_windows_coverage_shards.py::test_parse_junit_accumulates_testsuite_metrics PASSED [ 99%]
tests/test_windows_coverage_shards.py::test_output_must_be_external_to_the_project PASSED [100%]

- generated xml file: WORKSPACE\atnco\Pictures\NeoEng-D-Trace\build\_merge-main-20260912\artifacts\audit-post-e13-official-suite-safe-host-20260913-r9\official-junit.xml -
================= 2633 passed, 2 skipped in 81.84s (0:01:21) ==================
