<?xml version="1.0" encoding="utf-8"?><testsuites name="pytest tests"><testsuite name="pytest" errors="0" failures="0" skipped="2" tests="2635" time="81.522" timestamp="2026-09-13T10:03:17.575747-03:00" hostname="Ailton"><testcase classname="tests.test_app_icon" name="test_approved_source_and_derived_icon_are_versioned_and_valid" time="0.018" /><testcase classname="tests.test_app_icon" name="test_runtime_loads_icon_and_main_window_exposes_it" time="0.070" /><testcase classname="tests.test_app_icon" name="test_frozen_bundle_path_is_preferred" time="0.014" /><testcase classname="tests.test_app_icon" name="test_missing_icon_fails_closed" time="0.003" /><testcase classname="tests.test_app_icon" name="test_invalid_qt_icon_fails_closed" time="0.021" /><testcase classname="tests.test_app_icon" name="test_wix_shortcut_references_installed_icon" time="0.009" /><testcase classname="tests.test_app_icon" name="test_pyinstaller_spec_bundles_icon_and_sets_gui_executable_icon" time="0.003" /><testcase classname="tests.test_app_identity" name="test_identity_constants_are_explicit_and_stable" time="0.001" /><testcase classname="tests.test_app_identity" name="test_project_format_identity_matches_the_approved_stage_3_adr" time="0.001" /><testcase classname="tests.test_app_identity" name="test_window_title_is_available_in_both_supported_languages" time="0.001" /><testcase classname="tests.test_app_identity" name="test_window_title_with_document_keeps_brand_and_filename" time="0.000" /><testcase classname="tests.test_app_identity" name="test_unknown_language_falls_back_to_english_without_crashing" time="0.000" /><testcase classname="tests.test_app_identity" name="test_application_version_matches_pyproject" time="0.001" /><testcase classname="tests.test_app_identity" name="test_windows_executable_description_is_portuguese_and_current" time="0.001" /><testcase classname="tests.test_app_identity" name="test_global_logger_uses_new_identity" time="0.000" /><testcase classname="tests.test_app_identity" name="test_runtime_identity_surfaces_do_not_embed_legacy_brand" time="0.005" /><testcase classname="tests.test_app_identity" name="test_gltf_exporter_uses_central_generator_constant" time="0.001" /><testcase classname="tests.test_app_identity" name="test_removed_namespace_tree_is_not_part_of_runtime" time="0.001" /><testcase classname="tests.test_asset_packs" name="test_bundled_inventory_hashes_dimensions_and_alpha" time="0.175" /><testcase classname="tests.test_asset_packs" name="test_manifest_rejects_unsafe_or_missing_paths[../outside.png]" time="0.012" /><testcase classname="tests.test_asset_packs" name="test_manifest_rejects_unsafe_or_missing_paths[/outside.png]" time="0.005" /><testcase classname="tests.test_asset_packs" name="test_manifest_rejects_unsafe_or_missing_paths[C:/outside.png]" time="0.005" /><testcase classname="tests.test_asset_packs" name="test_manifest_rejects_unsafe_or_missing_paths[..\\outside.png]" time="0.005" /><testcase classname="tests.test_asset_packs" name="test_manifest_rejects_unsafe_or_missing_paths[missing.png]" time="0.006" /><testcase classname="tests.test_asset_packs" name="test_bad_pack_is_isolated_and_hash_tamper_rejected" time="0.031" /><testcase classname="tests.test_asset_packs" name="test_catalog_search_click_import_repeat_place_undo_and_reopen" time="0.815" /><testcase classname="tests.test_asset_packs" name="test_professional_inspector_empty_state_stays_localized" time="0.015" /><testcase classname="tests.test_asset_packs" name="test_corrupted_import_does_not_mutate_project" time="0.174" /><testcase classname="tests.test_asset_packs" name="test_no_project_can_browse_but_not_import" time="0.161" /><testcase classname="tests.test_atomic_export_replacement" name="test_json_replaces_existing_destination_without_predelete" time="0.008" /><testcase classname="tests.test_atomic_export_replacement" name="test_sprite_replaces_existing_destination_without_predelete" time="0.007" /><testcase classname="tests.test_atomic_export_replacement" name="test_atlas_replaces_existing_outputs_without_predelete" time="0.027" /><testcase classname="tests.test_atomic_export_replacement" name="test_atlas_retries_transient_windows_replace_denial" time="0.161" /><testcase classname="tests.test_atomic_export_replacement" name="test_gltf_replaces_existing_destination_without_predelete" time="0.007" /><testcase classname="tests.test_atomic_outputs" name="test_transaction_commits_all_outputs_and_cleans_staging" time="0.008" /><testcase classname="tests.test_atomic_outputs" name="test_transaction_rolls_back_existing_outputs_on_commit_failure" time="0.021" /><testcase classname="tests.test_atomic_outputs" name="test_transaction_removes_new_outputs_on_commit_failure" time="0.008" /><testcase classname="tests.test_atomic_outputs" name="test_transaction_rejects_duplicate_destinations" time="0.004" /><testcase classname="tests.test_atomic_outputs" name="test_transaction_reports_rollback_failure" time="0.015" /><testcase classname="tests.test_atomic_outputs" name="test_cli_rolls_back_all_outputs_when_final_commit_fails" time="0.067" /><testcase classname="tests.test_atomic_outputs" name="test_cli_rejects_duplicate_output_destinations" time="0.030" /><testcase classname="tests.test_atomic_outputs" name="test_transaction_rejects_empty_destination" time="0.001" /><testcase classname="tests.test_atomic_outputs" name="test_transaction_rejects_commit_after_success" time="0.006" /><testcase classname="tests.test_atomic_outputs" name="test_transaction_cleans_backup_when_backup_copy_fails" time="0.008" /><testcase classname="tests.test_audit_closure_contracts" name="test_legacy_report_records_verified_tested_commit" time="0.003" /><testcase classname="tests.test_audit_closure_contracts" name="test_legacy_report_rejects_ci_commit_mismatch" time="0.003" /><testcase classname="tests.test_audit_closure_contracts" name="test_legacy_report_records_working_tree_state[-False]" time="0.003" /><testcase classname="tests.test_audit_closure_contracts" name="test_legacy_report_records_working_tree_state[ M file.py\n-True]" time="0.003" /><testcase classname="tests.test_audit_closure_contracts" name="test_legacy_report_records_source_head_ancestry" time="0.003" /><testcase classname="tests.test_audit_closure_contracts" name="test_legacy_report_rejects_unrelated_source_head" time="0.003" /><testcase classname="tests.test_audit_closure_contracts" name="test_headless_object_export_requires_object_id" time="0.011" /><testcase classname="tests.test_audit_closure_contracts" name="test_atlas_bleed_duplicates_all_edge_pixels_and_keeps_source_rect" time="0.001" /><testcase classname="tests.test_audit_closure_contracts" name="test_atlas_crop_preserves_transparent_frame_bounds" time="0.001" /><testcase classname="tests.test_audit_closure_contracts" name="test_rotated_atlas_metadata_uses_physical_dimensions" time="0.001" /><testcase classname="tests.test_audit_closure_contracts" name="test_collision_panel_export_writes_real_atomic_json" time="0.035" /><testcase classname="tests.test_audit_closure_contracts" name="test_collision_panel_export_cancel_has_no_success" time="0.028" /><testcase classname="tests.test_audit_closure_contracts" name="test_sobel_magnitude_uses_float32_without_clipping" time="0.001" /><testcase classname="tests.test_audit_closure_contracts" name="test_mask_viewer_reset_fills_and_centers_viewport" time="0.001" /><testcase classname="tests.test_audit_closure_contracts" name="test_pil_image_converts_to_qimage" time="0.001" /><testcase classname="tests.test_audit_closure_contracts" name="test_lasso_compatibility_module_reexports_canonical_class" time="0.000" /><testcase classname="tests.test_audit_closure_contracts" name="test_collision_compatibility_api_is_covered" time="0.001" /><testcase classname="tests.test_audit_closure_contracts" name="test_theme_and_layers_are_connected_to_runtime" time="0.026" /><testcase classname="tests.test_audit_closure_contracts" name="test_legacy_reconciliation_rejects_duplicate_failure_ids" time="0.001" /><testcase classname="tests.test_auto_detect.TestAutoDetect" name="test_detect_and_create_objects_integration" time="0.003" /><testcase classname="tests.test_auto_detect.TestAutoDetect" name="test_detect_polygons_basic" time="0.052" /><testcase classname="tests.test_auto_detect.TestAutoDetect" name="test_detect_polygons_perfect" time="0.002" /><testcase classname="tests.test_auto_detect.TestAutoDetect" name="test_detect_result_behavior" time="0.001" /><testcase classname="tests.test_auto_detect.TestAutoDetect" name="test_error_handling" time="0.001" /><testcase classname="tests.test_auto_detect.TestAutoDetect" name="test_polygon_validation_diagnostics_are_specific_without_repairing" time="0.001" /><testcase classname="tests.test_auto_detection_quality" name="test_real_adversarial_corpus_keeps_quality_and_boundaries[perfect]" time="0.193" /><testcase classname="tests.test_auto_detection_quality" name="test_real_adversarial_corpus_keeps_quality_and_boundaries[enhanced]" time="0.184" /><testcase classname="tests.test_auto_detection_quality" name="test_real_adversarial_corpus_keeps_quality_and_boundaries[grabcut]" time="0.729" /><testcase classname="tests.test_auto_detection_quality" name="test_real_hole_contract_is_one_object_with_one_hole[perfect]" time="0.034" /><testcase classname="tests.test_auto_detection_quality" name="test_real_hole_contract_is_one_object_with_one_hole[enhanced]" time="0.035" /><testcase classname="tests.test_auto_detection_quality" name="test_real_hole_contract_is_one_object_with_one_hole[grabcut]" time="0.084" /><testcase classname="tests.test_auto_detection_quality" name="test_basic_detection_preserves_internal_hole" time="0.029" /><testcase classname="tests.test_auto_detection_quality" name="test_high_detail_contour_is_bounded_and_deterministic" time="0.220" /><testcase classname="tests.test_auto_detection_quality" name="test_numeric_and_rgba_inputs_use_the_same_real_pipeline[perfect]" time="0.032" /><testcase classname="tests.test_auto_detection_quality" name="test_numeric_and_rgba_inputs_use_the_same_real_pipeline[enhanced]" time="0.033" /><testcase classname="tests.test_auto_detection_quality" name="test_enhanced_morphology_parameter_is_validated" time="0.028" /><testcase classname="tests.test_auto_detection_quality" name="test_legacy_hole_record_is_not_created_as_a_scene_object" time="0.037" /><testcase classname="tests.test_baseline_integrity" name="test_local_ignored_venv_does_not_block_manifest" time="0.347" /><testcase classname="tests.test_baseline_integrity" name="test_tracked_forbidden_environment_file_is_blocked" time="0.298" /><testcase classname="tests.test_baseline_integrity" name="test_manifest_date_is_informational_but_must_be_valid" time="0.468" /><testcase classname="tests.test_baseline_integrity" name="test_git_blob_mode_ignores_worktree_eol_conversion" time="0.653" /><testcase classname="tests.test_baseline_integrity" name="test_baseline_ignores_untracked_worktree_outputs" time="0.464" /><testcase classname="tests.test_broadphase_sap" name="test_sap_insert_update_remove" time="0.001" /><testcase classname="tests.test_broadphase_sap" name="test_sap_potential_pairs_non_overlapping" time="0.001" /><testcase classname="tests.test_broadphase_sap" name="test_sap_potential_pairs_overlapping" time="0.001" /><testcase classname="tests.test_collision_overlay_regression" name="test_arrowhead_uses_no_pen_and_draws_triangle" time="0.001" /><testcase classname="tests.test_collision_overlay_regression" name="test_arrowhead_skips_zero_length_vector" time="0.000" /><testcase classname="tests.test_command_selection_roundtrip" name="test_create_undo_redo_preserves_multiselection_context" time="0.002" /><testcase classname="tests.test_composition_export" name="test_composition_requires_all_independent_documents" time="0.003" /><testcase classname="tests.test_composition_export" name="test_composition_binds_and_revalidates_components" time="0.074" /><testcase classname="tests.test_composition_export" name="test_composition_automatically_emits_hash_bound_tilemap_runtime" time="0.093" /><testcase classname="tests.test_composition_export" name="test_composition_preserves_legacy_tilemap_without_atlas_runtime" time="0.053" /><testcase classname="tests.test_composition_export" name="test_hybrid_package_preserves_animation_and_validates_3d_slice" time="0.163" /><testcase classname="tests.test_composition_export" name="test_hybrid_package_rejects_tampered_component_and_invalid_scene" time="0.131" /><testcase classname="tests.test_composition_export" name="test_hybrid_runtime_manifest_rejects_tampered_normalized_scene" time="0.121" /><testcase classname="tests.test_composition_export" name="test_hybrid_export_is_available_through_product_cli" time="0.151" /><testcase classname="tests.test_conformance_adapter_infrastructure" name="test_adapter_context_requires_provenance" time="0.001" /><testcase classname="tests.test_conformance_adapter_infrastructure" name="test_adapter_result_requires_stable_slug_and_unique_ids" time="0.001" /><testcase classname="tests.test_conformance_adapter_infrastructure" name="test_run_adapter_preserves_atomic_checks_and_history" time="0.001" /><testcase classname="tests.test_conformance_adapter_infrastructure" name="test_run_adapter_rejects_invalid_result_type" time="0.001" /><testcase classname="tests.test_conformance_adapter_infrastructure" name="test_run_adapter_rejects_identity_mismatch" time="0.001" /><testcase classname="tests.test_conformance_adapter_infrastructure" name="test_combine_adapter_results_is_deterministic" time="0.001" /><testcase classname="tests.test_conformance_adapter_infrastructure" name="test_combine_adapter_results_rejects_cross_adapter_duplicate_check_ids" time="0.001" /><testcase classname="tests.test_conformance_adapter_infrastructure" name="test_adapter_bundle_serializes_via_canonical_c2a_schema" time="0.001" /><testcase classname="tests.test_conformance_aggregate_gate" name="test_aggregate_gate_populates_all_three_required_axes" time="0.002" /><testcase classname="tests.test_conformance_aggregate_gate" name="test_aggregate_gate_preserves_historical_evidence_outside_axes" time="0.003" /><testcase classname="tests.test_conformance_aggregate_gate" name="test_aggregate_gate_propagates_only_atomic_product_failure" time="0.001" /><testcase classname="tests.test_conformance_aggregate_gate" name="test_aggregate_gate_rejects_top_level_source_commit_mismatch" time="0.001" /><testcase classname="tests.test_conformance_aggregate_gate" name="test_aggregate_gate_rejects_geometry_worker_source_commit_mismatch" time="0.001" /><testcase classname="tests.test_conformance_aggregate_gate" name="test_aggregate_gate_rejects_missing_provenance_instead_of_returning_na" time="0.001" /><testcase classname="tests.test_conformance_aggregate_gate" name="test_aggregate_gate_writes_deterministic_canonical_evidence" time="0.023" /><testcase classname="tests.test_conformance_aggregate_gate" name="test_aggregate_gate_cli_writes_pass_evidence_and_returns_zero" time="0.025" /><testcase classname="tests.test_conformance_aggregate_gate" name="test_aggregate_gate_cli_writes_blocking_evidence_and_returns_one" time="0.025" /><testcase classname="tests.test_conformance_aggregate_gate" name="test_aggregate_gate_cli_returns_two_for_invalid_provenance_without_output" time="0.015" /><testcase classname="tests.test_conformance_evidence_schema" name="test_schema_v1_contains_exactly_three_blocking_axes_and_no_h_axis" time="0.001" /><testcase classname="tests.test_conformance_evidence_schema" name="test_checks_are_serialized_deterministically_inside_each_axis" time="0.001" /><testcase classname="tests.test_conformance_evidence_schema" name="test_historical_evidence_is_non_blocking_supporting_context" time="0.001" /><testcase classname="tests.test_conformance_evidence_schema" name="test_validator_rejects_h_axis_and_unknown_schema_versions" time="0.001" /><testcase classname="tests.test_conformance_evidence_schema" name="test_validator_rejects_tampered_axis_and_overall_aggregates" time="0.001" /><testcase classname="tests.test_conformance_evidence_schema" name="test_validator_rejects_foreign_or_duplicate_check_identity" time="0.001" /><testcase classname="tests.test_conformance_evidence_schema" name="test_write_read_roundtrip_is_valid_and_byte_deterministic" time="0.007" /><testcase classname="tests.test_conformance_multiaxis_contract" name="test_only_g_v_b_are_product_conformance_axes" time="0.001" /><testcase classname="tests.test_conformance_multiaxis_contract" name="test_axis_domains_keep_geometry_visual_and_behavior_concerns_separate" time="0.000" /><testcase classname="tests.test_conformance_multiaxis_contract" name="test_check_identity_is_axis_owned_and_domain_validated" time="0.001" /><testcase classname="tests.test_conformance_multiaxis_contract" name="test_status_precedence_is_fail_closed_without_hiding_approved_changes" time="0.001" /><testcase classname="tests.test_conformance_multiaxis_contract" name="test_multiaxis_aggregation_keeps_axis_results_independent" time="0.001" /><testcase classname="tests.test_conformance_multiaxis_contract" name="test_failure_on_one_axis_blocks_aggregate_without_mutating_other_axes" time="0.001" /><testcase classname="tests.test_conformance_multiaxis_contract" name="test_duplicate_check_ids_are_rejected_globally" time="0.001" /><testcase classname="tests.test_conformance_stage1_visual_adapter" name="test_stage1_visual_adapter_maps_only_atomic_v_checks" time="0.001" /><testcase classname="tests.test_conformance_stage1_visual_adapter" name="test_stage1_visual_adapter_ignores_legacy_aggregate_failure" time="0.001" /><testcase classname="tests.test_conformance_stage1_visual_adapter" name="test_stage1_visual_adapter_propagates_atomic_failure_with_evidence" time="0.001" /><testcase classname="tests.test_conformance_stage1_visual_adapter" name="test_stage1_visual_adapter_is_fail_closed_for_missing_expected_atom" time="0.001" /><testcase classname="tests.test_conformance_stage1_visual_adapter" name="test_stage1_visual_adapter_rejects_unmapped_new_legacy_atom" time="0.001" /><testcase classname="tests.test_conformance_stage1_visual_adapter" name="test_stage1_visual_adapter_preserves_history_outside_blocking_axes" time="0.001" /><testcase classname="tests.test_conformance_stage1_visual_adapter" name="test_stage1_visual_adapter_accepts_real_stage1_contract_shape" time="0.689" /><testcase classname="tests.test_conformance_stage9_behavior_adapter" name="test_stage9_behavior_adapter_maps_only_atomic_b_checks" time="0.001" /><testcase classname="tests.test_conformance_stage9_behavior_adapter" name="test_stage9_behavior_adapter_ignores_legacy_aggregate_and_geometry_failure" time="0.001" /><testcase classname="tests.test_conformance_stage9_behavior_adapter" name="test_stage9_behavior_adapter_propagates_atomic_tool_failure" time="0.001" /><testcase classname="tests.test_conformance_stage9_behavior_adapter" name="test_stage9_behavior_adapter_uses_semantic_xray_mode_identity" time="0.001" /><testcase classname="tests.test_conformance_stage9_behavior_adapter" name="test_stage9_behavior_adapter_is_fail_closed_for_missing_atoms" time="0.001" /><testcase classname="tests.test_conformance_stage9_behavior_adapter" name="test_stage9_behavior_adapter_rejects_unmapped_functional_scope_drift" time="0.001" /><testcase classname="tests.test_conformance_stage9_behavior_adapter" name="test_stage9_behavior_adapter_rejects_ambiguous_mode_identity" time="0.001" /><testcase classname="tests.test_conformance_stage9_behavior_adapter" name="test_stage9_behavior_adapter_integrates_with_canonical_evidence" time="0.001" /><testcase classname="tests.test_conformance_stage9_geometry_adapter" name="test_stage9_geometry_adapter_maps_only_atomic_g_checks" time="0.001" /><testcase classname="tests.test_conformance_stage9_geometry_adapter" name="test_stage9_geometry_adapter_ignores_legacy_aggregate_failures" time="0.001" /><testcase classname="tests.test_conformance_stage9_geometry_adapter" name="test_stage9_geometry_adapter_propagates_atomic_dimension_failure" time="0.001" /><testcase classname="tests.test_conformance_stage9_geometry_adapter" name="test_stage9_geometry_adapter_propagates_atomic_widget_failure" time="0.001" /><testcase classname="tests.test_conformance_stage9_geometry_adapter" name="test_stage9_geometry_adapter_is_fail_closed_for_missing_expected_worker" time="0.001" /><testcase classname="tests.test_conformance_stage9_geometry_adapter" name="test_stage9_geometry_adapter_rejects_ambiguous_worker_identity" time="0.001" /><testcase classname="tests.test_conformance_stage9_geometry_adapter" name="test_stage9_geometry_adapter_integrates_with_canonical_evidence" time="0.001" /><testcase classname="tests.test_continuity_registry" name="test_current_continuity_registry_is_internally_consistent" time="0.001" /><testcase classname="tests.test_continuity_registry" name="test_symlink_results_remain_separate" time="0.001" /><testcase classname="tests.test_continuity_registry" name="test_human_review_approval_is_registered_after_final_audit" time="0.001" /><testcase classname="tests.test_creation_auto_selection" name="test_add_polygon_selects_new_object_with_one_notification" time="0.001" /><testcase classname="tests.test_creation_auto_selection" name="test_add_object_does_not_select_imported_object_by_default" time="0.001" /><testcase classname="tests.test_creation_auto_selection" name="test_create_object_command_selects_object_on_execute_and_redo" time="0.001" /><testcase classname="tests.test_critical_numeric_coverage" name="test_chaikin_preserves_open_endpoints_and_grows_deterministically" time="0.001" /><testcase classname="tests.test_critical_numeric_coverage" name="test_chaikin_handles_noop_and_malformed_input_without_mutating_source" time="0.001" /><testcase classname="tests.test_critical_numeric_coverage" name="test_catmull_rom_open_and_closed_segments_have_expected_endpoints" time="0.001" /><testcase classname="tests.test_critical_numeric_coverage" name="test_normalize_array_covers_range_constant_and_malformed_inputs" time="0.001" /><testcase classname="tests.test_critical_numeric_coverage" name="test_edge_detectors_accept_gray_and_rgb_and_preserve_shape" time="0.001" /><testcase classname="tests.test_critical_numeric_coverage" name="test_log_response_rejects_invalid_sigma[0]" time="0.001" /><testcase classname="tests.test_critical_numeric_coverage" name="test_log_response_rejects_invalid_sigma[-1.0]" time="0.001" /><testcase classname="tests.test_critical_numeric_coverage" name="test_log_response_and_multiscale_reject_invalid_contracts" time="0.001" /><testcase classname="tests.test_critical_numeric_coverage" name="test_multiscale_default_and_custom_weights_are_finite" time="0.001" /><testcase classname="tests.test_critical_numeric_coverage" name="test_has_cuda_handles_available_missing_and_failed_runtime" time="0.001" /><testcase classname="tests.test_critical_numeric_coverage" name="test_to_qimage_supports_gray_bgr_bgra_and_noncontiguous_arrays[array0]" time="0.001" /><testcase classname="tests.test_critical_numeric_coverage" name="test_to_qimage_supports_gray_bgr_bgra_and_noncontiguous_arrays[array1]" time="0.001" /><testcase classname="tests.test_critical_numeric_coverage" name="test_to_qimage_supports_gray_bgr_bgra_and_noncontiguous_arrays[array2]" time="0.001" /><testcase classname="tests.test_critical_numeric_coverage" name="test_to_qimage_supports_pillow_modes[pil_image0]" time="0.001" /><testcase classname="tests.test_critical_numeric_coverage" name="test_to_qimage_supports_pillow_modes[pil_image1]" time="0.001" /><testcase classname="tests.test_critical_numeric_coverage" name="test_to_qimage_supports_pillow_modes[pil_image2]" time="0.001" /><testcase classname="tests.test_critical_numeric_coverage" name="test_to_qimage_supports_pillow_modes[pil_image3]" time="0.001" /><testcase classname="tests.test_critical_numeric_coverage" name="test_to_qimage_rejects_none_objects_and_invalid_array_dimensions" time="0.001" /><testcase classname="tests.test_critical_numeric_coverage" name="test_cpu_xray_modes_return_three_channel_uint8[1]" time="0.001" /><testcase classname="tests.test_critical_numeric_coverage" name="test_cpu_xray_modes_return_three_channel_uint8[2]" time="0.001" /><testcase classname="tests.test_critical_numeric_coverage" name="test_cpu_xray_modes_return_three_channel_uint8[3]" time="0.001" /><testcase classname="tests.test_critical_numeric_coverage" name="test_cpu_xray_modes_return_three_channel_uint8[99]" time="0.001" /><testcase classname="tests.test_critical_numeric_coverage" name="test_generate_xray_uses_cpu_and_falls_back_when_gpu_fails" time="0.001" /><testcase classname="tests.test_critical_numeric_coverage" name="test_polygon_mask_roundtrip_reuse_and_empty_contract" time="0.001" /><testcase classname="tests.test_critical_numeric_coverage" name="test_expand_contract_and_invert_selection_have_real_geometric_effect" time="0.001" /><testcase classname="tests.test_critical_numeric_coverage" name="test_config_roundtrip_defaults_unknown_key_and_atomic_replace" time="0.013" /><testcase classname="tests.test_critical_numeric_coverage" name="test_config_corruption_is_backed_up_and_defaults_are_retained[{broken]" time="0.006" /><testcase classname="tests.test_critical_numeric_coverage" name="test_config_corruption_is_backed_up_and_defaults_are_retained[{&quot;zoom&quot;: 0}]" time="0.007" /><testcase classname="tests.test_critical_numeric_coverage" name="test_config_failed_replace_preserves_destination_and_cleans_temp" time="0.008" /><testcase classname="tests.test_critical_ui_coverage" name="test_selection_tool_selects_topmost_object_and_clears_empty_click" time="0.269" /><testcase classname="tests.test_critical_ui_coverage" name="test_selection_tool_ignores_non_left_and_short_polygons" time="0.003" /><testcase classname="tests.test_critical_ui_coverage" name="test_selection_tool_routes_right_click_to_canvas_context_menu" time="0.001" /><testcase classname="tests.test_critical_ui_coverage" name="test_new_tool_inherits_canvas_language_for_context_menus" time="0.001" /><testcase classname="tests.test_critical_ui_coverage" name="test_global_canvas_context_menu_does_not_add_empty_separator" time="0.002" /><testcase classname="tests.test_critical_ui_coverage" name="test_lasso_mouse_flow_sampling_commit_undo_redo_and_cancel" time="0.002" /><testcase classname="tests.test_critical_ui_coverage" name="test_lasso_incomplete_release_right_click_and_overlay" time="0.002" /><testcase classname="tests.test_critical_ui_coverage" name="test_polygonal_click_close_double_click_and_failure_preservation" time="0.002" /><testcase classname="tests.test_critical_ui_coverage" name="test_polygonal_overlay_history_context_branch_and_cancel" time="0.002" /><testcase classname="tests.test_critical_ui_coverage" name="test_rect_selection_drag_square_commit_and_history" time="0.002" /><testcase classname="tests.test_critical_ui_coverage" name="test_rect_selection_negative_drag_degenerate_cancel_and_right_click" time="0.002" /><testcase classname="tests.test_critical_ui_coverage" name="test_gizmo_hit_testing_and_hover_transitions[point0-3]" time="0.001" /><testcase classname="tests.test_critical_ui_coverage" name="test_gizmo_hit_testing_and_hover_transitions[point1-1]" time="0.001" /><testcase classname="tests.test_critical_ui_coverage" name="test_gizmo_hit_testing_and_hover_transitions[point2-2]" time="0.001" /><testcase classname="tests.test_critical_ui_coverage" name="test_gizmo_hit_testing_and_hover_transitions[point3-0]" time="0.001" /><testcase classname="tests.test_critical_ui_coverage" name="test_gizmo_draws_each_active_state_offscreen[0]" time="0.001" /><testcase classname="tests.test_critical_ui_coverage" name="test_gizmo_draws_each_active_state_offscreen[1]" time="0.001" /><testcase classname="tests.test_critical_ui_coverage" name="test_gizmo_draws_each_active_state_offscreen[2]" time="0.001" /><testcase classname="tests.test_critical_ui_coverage" name="test_collision_overlay_visibility_shapes_colors_and_centers" time="0.001" /><testcase classname="tests.test_critical_ui_coverage" name="test_collision_overlay_skips_invalid_indicators_and_zero_mtv" time="0.001" /><testcase classname="tests.test_document_index_canonical_contract.CanonicalDocumentIndexContractTests" name="test_canonical_index_points_to_canonical_registry" time="0.003" /><testcase classname="tests.test_documentation_state_contracts" name="test_readme_reports_versioned_project_and_current_stage" time="0.001" /><testcase classname="tests.test_documentation_state_contracts" name="test_package_5c_evidence_does_not_repeat_false_bezier_limitation" time="0.001" /><testcase classname="tests.test_documentation_state_contracts" name="test_live_documents_identify_final_main_and_closed_stage" time="0.002" /><testcase classname="tests.test_documentation_state_contracts" name="test_superseded_documents_have_historical_classification" time="0.001" /><testcase classname="tests.test_documentation_state_contracts" name="test_governance_requires_sha_bound_ci_and_historical_snapshots" time="0.001" /><testcase classname="tests.test_documentation_state_contracts" name="test_live_documents_describe_postmerge_state_without_stale_gates" time="0.003" /><testcase classname="tests.test_documentation_state_contracts" name="test_stage5_closure_report_is_complete_and_final" time="0.002" /><testcase classname="tests.test_documentation_state_contracts" name="test_package_5c_evidence_records_v3_through_v40_truthfully" time="0.001" /><testcase classname="tests.test_documentation_state_contracts" name="test_evidence_policy_requires_complete_untracked_scope" time="0.001" /><testcase classname="tests.test_documentation_state_contracts" name="test_reconciled_documents_have_one_terminal_newline_without_blank_eof" time="0.003" /><testcase classname="tests.test_documentation_state_contracts" name="test_package_5c_current_metrics_are_bound_to_the_v41_execution" time="0.001" /><testcase classname="tests.test_documentation_state_contracts" name="test_bezier_polygon_invariant_is_governed_and_reported" time="0.001" /><testcase classname="tests.test_documentation_state_contracts" name="test_deterministic_polygon_fallback_is_governed_and_reported" time="0.001" /><testcase classname="tests.test_documentation_state_contracts" name="test_numeric_domain_and_optional_dependency_independence_are_governed" time="0.001" /><testcase classname="tests.test_documentation_state_contracts" name="test_unrepresentable_bezier_conversion_is_centralized_and_reported" time="0.001" /><testcase classname="tests.test_documentation_state_contracts" name="test_stable_cubic_and_opt_in_repair_are_governed_and_reported" time="0.002" /><testcase classname="tests.test_documentation_state_contracts" name="test_handle_index_type_contract_is_strict_and_reported" time="0.002" /><testcase classname="tests.test_documentation_state_contracts" name="test_audit_remediation_and_security_gates_are_fail_closed" time="0.002" /><testcase classname="tests.test_documentation_state_contracts" name="test_live_closure_claims_only_proven_merge_and_not_release" time="0.001" /><testcase classname="tests.test_documentation_state_contracts" name="test_stage6_closure_is_bound_to_merge_and_postmerge_ci" time="0.002" /><testcase classname="tests.test_documentation_state_contracts" name="test_critical_coverage_evidence_keeps_residual_risk_open" time="0.001" /><testcase classname="tests.test_documentation_state_contracts" name="test_stage7_cli_evidence_is_premerge_and_keeps_risk_open" time="0.001" /><testcase classname="tests.test_documentation_state_contracts" name="test_stage8_geometry_evidence_is_premerge_and_keeps_risk_open" time="0.001" /><testcase classname="tests.test_documentation_state_contracts" name="test_stage8_closure_is_bound_to_merge_and_postmerge_ci" time="0.002" /><testcase classname="tests.test_documentation_state_contracts" name="test_stage7_closure_is_bound_to_merge_and_postmerge_ci" time="0.002" /><testcase classname="tests.test_documentation_state_contracts" name="test_stage9_closure_is_bound_to_merge_and_postmerge_ci" time="0.003" /><testcase classname="tests.test_documentation_state_contracts" name="test_stage10_remote_evidence_history_is_preserved_without_overstatement" time="0.004" /><testcase classname="tests.test_documentation_state_contracts" name="test_stage11_package_1_is_local_partial_and_keeps_r003_open" time="0.001" /><testcase classname="tests.test_documentation_state_contracts" name="test_stage11_packages_and_closure_are_preserved" time="0.005" /><testcase classname="tests.test_documentation_state_contracts" name="test_stage12_premerge_evidence_preserves_historical_open_state" time="0.001" /><testcase classname="tests.test_documentation_state_contracts" name="test_stage12_closure_is_bound_to_merge_and_postmerge_ci" time="0.004" /><testcase classname="tests.test_documentation_state_contracts" name="test_stage12_final_closure_is_bound_to_documental_merge_and_ci" time="0.002" /><testcase classname="tests.test_documentation_state_contracts" name="test_stage13_premerge_evidence_keeps_r011_and_release_open" time="0.001" /><testcase classname="tests.test_documentation_state_contracts" name="test_stage13_postmerge_closure_records_integrated_state_without_release" time="0.004" /><testcase classname="tests.test_documentation_state_contracts" name="test_stage14_premerge_candidate_records_real_builds_and_release_blockers" time="0.004" /><testcase classname="tests.test_documentation_state_contracts" name="test_stage14_engine_reports_match_manifested_real_fixtures" time="0.002" /><testcase classname="tests.test_e01_backend_bench" name="test_e01_backend_fixture_declares_required_scene_contract" time="0.000" /><testcase classname="tests.test_e01_backend_bench" name="test_e01_backend_fixture_raster_frame_is_nonempty_and_deterministic" time="0.004" /><testcase classname="tests.test_e04_tilemap_contract" name="test_tileset_ids_are_position_independent_and_atlas_hash_is_verified" time="0.001" /><testcase classname="tests.test_e04_tilemap_contract" name="test_sparse_map_stores_negative_cells_by_floor_chunk" time="0.001" /><testcase classname="tests.test_e04_tilemap_contract" name="test_apply_deltas_validates_all_changes_before_mutating" time="0.001" /><testcase classname="tests.test_e04_tilemap_contract" name="test_remove_cell_releases_empty_chunk" time="0.001" /><testcase classname="tests.test_e04_tilemap_contract" name="test_locked_layer_rejects_mutation" time="0.001" /><testcase classname="tests.test_e04_tilemap_contract" name="test_bounds_reject_coordinates_outside_map" time="0.001" /><testcase classname="tests.test_e04_tilemap_contract" name="test_serialization_is_deterministic_and_contains_sparse_cells" time="0.001" /><testcase classname="tests.test_e04_tilemap_contract" name="test_all_grids_round_trip_signed_coordinates[orthogonal]" time="0.001" /><testcase classname="tests.test_e04_tilemap_contract" name="test_all_grids_round_trip_signed_coordinates[isometric]" time="0.001" /><testcase classname="tests.test_e04_tilemap_contract" name="test_all_grids_round_trip_signed_coordinates[hexagonal]" time="0.001" /><testcase classname="tests.test_e04_tilemap_contract" name="test_orthogonal_picking_uses_floor_for_negative_coordinates" time="0.001" /><testcase classname="tests.test_e04_tilemap_contract" name="test_isometric_neighbors_are_cardinal_and_deterministic" time="0.001" /><testcase classname="tests.test_e04_tilemap_contract" name="test_hexagonal_uses_axial_six_neighborhood" time="0.001" /><testcase classname="tests.test_e04_tilemap_contract" name="test_invalid_tileset_and_chunk_contracts_fail_closed" time="0.001" /><testcase classname="tests.test_e04_tilemap_contract" name="test_chunk_benchmark_reports_sparse_geometry_for_each_candidate" time="0.002" /><testcase classname="tests.test_e04_tilemap_contract" name="test_paint_line_is_one_undoable_transaction_and_redoable" time="0.001" /><testcase classname="tests.test_e04_tilemap_contract" name="test_rectangle_and_eraser_cover_cells_without_snapshot_copy" time="0.001" /><testcase classname="tests.test_e04_tilemap_contract" name="test_bucket_fill_is_bounded_and_uses_grid_neighborhood" time="0.001" /><testcase classname="tests.test_e04_tilemap_contract" name="test_bucket_fill_limit_rejects_unbounded_work" time="0.001" /><testcase classname="tests.test_e04_tilemap_contract" name="test_copy_paste_is_relative_and_deterministic_variation_is_order_independent" time="0.001" /><testcase classname="tests.test_e04_tilemap_contract" name="test_variation_paints_only_selected_rectangle_and_is_reproducible" time="0.001" /><testcase classname="tests.test_e04_tilemap_contract" name="test_rule_tiles_use_priority_fallback_and_neighbor_invalidation" time="0.001" /><testcase classname="tests.test_e04_tilemap_contract" name="test_rule_tiles_reject_ambiguity_unknown_dependency_and_cycles" time="0.001" /><testcase classname="tests.test_e04_tilemap_contract" name="test_rule_tiles_round_trip_is_strict_and_tilemap_extensions_are_optional" time="0.015" /><testcase classname="tests.test_e04_tilemap_contract" name="test_tilemap_save_reopen_preserves_cells_layers_and_lock" time="0.007" /><testcase classname="tests.test_e04_tilemap_contract" name="test_tilemap_loader_rejects_invalid_format_and_duplicate_cells" time="0.006" /><testcase classname="tests.test_e04_tilemap_ui" name="test_tilemap_panel_exposes_ptbr_flow_and_persists_user_edits" time="0.017" /><testcase classname="tests.test_e04_tilemap_ui" name="test_tilemap_panel_exposes_advanced_tools_and_real_gestures" time="0.008" /><testcase classname="tests.test_e04_tilemap_ui" name="test_tilemap_selection_copy_paste_variation_rules_and_persistence" time="0.017" /><testcase classname="tests.test_e04_tilemap_ui" name="test_tilemap_advanced_tools_are_transactional_and_picker_selects_tile" time="0.007" /><testcase classname="tests.test_e04_tilemap_ui" name="test_tilemap_drag_is_one_undoable_gesture" time="0.007" /><testcase classname="tests.test_e04_tilemap_ui" name="test_tilemap_actions_fit_narrow_professional_inspector" time="0.011" /><testcase classname="tests.test_e04_tilemap_ui" name="test_tilemap_advanced_tools_preserve_locked_layer_failure" time="0.007" /><testcase classname="tests.test_e04_tilemap_ui" name="test_tilemap_panel_undo_redo_and_grid_switch_are_observable" time="0.006" /><testcase classname="tests.test_e04_tilemap_ui" name="test_tilemap_panel_localizes_status_messages" time="0.021" /><testcase classname="tests.test_e05_collider_commands" name="test_create_move_duplicate_visibility_remove_and_undo_redo_use_deltas" time="0.001" /><testcase classname="tests.test_e05_collider_commands" name="test_stale_state_rejects_before_mutation_and_clears_redo_after_new_edit" time="0.001" /><testcase classname="tests.test_e05_collider_commands" name="test_missing_and_empty_history_operations_are_explicit" time="0.001" /><testcase classname="tests.test_e05_collider_persistence" name="test_save_reopen_preserves_independent_colliders_and_trigger_consumer" time="0.006" /><testcase classname="tests.test_e05_collider_persistence" name="test_loader_rejects_unknown_format_duplicate_ids_and_invalid_geometry" time="0.008" /><testcase classname="tests.test_e05_collider_persistence" name="test_category_mask_can_block_a_contact_before_consumer_reports_it" time="0.001" /><testcase classname="tests.test_e05_collider_ui" name="test_collider_panel_creates_saves_reopens_and_undoes_in_portuguese" time="0.014" /><testcase classname="tests.test_e05_collider_ui" name="test_collider_panel_switches_language_and_removes_selection" time="0.004" /><testcase classname="tests.test_e05_colliders_contract" name="test_all_e05_geometry_kinds_are_explicit_and_serializable" time="0.001" /><testcase classname="tests.test_e05_colliders_contract" name="test_validation_rejects_degenerate_and_nonrepresentable_shapes" time="0.001" /><testcase classname="tests.test_e05_colliders_contract" name="test_masks_entities_and_transforms_are_bounded" time="0.001" /><testcase classname="tests.test_e05_colliders_contract" name="test_document_mutations_are_bounded_and_duplicate_safe" time="0.001" /><testcase classname="tests.test_e06_navmesh_contract" name="test_bake_routes_around_obstacle_and_is_deterministic" time="0.001" /><testcase classname="tests.test_e06_navmesh_contract" name="test_source_change_obsoletes_bake_and_persistence_round_trip" time="0.013" /><testcase classname="tests.test_e06_navmesh_contract" name="test_persisted_bake_reopens_when_source_is_unchanged" time="0.007" /><testcase classname="tests.test_e06_navmesh_contract" name="test_navmesh_rejects_canonical_negatives[&lt;lambda&gt;-invalid_agent_radius]" time="0.001" /><testcase classname="tests.test_e06_navmesh_contract" name="test_navmesh_rejects_canonical_negatives[&lt;lambda&gt;-no_walkable_region]" time="0.001" /><testcase classname="tests.test_e06_navmesh_contract" name="test_navmesh_rejects_canonical_negatives[&lt;lambda&gt;-point_outside_region]" time="0.001" /><testcase classname="tests.test_e06_navmesh_ui" name="test_navmesh_panel_runs_surface_flow_and_persists" time="0.008" /><testcase classname="tests.test_e06_navmesh_ui" name="test_navmesh_panel_marks_bake_obsolete_after_source_edit" time="0.004" /><testcase classname="tests.test_e07_entities_contract" name="test_e07_entities_roundtrip_preserves_identity_components_and_instance_source" time="0.014" /><testcase classname="tests.test_e07_entities_contract" name="test_e07_rejects_duplicate_entity_and_component_ids" time="0.001" /><testcase classname="tests.test_e07_entities_contract" name="test_e07_rejects_invalid_component_version_layer_and_instance_source" time="0.001" /><testcase classname="tests.test_e07_entities_contract" name="test_e07_spatial_parent_is_distinct_and_cycle_safe" time="0.001" /><testcase classname="tests.test_e07_entities_contract" name="test_e07_prefab_lifecycle_preserves_overrides_and_detaches" time="0.008" /><testcase classname="tests.test_e07_entities_contract" name="test_e07_prefab_operations_reject_missing_and_duplicate_identity" time="0.001" /><testcase classname="tests.test_e07_entities_ui" name="test_e07_panel_drives_prefab_acceptance_flow" time="0.006" /><testcase classname="tests.test_e08_fx_authoring" name="test_particle_preview_is_seeded_and_observable" time="0.002" /><testcase classname="tests.test_e08_fx_authoring" name="test_vfx_socket_creates_particle_pixels_in_professional_viewport" time="0.010" /><testcase classname="tests.test_e08_fx_authoring" name="test_post_process_preview_is_ordered_and_observable" time="0.001" /><testcase classname="tests.test_e08_fx_authoring" name="test_post_process_socket_creates_overlay_in_professional_viewport" time="0.010" /><testcase classname="tests.test_e08_lighting_pixels" name="test_zero_intensity_is_observable_and_deterministic" time="0.001" /><testcase classname="tests.test_e08_lighting_pixels" name="test_normal_map_perturbation_changes_lit_pixels" time="0.001" /><testcase classname="tests.test_e08_lighting_pixels" name="test_occluder_blocks_light_but_emission_survives" time="0.001" /><testcase classname="tests.test_e08_lighting_pixels" name="test_authored_light_socket_parameters_are_valid_renderer_inputs" time="0.001" /><testcase classname="tests.test_e08_material_authoring" name="test_v2_material_is_typed_and_changes_renderer_pixels" time="0.001" /><testcase classname="tests.test_e08_material_authoring" name="test_v2_material_save_reopen_preserves_all_authoring_fields" time="0.009" /><testcase classname="tests.test_e08_material_authoring" name="test_material_inspector_edit_is_transactional_and_undoable" time="0.018" /><testcase classname="tests.test_e08_material_authoring" name="test_material_inspector_can_initialize_material_for_new_v2_object" time="0.012" /><testcase classname="tests.test_e08_material_authoring" name="test_material_inspector_initialized_material_survives_save_reopen" time="0.019" /><testcase classname="tests.test_e08_parallax_contract" name="test_legacy_defaults_preserve_projection_exactly" time="0.001" /><testcase classname="tests.test_e08_parallax_contract" name="test_axis_scroll_offsets_and_negative_motion_are_independent" time="0.001" /><testcase classname="tests.test_e08_parallax_contract" name="test_repeat_and_mirror_variants_are_deterministic_and_seam_ready" time="0.001" /><testcase classname="tests.test_e08_parallax_contract" name="test_e08b_limits_and_types_are_fail_closed[&lt;lambda&gt;0]" time="0.001" /><testcase classname="tests.test_e08_parallax_contract" name="test_e08b_limits_and_types_are_fail_closed[&lt;lambda&gt;1]" time="0.001" /><testcase classname="tests.test_e08_parallax_contract" name="test_e08b_limits_and_types_are_fail_closed[&lt;lambda&gt;2]" time="0.001" /><testcase classname="tests.test_e08_parallax_contract" name="test_e08b_limits_and_types_are_fail_closed[&lt;lambda&gt;3]" time="0.001" /><testcase classname="tests.test_e08_parallax_contract" name="test_e08b_limits_and_types_are_fail_closed[&lt;lambda&gt;4]" time="0.001" /><testcase classname="tests.test_e08_parallax_contract" name="test_e08b_limits_and_types_are_fail_closed[&lt;lambda&gt;5]" time="0.001" /><testcase classname="tests.test_e08_parallax_contract" name="test_schema_round_trip_and_runtime_bridge_preserve_new_fields" time="0.001" /><testcase classname="tests.test_e08_parallax_contract" name="test_transactional_edit_updates_preview_without_double_application" time="0.001" /><testcase classname="tests.test_e08_parallax_contract" name="test_professional_inspector_localizes_e08b_controls" time="0.011" /><testcase classname="tests.test_e08_renderer_plan" name="test_render_plan_has_explicit_order_and_layer_bindings" time="0.001" /><testcase classname="tests.test_e08_renderer_plan" name="test_renderer_backend_fallback_is_explicit" time="0.000" /><testcase classname="tests.test_e08_renderer_plan" name="test_render_plan_cache_reuses_and_invalidates_deterministically" time="0.001" /><testcase classname="tests.test_e08_renderer_plan" name="test_render_plan_rejects_invalid_viewport" time="0.001" /><testcase classname="tests.test_e08_temporal_qualification" name="test_particle_checkpoints_are_reproducible_at_declared_times" time="0.001" /><testcase classname="tests.test_e08_temporal_qualification" name="test_frame_comparison_records_visual_tolerance_and_rejects_excess" time="0.001" /><testcase classname="tests.test_e08_temporal_qualification" name="test_capability_matrix_is_explicit_about_local_and_destinations" time="0.001" /><testcase classname="tests.test_e08_temporal_qualification" name="test_qualification_document_is_canonical_and_rejects_duplicate_samples" time="0.003" /><testcase classname="tests.test_e09_contour_editing" name="test_manual_edit_undo_redo_and_provenance_are_preserved" time="0.007" /><testcase classname="tests.test_e09_contour_editing" name="test_invalid_manual_edit_is_rejected_without_mutating_state" time="0.006" /><testcase classname="tests.test_e09_contour_editing" name="test_simplification_is_transactional_and_recorded" time="0.006" /><testcase classname="tests.test_e09_contour_editing" name="test_cancel_restores_original_and_blocks_later_mutation" time="0.006" /><testcase classname="tests.test_e09_contour_editing" name="test_remove_and_insert_keep_polygon_valid_and_report_limits" time="0.010" /><testcase classname="tests.test_e09_vector_contour_panel" name="test_native_contour_flow_detect_edit_undo_redo_cancel_and_create" time="0.017" /><testcase classname="tests.test_e09_vector_contour_panel" name="test_native_contour_flow_reports_missing_asset" time="0.008" /><testcase classname="tests.test_e09_vector_scene_resource" name="test_build_vector_geometry_preserves_edit_and_generates_collision" time="0.007" /><testcase classname="tests.test_e09_vector_scene_resource" name="test_invalid_edited_geometry_never_creates_an_object" time="0.009" /><testcase classname="tests.test_e09_vector_scene_resource" name="test_vector_object_undo_redo_duplicate_and_save_reopen" time="0.020" /><testcase classname="tests.test_e09_vector_scene_resource" name="test_vector_object_persistence_rejects_tampered_source_asset" time="0.016" /><testcase classname="tests.test_e09_vector_scene_resource" name="test_vector_object_export_roundtrip_preserves_geometry" time="0.011" /><testcase classname="tests.test_e09_vectorization" name="test_vectorization_is_deterministic_and_preserves_source_provenance" time="0.009" /><testcase classname="tests.test_e09_vectorization" name="test_luminance_channel_detects_rgb_source" time="0.006" /><testcase classname="tests.test_e09_vectorization" name="test_vectorization_rejects_invalid_or_empty_contracts[kwargs0-empty_mask]" time="0.006" /><testcase classname="tests.test_e09_vectorization" name="test_vectorization_rejects_invalid_or_empty_contracts[kwargs1-invalid_vertex_limit]" time="0.004" /><testcase classname="tests.test_e09_vectorization" name="test_vectorization_rejects_invalid_or_empty_contracts[kwargs2-invalid_epsilon]" time="0.004" /><testcase classname="tests.test_e09_vectorization" name="test_vectorization_rejects_unreadable_and_unsupported_topology" time="0.012" /><testcase classname="tests.test_e09_vectorization" name="test_vectorization_rejects_source_mutation_between_calls" time="0.009" /><testcase classname="tests.test_e27_collision_gizmo_lifecycle" name="test_context_scale_selects_object_and_delegates_to_gizmo" time="0.002" /><testcase classname="tests.test_e27_collision_gizmo_lifecycle" name="test_context_edit_transfers_selection_to_polygon_editor" time="0.001" /><testcase classname="tests.test_e27_collision_gizmo_lifecycle" name="test_gizmo_scale_sensitivity_is_predictable" time="0.001" /><testcase classname="tests.test_e28_viewport_inspector_audit" name="test_context_focus_uses_quiet_toolbar_framing" time="0.001" /><testcase classname="tests.test_e28_viewport_inspector_audit" name="test_polygon_edit_delete_is_scoped_to_selected_vertex_or_object" time="0.002" /><testcase classname="tests.test_e28_viewport_inspector_audit" name="test_numeric_fields_support_label_scrubbing_and_ignore_wheel" time="0.001" /><testcase classname="tests.test_e29_polygon_selection" name="test_right_click_vertex_binds_vertex_target_and_never_deletes_object" time="0.001" /><testcase classname="tests.test_e29_polygon_selection" name="test_context_menu_for_vertex_excludes_polygon_deletion" time="0.001" /><testcase classname="tests.test_e29_polygon_selection" name="test_ctrl_click_selects_multiple_vertices_and_deletes_them_as_one_command" time="0.002" /><testcase classname="tests.test_e29_polygon_selection" name="test_ctrl_click_selects_multiple_polygons" time="0.001" /><testcase classname="tests.test_e29_polygon_selection" name="test_selection_tool_ctrl_click_selects_multiple_objects" time="0.001" /><testcase classname="tests.test_error_presentation_contract" name="test_polygon_missing_model_or_history_rejects_before_mutation[gesture-missing]" time="0.001" /><testcase classname="tests.test_error_presentation_contract" name="test_polygon_missing_model_or_history_rejects_before_mutation[gesture-none]" time="0.001" /><testcase classname="tests.test_error_presentation_contract" name="test_polygon_missing_model_or_history_rejects_before_mutation[gesture-no_history]" time="0.001" /><testcase classname="tests.test_error_presentation_contract" name="test_polygon_missing_model_or_history_rejects_before_mutation[delete-missing]" time="0.001" /><testcase classname="tests.test_error_presentation_contract" name="test_polygon_missing_model_or_history_rejects_before_mutation[delete-none]" time="0.001" /><testcase classname="tests.test_error_presentation_contract" name="test_polygon_missing_model_or_history_rejects_before_mutation[delete-no_history]" time="0.001" /><testcase classname="tests.test_error_presentation_contract" name="test_build_p2d05_presentation_localizes_action_and_redacts_detail" time="0.001" /><testcase classname="tests.test_error_presentation_contract" name="test_modal_uses_real_qt_box_with_safe_details" time="0.002" /><testcase classname="tests.test_error_presentation_contract" name="test_status_channel_is_persistent_and_actionable" time="0.002" /><testcase classname="tests.test_error_presentation_contract" name="test_pen_invalid_close_preserves_nodes_model_and_history" time="0.001" /><testcase classname="tests.test_error_presentation_contract" name="test_pen_rejection_preserves_state_and_redacts_command_detail" time="0.001" /><testcase classname="tests.test_error_presentation_contract" name="test_polygon_selection_and_rejection_are_actionable_without_mutation" time="0.001" /><testcase classname="tests.test_error_presentation_gizmo_contract" name="test_rejected_gizmo_result_is_persistent_actionable_status_without_mutation" time="0.004" /><testcase classname="tests.test_error_presentation_gizmo_contract" name="test_failed_gizmo_result_uses_safe_modal_with_accessible_details" time="0.002" /><testcase classname="tests.test_error_presentation_gizmo_contract" name="test_gizmo_requires_history_and_preserves_state" time="0.002" /><testcase classname="tests.test_error_presentation_gizmo_contract" name="test_preview_failure_rolls_back_and_never_exposes_raw_detail" time="0.003" /><testcase classname="tests.test_error_presentation_gizmo_contract" name="test_commit_failure_rolls_back_preview_without_history" time="0.004" /><testcase classname="tests.test_error_presentation_gizmo_contract" name="test_cancel_failure_reports_error_and_does_not_overwrite_external_state" time="0.003" /><testcase classname="tests.test_error_presentation_gizmo_contract" name="test_vertex_gizmo_start_exception_uses_same_safe_boundary" time="0.003" /><testcase classname="tests.test_error_presentation_gizmo_contract" name="test_gizmo_constructor_failure_uses_safe_modal" time="0.003" /><testcase classname="tests.test_error_presentation_gizmo_contract" name="test_preview_failure_with_rollback_failure_still_surfaces_safe_error" time="0.003" /><testcase classname="tests.test_error_presentation_gizmo_contract" name="test_commit_failure_with_rollback_failure_still_surfaces_safe_error" time="0.004" /><testcase classname="tests.test_error_presentation_layers_panel_contract" name="test_rejected_layer_command_uses_persistent_status_without_mutation" time="0.005" /><testcase classname="tests.test_error_presentation_layers_panel_contract" name="test_failed_layer_command_uses_safe_modal_with_details" time="0.004" /><testcase classname="tests.test_error_presentation_layers_panel_contract" name="test_missing_layer_history_uses_safe_modal_and_preserves_state" time="0.004" /><testcase classname="tests.test_error_presentation_layers_panel_contract" name="test_layer_action_exception_uses_safe_modal_without_mutation" time="0.005" /><testcase classname="tests.test_error_presentation_layers_panel_contract" name="test_layers_panel_forwards_language_to_p2d05_status" time="0.005" /><testcase classname="tests.test_error_presentation_side_panel_contract" name="test_rejected_numeric_transform_uses_persistent_status_without_mutation" time="0.011" /><testcase classname="tests.test_error_presentation_side_panel_contract" name="test_failed_numeric_transform_uses_safe_critical_modal_and_preserves_state" time="0.010" /><testcase classname="tests.test_error_presentation_side_panel_contract" name="test_invalid_numeric_transform_uses_status_and_keeps_history_unchanged" time="0.011" /><testcase classname="tests.test_error_presentation_side_panel_contract" name="test_missing_transform_history_uses_safe_critical_modal" time="0.010" /><testcase classname="tests.test_error_presentation_side_panel_contract" name="test_unexpected_transform_exception_uses_redacted_critical_modal" time="0.010" /><testcase classname="tests.test_evidence_integrity" name="test_canonical_text_bytes_normalizes_all_supported_line_endings" time="0.001" /><testcase classname="tests.test_evidence_integrity" name="test_write_text_lf_never_emits_crlf" time="0.005" /><testcase classname="tests.test_evidence_integrity" name="test_manifest_entry_extraction_covers_supported_shapes" time="0.007" /><testcase classname="tests.test_evidence_integrity" name="test_validator_rejects_noncanonical_bytes_and_then_stale_hash" time="0.251" /><testcase classname="tests.test_evidence_integrity" name="test_validator_blocks_untracked_references_when_required" time="0.013" /><testcase classname="tests.test_evidence_integrity" name="test_validator_reads_member_from_evidence_zip" time="0.013" /><testcase classname="tests.test_evidence_integrity" name="test_git_blob_mode_validates_index_bytes_not_worktree_conversion" time="0.677" /><testcase classname="tests.test_evidence_integrity" name="test_git_blob_batch_reader_reuses_one_process_for_staged_and_revision_bytes" time="0.402" /><testcase classname="tests.test_evidence_integrity" name="test_historical_source_commit_keeps_snapshot_immutable" time="0.540" /><testcase classname="tests.test_evidence_integrity" name="test_ci_requires_strict_evidence_gate_in_both_jobs" time="0.002" /><testcase classname="tests.test_evidence_privacy" name="test_versioned_evidence_artifacts_contain_no_unredacted_host_data" time="2.395" /><testcase classname="tests.test_evidence_privacy" name="test_stage5_and_stage8_sanitizers_redact_engine_host_data" time="0.005" /><testcase classname="tests.test_evidence_privacy" name="test_sanitizers_preserve_json_structure" time="0.004" /><testcase classname="tests.test_export" name="test_export_json_metadata" time="0.005" /><testcase classname="tests.test_export" name="test_export_gltf" time="0.004" /><testcase classname="tests.test_export" name="test_export_sprite" time="0.005" /><testcase classname="tests.test_export" name="test_export_atlas" time="0.038" /><testcase classname="tests.test_export_dialog_metadata" name="test_dialog_exposes_all_metadata_profiles" time="0.002" /><testcase classname="tests.test_export_dialog_metadata" name="test_export_selected_metadata_from_dialog[generic-id]" time="0.009" /><testcase classname="tests.test_export_dialog_metadata" name="test_export_selected_metadata_from_dialog[godot-offset]" time="0.015" /><testcase classname="tests.test_export_dialog_metadata" name="test_export_selected_metadata_from_dialog[unity-border]" time="0.010" /><testcase classname="tests.test_export_dialog_metadata" name="test_export_selected_metadata_from_dialog[phaser-frame]" time="0.015" /><testcase classname="tests.test_export_dialog_metadata" name="test_metadata_export_does_not_require_source_image" time="0.009" /><testcase classname="tests.test_export_dialog_metadata" name="test_metadata_export_requires_a_selected_object" time="0.002" /><testcase classname="tests.test_export_dialog_metadata" name="test_safe_filename_for_metadata_export" time="0.000" /><testcase classname="tests.test_export_dialog_metadata" name="test_validation_mode_uses_private_output_without_save_dialog" time="0.010" /><testcase classname="tests.test_export_dialog_metadata" name="test_failed_validation_postcondition_records_one_domain_failure" time="0.018" /><testcase classname="tests.test_formal_legacy_gate" name="test_canonical_hash_is_independent_of_text_line_endings" time="0.006" /><testcase classname="tests.test_formal_legacy_gate" name="test_current_contract_resolves_all_legacy_cases_without_rewriting_history" time="0.003" /><testcase classname="tests.test_formal_legacy_gate" name="test_current_contract_rejects_an_unreviewed_case" time="0.003" /><testcase classname="tests.test_formal_legacy_gate" name="test_current_contract_rejects_a_changed_replacement_mapping" time="0.003" /><testcase classname="tests.test_formal_legacy_reconciliation" name="test_formal_gate_accepts_current_contract_without_rewriting_history" time="0.008" /><testcase classname="tests.test_formal_legacy_reconciliation" name="test_manifest_inventory_uses_tracked_audit_when_sources_are_absent" time="0.019" /><testcase classname="tests.test_full_behavior.TestAppBehavior" name="test_01_command_undo_redo_flow" time="0.003" /><testcase classname="tests.test_full_behavior.TestAppBehavior" name="test_02_scene_selection_logic" time="0.002" /><testcase classname="tests.test_full_behavior.TestAppBehavior" name="test_03_export_pipeline_integrity" time="0.002" /><testcase classname="tests.test_full_behavior.TestAppBehavior" name="test_04_physics_integration_in_scene" time="0.002" /><testcase classname="tests.test_functional_user_flows" name="test_every_palette_tool_completes_a_user_like_operation" time="3.921" /><testcase classname="tests.test_functional_user_flows" name="test_pen_invalid_close_preserves_preview_and_history" time="0.315" /><testcase classname="tests.test_functional_user_flows" name="test_user_flow_persists_and_exports_through_main_window_actions" time="0.765" /><testcase classname="tests.test_functional_user_flows" name="test_auxiliary_rail_actions_complete_user_like_flows" time="0.299" /><testcase classname="tests.test_functional_user_flows" name="test_reference_shell_preserves_control_geometry_and_tool_visibility" time="0.534" /><testcase classname="tests.test_gltf_exporter_contract" name="test_gltf_exporter_uses_single_src_implementation" time="0.002" /><testcase classname="tests.test_gltf_exporter_contract" name="test_gltf_fake_backend_exact_contract_is_frozen" time="0.025" /><testcase classname="tests.test_gltf_exporter_contract" name="test_gltf_atomic_replacement_and_failure_cleanup_are_preserved" time="0.009" /><testcase classname="tests.test_gltf_exporter_contract" name="test_gltf_failure_contracts_are_preserved" time="0.004" /><testcase classname="tests.test_gltf_exporter_contract" name="test_gltf_fake_backend_is_restored_after_each_test" time="0.001" /><testcase classname="tests.test_gltf_exporter_contract" name="test_gltf_glb_persistence_prefers_binary_save_and_rejects_false" time="0.005" /><testcase classname="tests.test_gltf_exporter_contract" name="test_gltf_required_pygltflib_dependency_is_available" time="0.000" /><testcase classname="tests.test_gltf_exporter_contract" name="test_gltf_real_glb_structure_and_binary_contract" time="0.012" /><testcase classname="tests.test_gltf_exporter_contract" name="test_gltf_real_single_object_export_contract" time="0.009" /><testcase classname="tests.test_godot_plugin_scaffold" name="test_godot_addon_is_source_only_and_has_stable_identity" time="0.005" /><testcase classname="tests.test_godot_plugin_scaffold" name="test_godot_addon_package_is_deterministic_and_contains_only_sources" time="0.353" /><testcase classname="tests.test_governance_evidence_canonical_contract.CanonicalEvidenceContractTests" name="test_canonical_collector_accepts_zero_padded_phase" time="0.077" /><testcase classname="tests.test_governance_evidence_canonical_contract.CanonicalEvidenceContractTests" name="test_canonical_registry_and_index" time="0.002" /><testcase classname="tests.test_governance_evidence_negative_contract.GovernanceEvidenceNegativeContractTests" name="test_duplicate_ids_fail_without_repair" time="0.007" /><testcase classname="tests.test_governance_evidence_negative_contract.GovernanceEvidenceNegativeContractTests" name="test_unapproved_skips_fail_the_official_input" time="0.003" /><testcase classname="tests.test_governance_evidence_pipeline.GovernanceEvidencePipelineTests" name="test_canonical_registry_and_document_index" time="0.003" /><testcase classname="tests.test_governance_evidence_pipeline.GovernanceEvidencePipelineTests" name="test_duplicate_declared_ids_are_rejected" time="0.003" /><testcase classname="tests.test_governance_evidence_pipeline.GovernanceEvidencePipelineTests" name="test_official_package_is_created_from_canonical_inputs" time="0.067" /><testcase classname="tests.test_governance_official_entrypoint.OfficialEvidenceEntrypointTests" name="test_clean_worktree_is_eligible_for_official_evidence" time="0.002" /><testcase classname="tests.test_governance_official_entrypoint.OfficialEvidenceEntrypointTests" name="test_dirty_worktree_is_not_eligible_for_official_evidence" time="0.002" /><testcase classname="tests.test_grabcut_pipeline" name="test_grabcut_returns_real_mask_and_roi_metrics" time="0.041" /><testcase classname="tests.test_grabcut_pipeline" name="test_grabcut_detection_preserves_hierarchy_contract" time="0.042" /><testcase classname="tests.test_grabcut_pipeline" name="test_grabcut_rejects_missing_or_invalid_roi" time="0.001" /><testcase classname="tests.test_grabcut_pipeline" name="test_segmentation_input_contracts_and_all_components" time="0.099" /><testcase classname="tests.test_grabcut_pipeline" name="test_segmentation_roi_and_contour_contracts" time="0.001" /><testcase classname="tests.test_grabcut_pipeline" name="test_collision_strategies_and_normalized_failures" time="0.004" /><testcase classname="tests.test_grabcut_pipeline" name="test_compound_collision_is_consumed_exported_and_persisted" time="0.031" /><testcase classname="tests.test_grabcut_pipeline" name="test_mask_viewer_roi_and_layers_are_rendered" time="0.233" /><testcase classname="tests.test_grabcut_pipeline" name="test_segmentation_rejects_limits_and_normalizes_numeric_inputs" time="0.002" /><testcase classname="tests.test_grabcut_pipeline" name="test_segmentation_cleans_components_and_validates_mask_formats" time="0.001" /><testcase classname="tests.test_grabcut_pipeline" name="test_grabcut_validates_iteration_types_and_export_contracts" time="0.001" /><testcase classname="tests.test_grabcut_pipeline" name="test_mask_viewer_real_modes_layers_and_view_contracts" time="0.032" /><testcase classname="tests.test_grabcut_pipeline" name="test_detection_worker_and_collision_document_real_contracts" time="0.034" /><testcase classname="tests.test_grabcut_pipeline" name="test_collision_export_rejects_malformed_geometry_and_statistics" time="0.007" /><testcase classname="tests.test_grabcut_pipeline" name="test_mask_viewer_real_mouse_and_keyboard_events" time="0.001" /><testcase classname="tests.test_grabcut_pipeline" name="test_roi_clamping_and_empty_overlay_path" time="0.001" /><testcase classname="tests.test_grabcut_pipeline" name="test_roi_boundary_clamps_right_and_bottom_edges" time="0.000" /><testcase classname="tests.test_grabcut_pipeline" name="test_collision_export_rejects_non_numeric_and_malformed_points" time="0.001" /><testcase classname="tests.test_grabcut_pipeline" name="test_collision_text_supports_flat_destination" time="0.007" /><testcase classname="tests.test_independent_scene_contract" name="test_empty_scene_is_independent_and_has_explicit_canvas_contract" time="0.001" /><testcase classname="tests.test_independent_scene_contract" name="test_canonical_round_trip_and_exact_hash" time="0.024" /><testcase classname="tests.test_independent_scene_contract" name="test_session_new_update_save_save_as_and_reopen" time="0.032" /><testcase classname="tests.test_independent_scene_contract" name="test_resolution_limits_are_rejected[width-0]" time="0.001" /><testcase classname="tests.test_independent_scene_contract" name="test_resolution_limits_are_rejected[height-32769]" time="0.001" /><testcase classname="tests.test_independent_scene_contract" name="test_invalid_version_and_unknown_fields_are_rejected" time="0.041" /><testcase classname="tests.test_independent_scene_contract" name="test_malformed_json_bom_and_wrong_extension_are_rejected" time="0.020" /><testcase classname="tests.test_independent_scene_contract" name="test_external_change_is_rejected_without_overwriting_previous_file" time="0.017" /><testcase classname="tests.test_independent_scene_primitives" name="test_v2_document_is_explicit_successor_without_project_reference" time="0.001" /><testcase classname="tests.test_independent_scene_primitives" name="test_v1_upgrade_is_copy_and_preserves_authoring_defaults" time="0.001" /><testcase classname="tests.test_independent_scene_primitives" name="test_all_e02_primitive_kinds_validate[rectangle-points0-True-True]" time="0.001" /><testcase classname="tests.test_independent_scene_primitives" name="test_all_e02_primitive_kinds_validate[ellipse-points1-True-True]" time="0.001" /><testcase classname="tests.test_independent_scene_primitives" name="test_all_e02_primitive_kinds_validate[polygon-points2-True-True]" time="0.001" /><testcase classname="tests.test_independent_scene_primitives" name="test_all_e02_primitive_kinds_validate[path-points3-False-False]" time="0.001" /><testcase classname="tests.test_independent_scene_primitives" name="test_polygon_self_intersection_and_duplicate_points_are_rejected" time="0.001" /><testcase classname="tests.test_independent_scene_primitives" name="test_open_path_cannot_be_filled_and_transform_has_safe_bounds" time="0.001" /><testcase classname="tests.test_independent_scene_primitives" name="test_session_creates_three_shapes_and_round_trips_them" time="0.031" /><testcase classname="tests.test_independent_scene_primitives" name="test_session_undo_redo_duplicate_remove_and_transform" time="0.002" /><testcase classname="tests.test_independent_scene_primitives" name="test_session_rejects_locked_primitive_without_mutating_document" time="0.001" /><testcase classname="tests.test_independent_scene_primitives" name="test_session_batch_selection_translate_duplicate_and_remove" time="0.002" /><testcase classname="tests.test_independent_scene_primitives" name="test_session_batch_selection_respects_locked_objects" time="0.001" /><testcase classname="tests.test_independent_scene_primitives" name="test_point_edit_gesture_commits_and_supports_double_click_finalize" time="0.001" /><testcase classname="tests.test_independent_scene_primitives" name="test_point_edit_invalid_preview_does_not_mutate_and_escape_cancels" time="0.001" /><testcase classname="tests.test_independent_scene_primitives" name="test_point_edit_rejects_near_duplicate_preview_points" time="0.001" /><testcase classname="tests.test_independent_scene_primitives" name="test_point_edit_gesture_rejects_locked_primitive" time="0.001" /><testcase classname="tests.test_independent_scene_ui" name="test_independent_scene_window_new_save_save_as_reopen" time="0.048" /><testcase classname="tests.test_independent_scene_ui" name="test_independent_scene_window_is_reachable_from_main_window" time="0.035" /><testcase classname="tests.test_independent_scene_ui" name="test_independent_scene_action_opens_the_real_child_window" time="0.035" /><testcase classname="tests.test_independent_scene_ui" name="test_independent_scene_save_as_cancel_preserves_unsaved_document" time="0.005" /><testcase classname="tests.test_independent_scene_ui" name="test_independent_scene_window_creates_primitives_and_history" time="0.012" /><testcase classname="tests.test_independent_scene_ui" name="test_independent_scene_window_selection_transform_duplicate_remove_reopen" time="0.051" /><testcase classname="tests.test_independent_scene_ui" name="test_independent_scene_window_point_edit_commit_and_cancel" time="0.009" /><testcase classname="tests.test_integration_manifest" name="test_manifest_contains_real_image_and_metadata_hashes" time="0.007" /><testcase classname="tests.test_integration_manifest" name="test_manifest_supports_unity_without_changing_the_payload" time="0.007" /><testcase classname="tests.test_integration_manifest" name="test_manifest_save_is_deterministic_and_atomic" time="0.014" /><testcase classname="tests.test_integration_manifest" name="test_manifest_rejects_unsafe_image_references[]" time="0.005" /><testcase classname="tests.test_integration_manifest" name="test_manifest_rejects_unsafe_image_references[../source.png]" time="0.005" /><testcase classname="tests.test_integration_manifest" name="test_manifest_rejects_unsafe_image_references[/absolute/source.png]" time="0.004" /><testcase classname="tests.test_integration_manifest" name="test_manifest_rejects_unsafe_image_references[C:\\source.png]" time="0.005" /><testcase classname="tests.test_integration_manifest" name="test_manifest_rejects_payload_hash_drift" time="0.007" /><testcase classname="tests.test_integration_manifest" name="test_manifest_rejects_unknown_engine_and_schema_drift" time="0.008" /><testcase classname="tests.test_integration_manifest" name="test_manifest_build_rejects_invalid_inputs" time="0.004" /><testcase classname="tests.test_integration_manifest" name="test_manifest_validation_rejects_contract_mutations[&lt;lambda&gt;0]" time="0.005" /><testcase classname="tests.test_integration_manifest" name="test_manifest_validation_rejects_contract_mutations[&lt;lambda&gt;1]" time="0.005" /><testcase classname="tests.test_integration_manifest" name="test_manifest_validation_rejects_contract_mutations[&lt;lambda&gt;2]" time="0.005" /><testcase classname="tests.test_integration_manifest" name="test_manifest_validation_rejects_contract_mutations[&lt;lambda&gt;3]" time="0.006" /><testcase classname="tests.test_integration_manifest" name="test_manifest_validation_rejects_contract_mutations[&lt;lambda&gt;4]" time="0.005" /><testcase classname="tests.test_integration_manifest" name="test_manifest_validation_rejects_contract_mutations[&lt;lambda&gt;5]" time="0.006" /><testcase classname="tests.test_integration_manifest" name="test_manifest_validation_rejects_contract_mutations[&lt;lambda&gt;6]" time="0.005" /><testcase classname="tests.test_integration_manifest" name="test_manifest_validation_rejects_contract_mutations[&lt;lambda&gt;7]" time="0.005" /><testcase classname="tests.test_integration_manifest" name="test_manifest_validation_rejects_contract_mutations[&lt;lambda&gt;8]" time="0.006" /><testcase classname="tests.test_integration_manifest" name="test_manifest_validation_rejects_contract_mutations[&lt;lambda&gt;9]" time="0.006" /><testcase classname="tests.test_integration_manifest" name="test_manifest_validation_rejects_contract_mutations[&lt;lambda&gt;10]" time="0.006" /><testcase classname="tests.test_integration_manifest" name="test_manifest_validation_rejects_contract_mutations[&lt;lambda&gt;11]" time="0.005" /><testcase classname="tests.test_integration_manifest" name="test_manifest_validation_rejects_contract_mutations[&lt;lambda&gt;12]" time="0.005" /><testcase classname="tests.test_integration_manifest" name="test_manifest_validation_rejects_contract_mutations[&lt;lambda&gt;13]" time="0.006" /><testcase classname="tests.test_integration_manifest" name="test_manifest_validation_rejects_non_mapping_generator_and_metadata" time="0.010" /><testcase classname="tests.test_integration_manifest" name="test_advanced_manifest_consumes_real_atlas_output_and_is_deterministic" time="0.021" /><testcase classname="tests.test_integration_manifest" name="test_advanced_manifest_rejects_contract_drift[bleed]" time="0.013" /><testcase classname="tests.test_integration_manifest" name="test_advanced_manifest_rejects_contract_drift[engine_properties]" time="0.013" /><testcase classname="tests.test_integration_manifest" name="test_advanced_manifest_rejects_each_invalid_contract_section[advanced-object-&lt;lambda&gt;]" time="0.013" /><testcase classname="tests.test_integration_manifest" name="test_advanced_manifest_rejects_each_invalid_contract_section[advanced-schema-&lt;lambda&gt;]" time="0.012" /><testcase classname="tests.test_integration_manifest" name="test_advanced_manifest_rejects_each_invalid_contract_section[coordinates-object-&lt;lambda&gt;]" time="0.012" /><testcase classname="tests.test_integration_manifest" name="test_advanced_manifest_rejects_each_invalid_contract_section[coordinates-values-&lt;lambda&gt;]" time="0.013" /><testcase classname="tests.test_integration_manifest" name="test_advanced_manifest_rejects_each_invalid_contract_section[pixels-per-unit-&lt;lambda&gt;]" time="0.013" /><testcase classname="tests.test_integration_manifest" name="test_advanced_manifest_rejects_each_invalid_contract_section[atlas-object-&lt;lambda&gt;]" time="0.012" /><testcase classname="tests.test_integration_manifest" name="test_advanced_manifest_rejects_each_invalid_contract_section[atlas-pages-&lt;lambda&gt;]" time="0.013" /><testcase classname="tests.test_integration_manifest" name="test_advanced_manifest_rejects_each_invalid_contract_section[page-object-&lt;lambda&gt;]" time="0.013" /><testcase classname="tests.test_integration_manifest" name="test_advanced_manifest_rejects_each_invalid_contract_section[page-identity-&lt;lambda&gt;]" time="0.013" /><testcase classname="tests.test_integration_manifest" name="test_advanced_manifest_rejects_each_invalid_contract_section[page-hash-&lt;lambda&gt;]" time="0.013" /><testcase classname="tests.test_integration_manifest" name="test_advanced_manifest_rejects_each_invalid_contract_section[page-sprites-&lt;lambda&gt;]" time="0.013" /><testcase classname="tests.test_integration_manifest" name="test_advanced_manifest_rejects_each_invalid_contract_section[sprite-object-&lt;lambda&gt;]" time="0.013" /><testcase classname="tests.test_integration_manifest" name="test_advanced_manifest_rejects_each_invalid_contract_section[sprite-contract-&lt;lambda&gt;]" time="0.012" /><testcase classname="tests.test_integration_manifest" name="test_advanced_manifest_rejects_each_invalid_contract_section[sprite-identity-&lt;lambda&gt;]" time="0.013" /><testcase classname="tests.test_integration_manifest" name="test_advanced_manifest_rejects_each_invalid_contract_section[engine-properties-&lt;lambda&gt;]" time="0.013" /><testcase classname="tests.test_integration_manifest" name="test_advanced_manifest_rejects_each_invalid_contract_section[godot-properties-&lt;lambda&gt;]" time="0.013" /><testcase classname="tests.test_integration_manifest" name="test_advanced_manifest_rejects_each_invalid_contract_section[metadata-coverage-&lt;lambda&gt;]" time="0.013" /><testcase classname="tests.test_integration_manifest" name="test_advanced_manifest_rejects_non_mapping_and_unknown_schema" time="0.012" /><testcase classname="tests.test_integration_sync" name="test_dry_run_does_not_create_root_or_outputs" time="0.005" /><testcase classname="tests.test_integration_sync" name="test_inside_rejects_destination_outside_root" time="0.003" /><testcase classname="tests.test_integration_sync" name="test_plan_is_deterministic_and_reports_unchanged_content" time="0.008" /><testcase classname="tests.test_integration_sync" name="test_plan_rejects_unsafe_destinations[]" time="0.003" /><testcase classname="tests.test_integration_sync" name="test_plan_rejects_unsafe_destinations[../escape.txt]" time="0.003" /><testcase classname="tests.test_integration_sync" name="test_plan_rejects_unsafe_destinations[nested/../../escape.txt]" time="0.003" /><testcase classname="tests.test_integration_sync" name="test_plan_rejects_unsafe_destinations[/absolute.txt]" time="0.003" /><testcase classname="tests.test_integration_sync" name="test_plan_rejects_unsafe_destinations[C:/escape.txt]" time="0.003" /><testcase classname="tests.test_integration_sync" name="test_plan_rejects_unsafe_destinations[nested/]" time="0.003" /><testcase classname="tests.test_integration_sync" name="test_plan_rejects_symlink_escape" time="0.003"><skipped type="pytest.skip" message="symlink creation is controlled-only; run in the approved sandbox">WORKSPACE\atnco\Pictures\NeoEng-D-Trace\build\_merge-main-20260912\tests\test_integration_sync.py:86: symlink creation is controlled-only; run in the approved sandbox</skipped></testcase><testcase classname="tests.test_integration_sync" name="test_plan_rejects_duplicate_normalized_destinations" time="0.007" /><testcase classname="tests.test_integration_sync" name="test_plan_rejects_existing_file_as_generated_root" time="0.004" /><testcase classname="tests.test_integration_sync" name="test_plan_rejects_symlink_destination" time="0.003"><skipped type="pytest.skip" message="symlink creation is controlled-only; run in the approved sandbox">WORKSPACE\atnco\Pictures\NeoEng-D-Trace\build\_merge-main-20260912\tests\test_integration_sync.py:121: symlink creation is controlled-only; run in the approved sandbox</skipped></test
[...]
1" /><testcase classname="tests.test_stage_9_collision_architecture" name="test_invalid_geometry_is_rejected_controlled[polygon9]" time="0.001" /><testcase classname="tests.test_stage_9_collision_architecture" name="test_invalid_epsilon_is_rejected[-1.0]" time="0.001" /><testcase classname="tests.test_stage_9_collision_architecture" name="test_invalid_epsilon_is_rejected[nan]" time="0.001" /><testcase classname="tests.test_stage_9_collision_architecture" name="test_invalid_epsilon_is_rejected[inf]" time="0.001" /><testcase classname="tests.test_stage_9_collision_architecture" name="test_numpy_compatibility_adapter_preserves_types" time="0.001" /><testcase classname="tests.test_stage_9_collision_architecture" name="test_numpy_compatibility_adapter_rejects_wrong_dimensions" time="0.001" /><testcase classname="tests.test_stage_9_collision_architecture" name="test_historical_list_adapter_preserves_incomplete_geometry_behavior" time="0.001" /><testcase classname="tests.test_stage_9_collision_architecture" name="test_historical_sat_helpers_cover_empty_zero_axis_and_valid_overlap" time="0.001" /><testcase classname="tests.test_stage_9_collision_architecture" name="test_public_and_historical_names_share_one_implementation" time="0.002" /><testcase classname="tests.test_stage_9_collision_architecture" name="test_manager_does_not_advertise_dynamic_physics" time="0.001" /><testcase classname="tests.test_stage_9_collision_architecture" name="test_manager_rejects_invalid_grid_size[0]" time="0.001" /><testcase classname="tests.test_stage_9_collision_architecture" name="test_manager_rejects_invalid_grid_size[-1]" time="0.001" /><testcase classname="tests.test_stage_9_collision_architecture" name="test_manager_rejects_invalid_grid_size[1.5]" time="0.001" /><testcase classname="tests.test_stage_9_collision_architecture" name="test_manager_rejects_invalid_grid_size[True]" time="0.001" /><testcase classname="tests.test_stage_9_collision_architecture" name="test_mixed_identifier_types_are_deterministic" time="0.002" /><testcase classname="tests.test_stage_9_collision_architecture" name="test_manager_normalizes_reverse_broadphase_pair_order" time="0.001" /><testcase classname="tests.test_stage_9_collision_architecture" name="test_unhashable_identifier_is_rejected_controlled" time="0.001" /><testcase classname="tests.test_stage_9_collision_architecture" name="test_registration_is_atomic_when_replacement_is_invalid" time="0.001" /><testcase classname="tests.test_stage_9_collision_architecture" name="test_registered_shape_is_isolated_from_external_mutation" time="0.001" /><testcase classname="tests.test_stage_9_collision_architecture" name="test_invalid_position_is_rejected[position0]" time="0.001" /><testcase classname="tests.test_stage_9_collision_architecture" name="test_invalid_position_is_rejected[position1]" time="0.001" /><testcase classname="tests.test_stage_9_collision_architecture" name="test_invalid_position_is_rejected[position2]" time="0.001" /><testcase classname="tests.test_stage_9_collision_architecture" name="test_position_update_refreshes_queries" time="0.001" /><testcase classname="tests.test_stage_9_collision_architecture" name="test_add_and_remove_body_are_compatibility_adapters" time="0.001" /><testcase classname="tests.test_stage_9_collision_architecture" name="test_batch_stats_and_clear_are_consistent" time="0.001" /><testcase classname="tests.test_stage_9_collision_architecture" name="test_broadphase_accepts_mixed_ids_without_comparison" time="0.001" /><testcase classname="tests.test_stage_baseline_contract" name="test_contract_accepts_classified_evolution_with_valid_hash" time="0.013" /><testcase classname="tests.test_stage_baseline_contract" name="test_contract_rejects_unclassified_change" time="0.011" /><testcase classname="tests.test_stage_baseline_contract" name="test_contract_rejects_hash_mismatch" time="0.010" /><testcase classname="tests.test_tilemap_runtime_export" name="test_runtime_package_binds_cells_rules_and_atlas_bytes" time="0.040" /><testcase classname="tests.test_tilemap_runtime_export" name="test_runtime_payload_is_deterministic_and_normalizes_empty_rules" time="0.029" /><testcase classname="tests.test_tilemap_runtime_export" name="test_runtime_export_requires_explicit_atlas_path" time="0.015" /><testcase classname="tests.test_tilemap_runtime_export" name="test_runtime_export_rejects_atlas_drift" time="0.023" /><testcase classname="tests.test_tilemap_runtime_export" name="test_runtime_export_rejects_unsafe_reference" time="0.013" /><testcase classname="tests.test_tilemap_runtime_export" name="test_runtime_validator_rejects_duplicate_cell_and_count_drift" time="0.035" /><testcase classname="tests.test_tilemap_runtime_export" name="test_runtime_package_refuses_overwrite" time="0.036" /><testcase classname="tests.test_tileset_animation_exporters" name="test_tileset_slicing_snaps_edge_collision_and_writes_manifest" time="0.016" /><testcase classname="tests.test_tileset_animation_exporters" name="test_tileset_rejects_incomplete_or_invalid_grid" time="0.001" /><testcase classname="tests.test_tileset_animation_exporters" name="test_animation_batch_detects_and_exports_all_natural_order_frames" time="0.015" /><testcase classname="tests.test_tileset_animation_exporters" name="test_animation_coherence_resamples_and_aligns_different_vertex_counts" time="0.001" /><testcase classname="tests.test_tileset_animation_exporters" name="test_animation_discovery_and_detection_fail_closed" time="0.007" /><testcase classname="tests.test_tileset_animation_exporters" name="test_animation_resampling_validates_geometry_and_zero_edges" time="0.001" /><testcase classname="tests.test_tileset_animation_exporters" name="test_animation_coherence_rejects_invalid_record_sets" time="0.001" /><testcase classname="tests.test_tileset_animation_exporters" name="test_animation_coherence_aligns_opposite_winding" time="0.001" /><testcase classname="tests.test_tileset_animation_exporters" name="test_tileset_rejects_non_image_and_invalid_spacing_contracts" time="0.001" /><testcase classname="tests.test_tileset_animation_exporters" name="test_tileset_empty_alpha_and_no_snap_contracts" time="0.001" /><testcase classname="tests.test_tileset_animation_exporters" name="test_tileset_prepare_and_save_fail_closed_for_missing_tile_image" time="0.006" /><testcase classname="tests.test_tileset_animation_exporters" name="test_animation_resampling_walks_past_zero_length_first_edge" time="0.001" /><testcase classname="tests.test_tileset_animation_exporters" name="test_animation_manifest_replace_failure_cleans_temporary_file" time="0.012" /><testcase classname="tests.test_tileset_animation_exporters" name="test_tileset_collision_rejects_degenerate_alpha_bounds" time="0.001" /><testcase classname="tests.test_tileset_animation_exporters" name="test_tileset_manifest_replace_failure_cleans_temporary_file" time="0.009" /><testcase classname="tests.test_tileset_animation_exporters" name="test_animation_resampling_continues_after_long_first_edge" time="0.001" /><testcase classname="tests.test_tileset_animation_exporters" name="test_tileset_manifest_write_failure_cleans_temporary_file" time="0.011" /><testcase classname="tests.test_tileset_authoring_panel" name="test_tileset_panel_generates_saves_and_reopens_tileset" time="0.028" /><testcase classname="tests.test_tileset_authoring_panel" name="test_tileset_panel_reports_missing_atlas_in_portuguese" time="0.006" /><testcase classname="tests.test_tool_adapter_error_contracts" name="test_tool_error_dialog_does_not_replace_root_error_for_non_widget_adapter" time="0.002" /><testcase classname="tests.test_tool_adapter_error_contracts" name="test_magnetic_lasso_uses_model_when_scene_adapter_has_no_image_getter" time="0.001" /><testcase classname="tests.test_tools_real" name="test_pen_tool_real" time="0.001" /><testcase classname="tests.test_tools_real" name="test_lasso_tool_real" time="0.001" /><testcase classname="tests.test_tools_real" name="test_polygon_edit_tool_real" time="0.001" /><testcase classname="tests.test_tools_real" name="test_selection_tool_real" time="0.001" /><testcase classname="tests.test_tools_real" name="test_rect_selection_tool_real" time="0.001" /><testcase classname="tests.test_tools_real" name="test_ellipse_selection_tool_real" time="0.001" /><testcase classname="tests.test_top_command_contract" name="test_semantic_contract_builds_without_reading_legacy_toolbars" time="0.038" /><testcase classname="tests.test_top_command_contract" name="test_semantic_groups_preserve_existing_command_and_control_identity" time="0.036" /><testcase classname="tests.test_top_command_contract" name="test_semantic_descriptor_contains_no_physical_toolbar_contract" time="0.034" /><testcase classname="tests.test_top_command_contract" name="test_main_window_exposes_only_canonical_top_command_contract" time="0.034" /><testcase classname="tests.test_top_command_contract" name="test_legacy_toolbar_hosts_are_physically_removed" time="0.035" /><testcase classname="tests.test_top_command_contract" name="test_duplicate_widget_controls_use_canonical_actions" time="0.034" /><testcase classname="tests.test_transform_geometry_branches" name="test_geometry_rejects_non_finite_or_non_numeric_values[True]" time="0.001" /><testcase classname="tests.test_transform_geometry_branches" name="test_geometry_rejects_non_finite_or_non_numeric_values[1]" time="0.001" /><testcase classname="tests.test_transform_geometry_branches" name="test_geometry_rejects_non_finite_or_non_numeric_values[nan]" time="0.001" /><testcase classname="tests.test_transform_geometry_branches" name="test_geometry_rejects_non_finite_or_non_numeric_values[inf]" time="0.001" /><testcase classname="tests.test_transform_geometry_branches" name="test_geometry_validates_bounds_pivots_scales_and_sequences" time="0.001" /><testcase classname="tests.test_transform_geometry_branches" name="test_validation_event_sanitization_covers_nested_and_long_values" time="0.001" /><testcase classname="tests.test_transform_geometry_branches" name="test_validation_recorder_rotates_and_is_idempotently_closed" time="0.014" /><testcase classname="tests.test_transform_gesture" name="test_translation_preserves_compound_collision_relationships_and_history" time="0.004" /><testcase classname="tests.test_transform_gesture" name="test_rotation_and_non_uniform_scale_keep_pivot_fixed" time="0.001" /><testcase classname="tests.test_transform_gesture" name="test_multiple_objects_transform_around_shared_selection_anchor" time="0.002" /><testcase classname="tests.test_transform_gesture" name="test_escape_cancel_restores_exact_state_without_history" time="0.001" /><testcase classname="tests.test_transform_gesture" name="test_missing_history_rolls_back_transform" time="0.001" /><testcase classname="tests.test_transform_gesture" name="test_external_mutation_rejects_preview_and_does_not_overwrite_it" time="0.001" /><testcase classname="tests.test_transform_model" name="test_new_object_gets_center_pivot_and_world_position" time="0.001" /><testcase classname="tests.test_transform_model" name="test_pivot_presets_update_anchor_without_mutating_polygon" time="0.001" /><testcase classname="tests.test_transform_model" name="test_multiple_selection_preserves_primary_and_rejects_unknown_objects" time="0.001" /><testcase classname="tests.test_transform_model" name="test_transform_record_is_strict_and_finite" time="0.001" /><testcase classname="tests.test_transform_model" name="test_transform_round_trip_is_backward_compatible" time="0.020" /><testcase classname="tests.test_transform_preview_regression" name="test_repeated_preview_is_always_relative_to_gesture_origin" time="0.001" /><testcase classname="tests.test_transform_transaction_branches" name="test_transaction_rejects_empty_or_unknown_objects" time="0.001" /><testcase classname="tests.test_transform_transaction_branches" name="test_transaction_no_change_and_cancel_without_preview" time="0.001" /><testcase classname="tests.test_transform_transaction_branches" name="test_transaction_rejects_external_state_change_on_cancel_and_commit" time="0.001" /><testcase classname="tests.test_transform_transaction_branches" name="test_command_rejects_stale_states_and_handles_missing_collisions" time="0.001" /><testcase classname="tests.test_transform_transaction_branches" name="test_transform_state_rejects_unknown_object_and_transforms_bezier_segments" time="0.001" /><testcase classname="tests.test_transform_transaction_branches" name="test_transform_command_no_change_and_inactive_transaction_guards" time="0.001" /><testcase classname="tests.test_ui_capture_contract" name="test_capture_schema_uses_visible_chrome_and_semantic_commands" time="0.034" /><testcase classname="tests.test_ui_defect_regressions" name="test_all_main_and_scenario_page_stacks_hide_inactive_pages" time="0.078" /><testcase classname="tests.test_ui_defect_regressions" name="test_scenario_editor_has_explained_empty_state" time="0.042" /><testcase classname="tests.test_ui_defect_regressions" name="test_objects_inspector_remains_navigable_without_image" time="0.028" /><testcase classname="tests.test_ui_defect_regressions" name="test_inspector_sections_are_collapsible_without_arrow_icons" time="0.034" /><testcase classname="tests.test_ui_defect_regressions" name="test_scenario_editor_can_start_from_zero_without_saved_project" time="0.184" /><testcase classname="tests.test_ui_defect_regressions" name="test_scenario_editor_is_scrollable_and_interactive_after_binding" time="0.106" /><testcase classname="tests.test_ui_defect_regressions" name="test_gizmo_control_roundtrips_state_and_feedback_avoids_gizmo" time="0.037" /><testcase classname="tests.test_ui_defect_regressions" name="test_mask_viewer_exposes_and_switches_all_xray_modes" time="0.016" /><testcase classname="tests.test_ui_responsive_layout" name="test_initial_tab_pages_hide_inactive_pages" time="0.053" /><testcase classname="tests.test_ui_responsive_layout" name="test_compact_layout_fits_requested_resolutions_and_restores_desktop" time="0.053" /><testcase classname="tests.test_ui_responsive_layout" name="test_compact_panel_titles_follow_language_and_exports_remain_accessible" time="0.050" /><testcase classname="tests.test_ui_responsive_layout" name="test_panel_splitters_cannot_collapse_during_responsive_switch" time="0.034" /><testcase classname="tests.test_ui_responsive_layout" name="test_compact_layout_constrains_toolbar_and_inspector_content" time="0.035" /><testcase classname="tests.test_ui_responsive_layout" name="test_compact_language_updates_search_prompts_and_scenario_menu" time="0.041" /><testcase classname="tests.test_unity_import_scaffold" name="test_unity_importer_is_present_in_editor_source_only_package" time="0.001" /><testcase classname="tests.test_unity_import_scaffold" name="test_unity_importer_keeps_stage_boundary_and_package_identity" time="0.001" /><testcase classname="tests.test_unity_package_scaffold" name="test_unity_upm_package_has_stable_source_only_identity" time="0.001" /><testcase classname="tests.test_unity_package_scaffold" name="test_unity_upm_package_contains_runtime_and_editor_assemblies" time="0.002" /><testcase classname="tests.test_unity_package_scaffold" name="test_unity_importer_preserves_canonical_compound_collision_paths" time="0.001" /><testcase classname="tests.test_unity_package_scaffold" name="test_unity_upm_package_is_source_only_and_keeps_stage_boundary" time="0.008" /><testcase classname="tests.test_unity_package_scaffold" name="test_unity_stage3_optional_resources_have_native_contract_sources" time="0.002" /><testcase classname="tests.test_validation_events" name="test_validation_session_flushes_structured_events_and_truthful_summary" time="0.016" /><testcase classname="tests.test_validation_events" name="test_validation_summary_reports_failure_for_nonzero_exit" time="0.014" /><testcase classname="tests.test_validation_events" name="test_validation_session_captures_warning_without_duplicate_root_route" time="0.017" /><testcase classname="tests.test_validation_events" name="test_explicit_validation_event_suppresses_duplicate_python_log" time="0.013" /><testcase classname="tests.test_validation_events" name="test_validation_session_captures_unhandled_thread_exception" time="0.014" /><testcase classname="tests.test_validation_events" name="test_validation_output_is_session_scoped_and_rejects_escape" time="0.017" /><testcase classname="tests.test_validation_events" name="test_exception_recording_outside_except_has_real_exception_text" time="0.012" /><testcase classname="tests.test_validation_events" name="test_file_evidence_and_object_token_do_not_expose_identifier" time="0.007" /><testcase classname="tests.test_validation_export_outputs" name="test_validation_sandbox_generates_real_export_outputs" time="0.060" /><testcase classname="tests.test_validation_export_outputs" name="test_validation_sandbox_is_disabled_in_normal_mode" time="0.001" /><testcase classname="tests.test_view_modes_and_tools" name="test_canvas_view_modes" time="0.001" /><testcase classname="tests.test_view_modes_and_tools" name="test_canvas_tool_pen" time="0.001" /><testcase classname="tests.test_view_modes_and_tools" name="test_canvas_tool_selection" time="0.001" /><testcase classname="tests.test_viewport_state_contract" name="test_viewport_state_is_structured_and_complete" time="0.001" /><testcase classname="tests.test_viewport_state_contract" name="test_structured_signal_tracks_zoom_view_snap_grid_and_cursor" time="0.001" /><testcase classname="tests.test_viewport_state_contract" name="test_legacy_text_signal_is_adapter_not_canonical_contract" time="0.001" /><testcase classname="tests.test_viewport_state_contract" name="test_gizmo_state_is_structured_and_emits_without_widget" time="0.001" /><testcase classname="tests.test_visual_artifact_auditor" name="test_visual_auditor_uses_contextual_palette_for_modal" time="0.005" /><testcase classname="tests.test_visual_artifact_auditor" name="test_visual_auditor_passes_valid_png_and_generates_annotation" time="0.037" /><testcase classname="tests.test_visual_artifact_auditor" name="test_visual_auditor_accepts_historical_schema2_toolbar_geometry" time="0.036" /><testcase classname="tests.test_visual_artifact_auditor" name="test_visual_auditor_fails_when_historical_schema3_requires_physical_toolbar" time="0.041" /><testcase classname="tests.test_visual_artifact_auditor" name="test_visual_auditor_rejects_retired_toolbar_metadata_in_schema4" time="0.044" /><testcase classname="tests.test_visual_artifact_auditor" name="test_visual_auditor_detects_inactive_tab_page_visible" time="0.043" /><testcase classname="tests.test_visual_artifact_auditor" name="test_visual_auditor_fails_closed_on_hash_mismatch" time="0.043" /><testcase classname="tests.test_visual_artifact_auditor" name="test_visual_auditor_fails_closed_on_transparency" time="0.043" /><testcase classname="tests.test_visual_artifact_auditor" name="test_visual_auditor_detects_sibling_overlap" time="0.044" /><testcase classname="tests.test_visual_artifact_auditor" name="test_visual_auditor_annotates_nonpositive_geometry_without_crashing" time="0.047" /><testcase classname="tests.test_visual_artifact_auditor" name="test_scenario_palette_tracks_live_theme_tokens" time="0.001" /><testcase classname="tests.test_visual_artifact_auditor" name="test_scrollable_content_contract_allows_vertical_overflow_only" time="0.001" /><testcase classname="tests.test_windows_coverage_shards" name="test_discover_test_files_is_deterministic_and_unfiltered" time="0.009" /><testcase classname="tests.test_windows_coverage_shards" name="test_build_command_keeps_official_selection_and_closes_coverage" time="0.001" /><testcase classname="tests.test_windows_coverage_shards" name="test_parse_junit_accumulates_testsuite_metrics" time="0.008" /><testcase classname="tests.test_windows_coverage_shards" name="test_output_must_be_external_to_the_project" time="0.007" /></testsuite></testsuites>