============================= test session starts =============================
platform win32 -- Python 3.11.9, pytest-9.1.1, pluggy-1.6.0
rootdir: C:\<users-redacted>\atnco\Pictures\NeoEng-D-Trace
configfile: pytest.ini
testpaths: tests
plugins: cov-7.1.0
collected 1619 items

tests\test_app_icon.py .......                                           [  0%]
tests\test_app_identity.py ..........                                    [  1%]
tests\test_atomic_export_replacement.py ....                             [  1%]
tests\test_atomic_outputs.py ..........                                  [  1%]
tests\test_audit_closure_contracts.py ...................                [  3%]
tests\test_auto_detect.py .....                                          [  3%]
tests\test_auto_detection_quality.py ............                        [  4%]
tests\test_baseline_integrity.py .....                                   [  4%]
tests\test_broadphase_sap.py ...                                         [  4%]
tests\test_collision_overlay_regression.py ..                            [  4%]
tests\test_command_selection_roundtrip.py .                              [  4%]
tests\test_creation_auto_selection.py ...                                [  5%]
tests\test_critical_numeric_coverage.py .............................    [  6%]
tests\test_critical_ui_coverage.py .................                     [  7%]
tests\test_documentation_state_contracts.py ............................ [  9%]
........                                                                 [ 10%]
tests\test_evidence_integrity.py ..........                              [ 10%]
tests\test_evidence_privacy.py F..                                       [ 10%]
tests\test_export.py ....                                                [ 11%]
tests\test_export_dialog_metadata.py ..........                          [ 11%]
tests\test_full_behavior.py ....                                         [ 11%]
tests\test_gltf_exporter_contract.py .........                           [ 12%]
tests\test_godot_plugin_scaffold.py ..                                   [ 12%]
tests\test_grabcut_pipeline.py ...................                       [ 13%]
tests\test_integration_manifest.py ..................................... [ 16%]
.........                                                                [ 16%]
tests\test_integration_sync.py .........s..s..................           [ 18%]
tests\test_json_exporter_contract.py ..........                          [ 19%]
tests\test_logger_configuration.py ..                                    [ 19%]
tests\test_magnetic_lasso_engine.py ...............                      [ 20%]
tests\test_magnetic_lasso_preview_engine.py ...                          [ 20%]
tests\test_mask_viewer.py .                                              [ 20%]
tests\test_mask_viewer_compatibility.py ..                               [ 20%]
tests\test_project_persistence_atomic.py .....                           [ 20%]
tests\test_project_persistence_failures.py ..................            [ 22%]
tests\test_project_persistence_roundtrip.py ......                       [ 22%]
tests\test_project_schema_contract.py ......................             [ 23%]
tests\test_quality_gate_integrity.py .......                             [ 24%]
tests\test_reference_gizmo.py ..                                         [ 24%]
tests\test_regression_core_contracts.py ........                         [ 24%]
tests\test_repository_reference_hygiene.py ..                            [ 24%]
tests\test_sanitize_evidence_archives.py .                               [ 25%]
tests\test_scenario_preview.py ...........                               [ 25%]
tests\test_scenario_schema_io.py .............................           [ 27%]
tests\test_scene_repair.py ...                                           [ 27%]
tests\test_selection_invariants.py ..                                    [ 27%]
tests\test_single_source_tree.py .....                                   [ 28%]
tests\test_snapping.py .....                                             [ 28%]
tests\test_stage10_closure.py ......                                     [ 28%]
tests\test_stage14_postmerge_closure.py ...                              [ 28%]
tests\test_stage1_automatic_sync_contracts.py ...                        [ 29%]
tests\test_stage1_runtime_base.py ...........                            [ 29%]
tests\test_stage1_scenario_characterization.py ..                        [ 29%]
tests\test_stage1_ui_theme.py .....                                      [ 30%]
tests\test_stage2_command_registry.py ........                           [ 30%]
tests\test_stage2_icon_dpi_matrix.py .....                               [ 31%]
tests\test_stage2_runtime_lighting.py ................                   [ 32%]
tests\test_stage2_runtime_lighting_hardening.py .....                    [ 32%]
tests\test_stage2_scene_authoring_model.py ...................           [ 33%]
tests\test_stage2_ui_icons.py ...                                        [ 33%]
tests\test_stage3_command_palette.py ........                            [ 34%]
tests\test_stage3_professional_scene_editor.py ............              [ 34%]
tests\test_stage3_runtime_shaders.py ..............                      [ 35%]
tests\test_stage3_ui_toolbar.py ...                                      [ 36%]
tests\test_stage4_global_transaction_contract.py ...                     [ 36%]
tests\test_stage4_parallax_camera.py .....................               [ 37%]
tests\test_stage4_professional_scene_authoring.py ...........            [ 38%]
tests\test_stage4_runtime_particles.py ...........................       [ 39%]
tests\test_stage4_ui_top_toolbar.py ...                                  [ 40%]
tests\test_stage4b2_preview_overlays.py ..                               [ 40%]
tests\test_stage4b3_scenario_authoring.py .........                      [ 40%]
tests\test_stage4b4_scenario_export.py ............................      [ 42%]
tests\test_stage4b5_quality.py ...                                       [ 42%]
tests\test_stage5_professional_adapters.py ..                            [ 42%]
tests\test_stage5_runtime_post_processing.py .........                   [ 43%]
tests\test_stage5_scene_authoring_persistence.py ....................... [ 44%]
......                                                                   [ 45%]
tests\test_stage5_viewport_hud.py .....                                  [ 45%]
tests\test_stage6_professional_gizmo.py .........                        [ 45%]
tests\test_stage6_runtime_triggers.py ............................       [ 47%]
tests\test_stage6_scenario_quality.py .....                              [ 47%]
tests\test_stage7_native_sync_contracts.py ..                            [ 48%]
tests\test_stage7_runtime_streaming.py ...............                   [ 49%]
tests\test_stage7_side_panels.py ...                                     [ 49%]
tests\test_stage8_runtime_adapters.py .................................. [ 51%]
.                                                                        [ 51%]
tests\test_stage9_functional_ui_audit.py .....                           [ 51%]
tests\test_stage_0_5_2d_ui.py ..                                         [ 51%]
tests\test_stage_0_5_2e_core.py ........                                 [ 52%]
tests\test_stage_0_5_2e_ui.py ....                                       [ 52%]
tests\test_stage_0_5_2f_ui.py .............                              [ 53%]
tests\test_stage_0_6n1_identity_ui.py ....                               [ 53%]
tests\test_stage_0_6n1a_runtime_ui.py ......                             [ 53%]
tests\test_stage_10_engine_profiles.py .....................             [ 55%]
tests\test_stage_11_canvas_export_branch_coverage.py ..........          [ 55%]
tests\test_stage_11_collision_sprite_branch_coverage.py .......          [ 56%]
tests\test_stage_11_command_contract_branch_coverage.py ................ [ 57%]
.....                                                                    [ 57%]
tests\test_stage_11_magnetic_lasso_branch_coverage.py ............       [ 58%]
tests\test_stage_11_main_window_branch_coverage.py ...................   [ 59%]
tests\test_stage_11_numeric_tool_branch_coverage.py .................    [ 60%]
tests\test_stage_11_pen_tool_branch_coverage.py ...............          [ 61%]
tests\test_stage_11_priority_branch_coverage.py ...........              [ 62%]
tests\test_stage_11_scene_branch_coverage.py ..............              [ 63%]
tests\test_stage_11_secondary_branch_coverage.py ...........             [ 63%]
tests\test_stage_11_ui_panel_branch_coverage.py ..........               [ 64%]
tests\test_stage_12_operational_limits.py .............................. [ 66%]
....................                                                     [ 67%]
tests\test_stage_13_qt_refactor_autosave.py ......................       [ 68%]
tests\test_stage_14_release_packaging.py ...........                     [ 69%]
tests\test_stage_4_project_ui.py ..........                              [ 70%]
tests\test_stage_5_command_manager_contract.py .............             [ 70%]
tests\test_stage_5_package_2a_object_relations.py ........               [ 71%]
tests\test_stage_5_package_2b_ui_command_paths.py .......                [ 71%]
tests\test_stage_5_package_3a_gizmo_gesture.py ........                  [ 72%]
tests\test_stage_5_package_3b_vertex_editing.py ............             [ 73%]
tests\test_stage_5_package_4a_object_deletion_paths.py ...........       [ 73%]
tests\test_stage_5_package_4b_collision_transform.py .................   [ 74%]
tests\test_stage_5_package_4c_layer_group_ui_fallbacks.py .............. [ 75%]
................                                                         [ 76%]
tests\test_stage_5_package_5a_creation_commands.py ..................... [ 77%]
........                                                                 [ 78%]
tests\test_stage_5_package_5a_creation_ui.py ...............             [ 79%]
tests\test_stage_5_package_5b_batch_commands.py .....................    [ 80%]
tests\test_stage_5_package_5b_ui_paths.py .............                  [ 81%]
tests\test_stage_5_package_5c_bezier_history.py ........................ [ 82%]
.......................................................                  [ 86%]
tests\test_stage_5_package_5c_residual_command_contracts.py ............ [ 87%]
....                                                                     [ 87%]
tests\test_stage_6_collision_export_schema.py ..........                 [ 87%]
tests\test_stage_7_cli_contract.py .................................     [ 89%]
tests\test_stage_8_bezier_geometry.py .................................. [ 92%]
....                                                                     [ 92%]
tests\test_stage_9_collision_architecture.py ........................... [ 94%]
.............                                                            [ 94%]
tests\test_tileset_animation_exporters.py .................              [ 95%]
tests\test_tools_real.py ......                                          [ 96%]
tests\test_transform_geometry_branches.py .......                        [ 96%]
tests\test_transform_gesture.py ......                                   [ 97%]
tests\test_transform_model.py .....                                      [ 97%]
tests\test_transform_preview_regression.py .                             [ 97%]
tests\test_transform_transaction_branches.py ......                      [ 97%]
tests\test_ui_defect_regressions.py .....                                [ 98%]
tests\test_ui_responsive_layout.py ....                                  [ 98%]
tests\test_unity_import_scaffold.py ..                                   [ 98%]
tests\test_unity_package_scaffold.py .....                               [ 98%]
tests\test_validation_events.py ........                                 [ 99%]
tests\test_validation_export_outputs.py ..                               [ 99%]
tests\test_view_modes_and_tools.py ...                                   [ 99%]
tests\test_visual_artifact_auditor.py .......                            [100%]

================================== FAILURES ===================================
______ test_versioned_evidence_artifacts_contain_no_unredacted_host_data ______
tests\test_evidence_privacy.py:56: in test_versioned_evidence_artifacts_contain_no_unredacted_host_data
    assert violations == []
E   assert ['docs/eviden...\r\\n\\"<>]+'] == []
E     
E     Left contains one more item: 'docs/evidence/artifacts/ui-modernization-stage2-dpi-20260823-r3/stage2-full-pytest.log: <host-pattern-redacted>[\\\\/]<users-redacted>[\\\\/][^\\r\\n\\"<>]+'
E     Use -v to get more diff
=========================== short test summary info ===========================
FAILED tests/test_evidence_privacy.py::test_versioned_evidence_artifacts_contain_no_unredacted_host_data
================= 1 failed, 1616 passed, 2 skipped in 40.75s ==================
