============================= test session starts =============================
platform win32 -- Python 3.11.9, pytest-9.1.1, pluggy-1.6.0
rootdir: <local-path>
configfile: pytest.ini
testpaths: tests
plugins: cov-7.1.0
collected 1175 items

tests\test_app_identity.py ..........                                    [  0%]
tests\test_atomic_export_replacement.py ....                             [  1%]
tests\test_atomic_outputs.py ..........                                  [  2%]
tests\test_audit_closure_contracts.py ...................                [  3%]
tests\test_auto_detect.py .....                                          [  4%]
tests\test_auto_detection_quality.py ............                        [  5%]
tests\test_baseline_integrity.py ...                                     [  5%]
tests\test_broadphase_sap.py ...                                         [  5%]
tests\test_collision_overlay_regression.py ..                            [  5%]
tests\test_command_selection_roundtrip.py .                              [  5%]
tests\test_creation_auto_selection.py ...                                [  6%]
tests\test_critical_numeric_coverage.py .............................    [  8%]
tests\test_critical_ui_coverage.py .................                     [ 10%]
tests\test_documentation_state_contracts.py ............................ [ 12%]
........                                                                 [ 13%]
tests\test_evidence_integrity.py .......                                 [ 13%]
tests\test_export.py ....                                                [ 14%]
tests\test_export_dialog_metadata.py ..........                          [ 14%]
tests\test_full_behavior.py ....                                         [ 15%]
tests\test_gltf_exporter_contract.py .........                           [ 16%]
tests\test_godot_plugin_scaffold.py ..                                   [ 16%]
tests\test_grabcut_pipeline.py ...................                       [ 17%]
tests\test_integration_manifest.py ..................................... [ 20%]
.........                                                                [ 21%]
tests\test_integration_sync.py .........s..s.........                    [ 23%]
tests\test_json_exporter_contract.py ..........                          [ 24%]
tests\test_logger_configuration.py ..                                    [ 24%]
tests\test_magnetic_lasso_engine.py ...............                      [ 25%]
tests\test_magnetic_lasso_preview_engine.py ...                          [ 26%]
tests\test_mask_viewer.py .                                              [ 26%]
tests\test_mask_viewer_compatibility.py ..                               [ 26%]
tests\test_project_persistence_atomic.py .....                           [ 26%]
tests\test_project_persistence_failures.py ..................            [ 28%]
tests\test_project_persistence_roundtrip.py ......                       [ 28%]
tests\test_project_schema_contract.py ......................             [ 30%]
tests\test_quality_gate_integrity.py .......                             [ 31%]
tests\test_reference_gizmo.py ..                                         [ 31%]
tests\test_regression_core_contracts.py ........                         [ 32%]
tests\test_repository_reference_hygiene.py ..                            [ 32%]
tests\test_sanitize_evidence_archives.py .                               [ 32%]
tests\test_scene_repair.py ...                                           [ 32%]
tests\test_selection_invariants.py ..                                    [ 32%]
tests\test_single_source_tree.py .....                                   [ 33%]
tests\test_snapping.py .....                                             [ 33%]
tests\test_stage10_closure.py ......                                     [ 34%]
tests\test_stage14_postmerge_closure.py ..                               [ 34%]
tests\test_stage7_native_sync_contracts.py ..                            [ 34%]
tests\test_stage_0_5_2d_ui.py ..                                         [ 34%]
tests\test_stage_0_5_2e_core.py ........                                 [ 35%]
tests\test_stage_0_5_2e_ui.py ....                                       [ 35%]
tests\test_stage_0_5_2f_ui.py .............                              [ 36%]
tests\test_stage_0_6n1_identity_ui.py ....                               [ 37%]
tests\test_stage_0_6n1a_runtime_ui.py ......                             [ 37%]
tests\test_stage_10_engine_profiles.py ....................              [ 39%]
tests\test_stage_11_canvas_export_branch_coverage.py ..........          [ 40%]
tests\test_stage_11_collision_sprite_branch_coverage.py .......          [ 40%]
tests\test_stage_11_command_contract_branch_coverage.py ................ [ 42%]
.....                                                                    [ 42%]
tests\test_stage_11_magnetic_lasso_branch_coverage.py ............       [ 43%]
tests\test_stage_11_main_window_branch_coverage.py ...................   [ 45%]
tests\test_stage_11_numeric_tool_branch_coverage.py .................    [ 46%]
tests\test_stage_11_pen_tool_branch_coverage.py ...............          [ 48%]
tests\test_stage_11_priority_branch_coverage.py ...........              [ 48%]
tests\test_stage_11_scene_branch_coverage.py ..............              [ 50%]
tests\test_stage_11_secondary_branch_coverage.py ...........             [ 51%]
tests\test_stage_11_ui_panel_branch_coverage.py ..........               [ 51%]
tests\test_stage_12_operational_limits.py .............................. [ 54%]
....................                                                     [ 56%]
tests\test_stage_13_qt_refactor_autosave.py ......................       [ 58%]
tests\test_stage_14_release_packaging.py ...........                     [ 58%]
tests\test_stage_4_project_ui.py ..........                              [ 59%]
tests\test_stage_5_command_manager_contract.py .............             [ 60%]
tests\test_stage_5_package_2a_object_relations.py ........               [ 61%]
tests\test_stage_5_package_2b_ui_command_paths.py .......                [ 62%]
tests\test_stage_5_package_3a_gizmo_gesture.py ........                  [ 62%]
tests\test_stage_5_package_3b_vertex_editing.py ............             [ 63%]
tests\test_stage_5_package_4a_object_deletion_paths.py ...........       [ 64%]
tests\test_stage_5_package_4b_collision_transform.py .................   [ 66%]
tests\test_stage_5_package_4c_layer_group_ui_fallbacks.py .............. [ 67%]
................                                                         [ 68%]
tests\test_stage_5_package_5a_creation_commands.py ..................... [ 70%]
........                                                                 [ 71%]
tests\test_stage_5_package_5a_creation_ui.py ...............             [ 72%]
tests\test_stage_5_package_5b_batch_commands.py .....................    [ 74%]
tests\test_stage_5_package_5b_ui_paths.py .............                  [ 75%]
tests\test_stage_5_package_5c_bezier_history.py ........................ [ 77%]
.......................................................                  [ 82%]
tests\test_stage_5_package_5c_residual_command_contracts.py ............ [ 83%]
....                                                                     [ 83%]
tests\test_stage_6_collision_export_schema.py ..........                 [ 84%]
tests\test_stage_7_cli_contract.py .................................     [ 87%]
tests\test_stage_8_bezier_geometry.py .................................. [ 90%]
....                                                                     [ 90%]
tests\test_stage_9_collision_architecture.py ........................... [ 92%]
.............                                                            [ 93%]
tests\test_tileset_animation_exporters.py .................              [ 95%]
tests\test_tools_real.py ......                                          [ 95%]
tests\test_transform_geometry_branches.py .......                        [ 96%]
tests\test_transform_gesture.py ......                                   [ 96%]
tests\test_transform_model.py .....                                      [ 97%]
tests\test_transform_preview_regression.py .                             [ 97%]
tests\test_transform_transaction_branches.py ......                      [ 97%]
tests\test_ui_responsive_layout.py ..                                    [ 98%]
tests\test_unity_import_scaffold.py ..                                   [ 98%]
tests\test_unity_package_scaffold.py ...                                 [ 98%]
tests\test_validation_events.py ........                                 [ 99%]
tests\test_validation_export_outputs.py ..                               [ 99%]
tests\test_view_modes_and_tools.py ...                                   [ 99%]
tests\test_visual_artifact_auditor.py ....                               [100%]

============================== warnings summary ===============================
tests/test_grabcut_pipeline.py: 10 warnings
  <local-path> DeprecationWarning: Function: 'QMouseEvent.QMouseEvent(QEvent.Type type, const QPointF &localPos, Qt.MouseButton button, QFlags<Qt.MouseButton> buttons, QFlags<Qt.KeyboardModifier> modifiers, const QPointingDevice *device)' is marked as deprecated, please check the documentation for more information.
    return QMouseEvent(

-- Docs: <local-url>
================ 1173 passed, 2 skipped, 10 warnings in 18.36s ================
