============================= test session starts =============================
platform win32 -- Python 3.11.9, pytest-9.1.1, pluggy-1.6.0
rootdir: WORKSPACE
configfile: pytest.ini
testpaths: tests
plugins: anyio-4.14.2, cov-7.1.0
collected 2632 items

tests\test_app_icon.py .......                                           [  0%]
tests\test_app_identity.py ...........                                   [  0%]
tests\test_asset_packs.py ...........                                    [  1%]
tests\test_atomic_export_replacement.py ....                             [  1%]
tests\test_atomic_outputs.py ..........                                  [  1%]
tests\test_audit_closure_contracts.py ...................                [  2%]
tests\test_auto_detect.py ......                                         [  2%]
tests\test_auto_detection_quality.py ............                        [  3%]
tests\test_baseline_integrity.py .....                                   [  3%]
tests\test_broadphase_sap.py ...                                         [  3%]
tests\test_collision_overlay_regression.py ..                            [  3%]
tests\test_command_selection_roundtrip.py .                              [  3%]
tests\test_composition_export.py ........                                [  3%]
tests\test_conformance_adapter_infrastructure.py ........                [  4%]
tests\test_conformance_aggregate_gate.py ..........                      [  4%]
tests\test_conformance_evidence_schema.py .......                        [  4%]
tests\test_conformance_multiaxis_contract.py .......                     [  4%]
tests\test_conformance_stage1_visual_adapter.py .......                  [  5%]
tests\test_conformance_stage9_behavior_adapter.py ........               [  5%]
tests\test_conformance_stage9_geometry_adapter.py .......                [  5%]
tests\test_continuity_registry.py ...                                    [  5%]
tests\test_creation_auto_selection.py ...                                [  6%]
tests\test_critical_numeric_coverage.py .............................    [  7%]
tests\test_critical_ui_coverage.py ....................                  [  7%]
tests\test_document_index_canonical_contract.py .                        [  7%]
tests\test_documentation_state_contracts.py ............................ [  9%]
........                                                                 [  9%]
tests\test_e01_backend_bench.py ..                                       [  9%]
tests\test_e04_tilemap_contract.py ..........................            [ 10%]
tests\test_e04_tilemap_ui.py .........                                   [ 10%]
tests\test_e05_collider_commands.py ...                                  [ 10%]
tests\test_e05_collider_persistence.py ...                               [ 10%]
tests\test_e05_collider_ui.py ..                                         [ 11%]
tests\test_e05_colliders_contract.py ....                                [ 11%]
tests\test_e06_navmesh_contract.py ......                                [ 11%]
tests\test_e06_navmesh_ui.py ..                                          [ 11%]
tests\test_e07_entities_contract.py ......                               [ 11%]
tests\test_e07_entities_ui.py .                                          [ 11%]
tests\test_e08_fx_authoring.py ....                                      [ 11%]
tests\test_e08_lighting_pixels.py ....                                   [ 12%]
tests\test_e08_material_authoring.py .....                               [ 12%]
tests\test_e08_parallax_contract.py ............                         [ 12%]
tests\test_e08_renderer_plan.py ....                                     [ 12%]
tests\test_e08_temporal_qualification.py ....                            [ 12%]
tests\test_e09_contour_editing.py .....                                  [ 13%]
tests\test_e09_vector_contour_panel.py ..                                [ 13%]
tests\test_e09_vector_scene_resource.py .....                            [ 13%]
tests\test_e09_vectorization.py .......                                  [ 13%]
tests\test_e27_collision_gizmo_lifecycle.py ...                          [ 13%]
tests\test_e28_viewport_inspector_audit.py ...                           [ 13%]
tests\test_e29_polygon_selection.py .....                                [ 14%]
tests\test_error_presentation_contract.py ............                   [ 14%]
tests\test_error_presentation_gizmo_contract.py ..........               [ 14%]
tests\test_error_presentation_layers_panel_contract.py .....             [ 15%]
tests\test_error_presentation_side_panel_contract.py .....               [ 15%]
tests\test_evidence_integrity.py ..........                              [ 15%]
tests\test_evidence_privacy.py ...                                       [ 15%]
tests\test_export.py ....                                                [ 15%]
tests\test_export_dialog_metadata.py ..........                          [ 16%]
tests\test_formal_legacy_gate.py ....                                    [ 16%]
tests\test_formal_legacy_reconciliation.py ..                            [ 16%]
tests\test_full_behavior.py ....                                         [ 16%]
tests\test_functional_user_flows.py .....                                [ 16%]
tests\test_gltf_exporter_contract.py .........                           [ 17%]
tests\test_godot_plugin_scaffold.py ..                                   [ 17%]
tests\test_governance_evidence_canonical_contract.py ..                  [ 17%]
tests\test_governance_evidence_negative_contract.py ..                   [ 17%]
tests\test_governance_evidence_pipeline.py ...                           [ 17%]
tests\test_governance_official_entrypoint.py ..                          [ 17%]
tests\test_grabcut_pipeline.py ...................                       [ 18%]
tests\test_independent_scene_contract.py ........                        [ 18%]
tests\test_independent_scene_primitives.py .................             [ 19%]
tests\test_independent_scene_ui.py .......                               [ 19%]
tests\test_integration_manifest.py ..................................... [ 21%]
.........                                                                [ 21%]
tests\test_integration_sync.py .........s..s..................           [ 22%]
tests\test_json_exporter_contract.py ..........                          [ 22%]
tests\test_legacy_phase1_contracts.py ........                           [ 23%]
tests\test_legacy_phase2_contracts.py ............                       [ 23%]
tests\test_legacy_phase3_contracts.py ...........                        [ 24%]
tests\test_legacy_phase4_contracts.py ...........                        [ 24%]
tests\test_logger_configuration.py ..                                    [ 24%]
tests\test_magnetic_lasso_engine.py ...............                      [ 25%]
tests\test_magnetic_lasso_preview_engine.py ...                          [ 25%]
tests\test_mask_viewer.py ..                                             [ 25%]
tests\test_mask_viewer_compatibility.py ..                               [ 25%]
tests\test_merge_coverage_authoring_contracts.py ............            [ 25%]
tests\test_p2d05_status_notice.py ..............                         [ 26%]
tests\test_p2d_01_assets.py ......                                       [ 26%]
tests\test_p2d_01b_asset_lifecycle.py .........                          [ 27%]
tests\test_p2d_02a_layer_flow.py ..                                      [ 27%]
tests\test_p2d_02b_group_hierarchy_flow.py ...                           [ 27%]
tests\test_p2d_03a_professional_selection.py .....                       [ 27%]
tests\test_p2d_03b_edit_operations.py ..........                         [ 27%]
tests\test_p2d_03b_negative_contracts.py ..........                      [ 28%]
tests\test_p2d_03b_professional_inspector.py ..                          [ 28%]
tests\test_p2d_03b_professional_viewport.py ...                          [ 28%]
tests\test_p2d_03b_v2_and_legacy_boundary.py ..                          [ 28%]
tests\test_p2d_03c_navigation_math.py ....                               [ 28%]
tests\test_p2d_03c_professional_flow.py .                                [ 28%]
tests\test_p2d_03c_viewport.py ......                                    [ 28%]
tests\test_p2d_04_persistence_recovery_export.py ..........              [ 29%]
tests\test_p2d_05_o1_history.py ....                                     [ 29%]
tests\test_p2d_05_o2_preview.py ............                             [ 29%]
tests\test_pen_creation_gestures.py .................................... [ 31%]
...............                                                          [ 31%]
tests\test_portuguese_tooltip_contract.py ..                             [ 31%]
tests\test_post_e13_boundary_contracts.py .............................. [ 32%]
........................................................................ [ 35%]
........................................................................ [ 38%]
........................................................................ [ 41%]
........................................................................ [ 43%]
.........                                                                [ 44%]
tests\test_post_e13_directional_orientable.py .......                    [ 44%]
tests\test_post_e13_hybrid_3d_authoring.py ......                        [ 44%]
tests\test_post_e13_particle_authoring.py .......                        [ 45%]
tests\test_post_e13_particle_runtime_native.py ...                       [ 45%]
tests\test_post_e13_particle_scene_export_native.py ....                 [ 45%]
tests\test_post_e13_professional_authoring_ux.py ....                    [ 45%]
tests\test_post_e13_regressions.py ....                                  [ 45%]
tests\test_post_e13_scene_studio.py ..................                   [ 46%]
tests\test_post_e13_tilemap_runtime_engines.py .                         [ 46%]
tests\test_post_e13_tilemap_tileset_authoring.py ...                     [ 46%]
tests\test_post_e13_tzdata_packaging.py .                                [ 46%]
tests\test_post_e13_unity_diagnostics.py ...                             [ 46%]
tests\test_project_persistence_atomic.py .....                           [ 46%]
tests\test_project_persistence_failures.py ..................            [ 47%]
tests\test_project_persistence_roundtrip.py ......                       [ 47%]
tests\test_project_schema_contract.py ......................             [ 48%]
tests\test_qt_lifecycle_regression.py .....                              [ 48%]
tests\test_quality_gate_integrity.py .......                             [ 48%]
tests\test_reference_gizmo.py ..                                         [ 49%]
tests\test_regression_core_contracts.py ........                         [ 49%]
tests\test_repository_reference_hygiene.py ..                            [ 49%]
tests\test_sanitize_evidence_archives.py .                               [ 49%]
tests\test_scenario_preview.py ...........                               [ 49%]
tests\test_scenario_schema_io.py .............................           [ 50%]
tests\test_scene_repair.py ...                                           [ 51%]
tests\test_selection_invariants.py ..                                    [ 51%]
tests\test_single_source_tree.py .....                                   [ 51%]
tests\test_snapping.py .....                                             [ 51%]
tests\test_snapshot_chain.py ..                                          [ 51%]
tests\test_stage10_accessibility.py .....                                [ 51%]
tests\test_stage10_closure.py ......                                     [ 52%]
tests\test_stage14_postmerge_closure.py ...                              [ 52%]
tests\test_stage1_automatic_sync_contracts.py ...                        [ 52%]
tests\test_stage1_contract_audit.py .                                    [ 52%]
tests\test_stage1_runtime_base.py ...........                            [ 52%]
tests\test_stage1_scenario_characterization.py ..                        [ 52%]
tests\test_stage1_ui_theme.py .....                                      [ 53%]
tests\test_stage2_command_registry.py .........                          [ 53%]
tests\test_stage2_contract_audit.py .                                    [ 53%]
tests\test_stage2_icon_dpi_matrix.py .....                               [ 53%]
tests\test_stage2_runtime_lighting.py ................                   [ 54%]
tests\test_stage2_runtime_lighting_hardening.py .....                    [ 54%]
tests\test_stage2_scene_authoring_model.py ...................           [ 55%]
tests\test_stage2_ui_icons.py ...                                        [ 55%]
tests\test_stage3_command_palette.py ........                            [ 55%]
tests\test_stage3_professional_scene_editor.py ..............            [ 56%]
tests\test_stage3_runtime_shaders.py ...............                     [ 56%]
tests\test_stage3_ui_toolbar.py .....                                    [ 56%]
tests\test_stage4_global_transaction_contract.py ...                     [ 56%]
tests\test_stage4_parallax_camera.py ......................              [ 57%]
tests\test_stage4_professional_scene_authoring.py ...........            [ 58%]
tests\test_stage4_runtime_particles.py ...........................       [ 59%]
tests\test_stage4_ui_top_toolbar.py ......                               [ 59%]
tests\test_stage4b2_preview_overlays.py ..                               [ 59%]
tests\test_stage4b3_scenario_authoring.py .........                      [ 59%]
tests\test_stage4b4_scenario_export.py ............................      [ 60%]
tests\test_stage4b5_quality.py ...                                       [ 61%]
tests\test_stage5_professional_adapters.py ..                            [ 61%]
tests\test_stage5_runtime_post_processing.py .........                   [ 61%]
tests\test_stage5_scene_authoring_persistence.py ....................... [ 62%]
......                                                                   [ 62%]
tests\test_stage5_viewport_hud.py .....                                  [ 62%]
tests\test_stage5_viewport_hud_contract.py .............                 [ 63%]
tests\test_stage6_gizmo_gap_closure.py .....                             [ 63%]
tests\test_stage6_professional_gizmo.py .........                        [ 63%]
tests\test_stage6_runtime_triggers.py ............................       [ 64%]
tests\test_stage6_scenario_quality.py .....                              [ 65%]
tests\test_stage7_native_sync_contracts.py ..                            [ 65%]
tests\test_stage7_runtime_streaming.py ...............                   [ 65%]
tests\test_stage7_side_panels.py ...                                     [ 65%]
tests\test_stage7_side_panels_completion.py .....                        [ 65%]
tests\test_stage8_runtime_adapters.py .................................. [ 67%]
.                                                                        [ 67%]
tests\test_stage8_scenario_editor_separation.py ...................      [ 68%]
tests\test_stage9_functional_ui_audit.py .......                         [ 68%]
tests\test_stage9_responsive_dpi_matrix.py ...                           [ 68%]
tests\test_stage_0_5_2d_ui.py ..                                         [ 68%]
tests\test_stage_0_5_2e_core.py ........                                 [ 68%]
tests\test_stage_0_5_2e_ui.py ....                                       [ 68%]
tests\test_stage_0_5_2f_ui.py .............                              [ 69%]
tests\test_stage_0_6n1_identity_ui.py ....                               [ 69%]
tests\test_stage_0_6n1a_runtime_ui.py ......                             [ 69%]
tests\test_stage_10_engine_profiles.py .....................             [ 70%]
tests\test_stage_11_canvas_export_branch_coverage.py ..........          [ 70%]
tests\test_stage_11_collision_sprite_branch_coverage.py .......          [ 71%]
tests\test_stage_11_command_contract_branch_coverage.py ................ [ 71%]
.......                                                                  [ 72%]
tests\test_stage_11_magnetic_lasso_branch_coverage.py ..............     [ 72%]
tests\test_stage_11_main_window_branch_coverage.py ...................   [ 73%]
tests\test_stage_11_numeric_tool_branch_coverage.py .................    [ 74%]
tests\test_stage_11_pen_tool_branch_coverage.py ...............          [ 74%]
tests\test_stage_11_priority_branch_coverage.py .............            [ 75%]
tests\test_stage_11_scene_branch_coverage.py ..............              [ 75%]
tests\test_stage_11_secondary_branch_coverage.py ............            [ 76%]
tests\test_stage_11_ui_panel_branch_coverage.py ..........               [ 76%]
tests\test_stage_12_operational_limits.py .............................. [ 77%]
....................                                                     [ 78%]
tests\test_stage_13_qt_refactor_autosave.py ......................       [ 79%]
tests\test_stage_14_release_packaging.py ...........                     [ 79%]
tests\test_stage_4_project_ui.py ..........                              [ 79%]
tests\test_stage_5_command_manager_contract.py .............             [ 80%]
tests\test_stage_5_package_2a_object_relations.py ........               [ 80%]
tests\test_stage_5_package_2b_ui_command_paths.py .......                [ 81%]
tests\test_stage_5_package_3a_gizmo_gesture.py ........                  [ 81%]
tests\test_stage_5_package_3b_vertex_editing.py ............             [ 81%]
tests\test_stage_5_package_4a_object_deletion_paths.py ...........       [ 82%]
tests\test_stage_5_package_4b_collision_transform.py ..................  [ 82%]
tests\test_stage_5_package_4c_layer_group_ui_fallbacks.py .............. [ 83%]
................                                                         [ 84%]
tests\test_stage_5_package_5a_creation_commands.py ..................... [ 84%]
........                                                                 [ 85%]
tests\test_stage_5_package_5a_creation_ui.py ...............             [ 85%]
tests\test_stage_5_package_5b_batch_commands.py .....................    [ 86%]
tests\test_stage_5_package_5b_ui_paths.py ................               [ 87%]
tests\test_stage_5_package_5c_bezier_history.py ........................ [ 88%]
.......................................................                  [ 90%]
tests\test_stage_5_package_5c_residual_command_contracts.py ............ [ 90%]
....                                                                     [ 90%]
tests\test_stage_6_collision_export_schema.py ..........                 [ 91%]
tests\test_stage_7_cli_contract.py .................................     [ 92%]
tests\test_stage_8_bezier_geometry.py .................................. [ 93%]
....                                                                     [ 93%]
tests\test_stage_9_collision_architecture.py ........................... [ 94%]
.............                                                            [ 95%]
tests\test_stage_baseline_contract.py ...                                [ 95%]
tests\test_tilemap_runtime_export.py .......                             [ 95%]
tests\test_tileset_animation_exporters.py .................              [ 96%]
tests\test_tileset_authoring_panel.py ..                                 [ 96%]
tests\test_tool_adapter_error_contracts.py ..                            [ 96%]
tests\test_tools_real.py ......                                          [ 96%]
tests\test_top_command_contract.py ......                                [ 96%]
tests\test_transform_geometry_branches.py .......                        [ 97%]
tests\test_transform_gesture.py ......                                   [ 97%]
tests\test_transform_model.py .....                                      [ 97%]
tests\test_transform_preview_regression.py .                             [ 97%]
tests\test_transform_transaction_branches.py ......                      [ 97%]
tests\test_ui_capture_contract.py .                                      [ 97%]
tests\test_ui_defect_regressions.py ........                             [ 98%]
tests\test_ui_responsive_layout.py ......                                [ 98%]
tests\test_unity_import_scaffold.py ..                                   [ 98%]
tests\test_unity_package_scaffold.py .....                               [ 98%]
tests\test_validation_events.py ........                                 [ 99%]
tests\test_validation_export_outputs.py ..                               [ 99%]
tests\test_view_modes_and_tools.py ...                                   [ 99%]
tests\test_viewport_state_contract.py ....                               [ 99%]
tests\test_visual_artifact_auditor.py ............                       [ 99%]
tests\test_windows_coverage_shards.py ....                               [100%]

- generated xml file: WORKSPACE\artifacts\audit-post-e13-official-suite-safe-host-20260913-r4\official-junit.xml -
================= 2630 passed, 2 skipped in 84.68s (0:01:24) ==================
