<?xml version="1.0" encoding="utf-8"?><testsuites name="pytest tests"><testsuite name="pytest" errors="0" failures="0" skipped="0" tests="17" time="1.925" timestamp="2026-08-23T16:02:23.678312-03:00" hostname="Ailton"><testcase classname="tests.test_stage8_scenario_editor_separation" name="test_dedicated_surface_has_required_components_and_isolated_close" time="0.691" /><testcase classname="tests.test_stage8_scenario_editor_separation" name="test_layer_stack_and_transform_use_the_same_professional_session" time="0.037" /><testcase classname="tests.test_stage8_scenario_editor_separation" name="test_numeric_save_reload_and_export_are_real_v2_artifacts" time="0.056" /><testcase classname="tests.test_stage8_scenario_editor_separation" name="test_camera_parallax_sockets_and_overlay_contracts_are_editable" time="0.033" /><testcase classname="tests.test_stage8_scenario_editor_separation" name="test_preview_mode_is_read_only_and_overlay_is_visual_only" time="0.042" /><testcase classname="tests.test_stage8_scenario_editor_separation" name="test_scenario_undo_redo_and_close_preserve_state_without_main_history" time="0.030" /><testcase classname="tests.test_stage8_scenario_editor_separation" name="test_dedicated_editor_resize_matrix_keeps_critical_widgets_accessible[size0]" time="0.033" /><testcase classname="tests.test_stage8_scenario_editor_separation" name="test_dedicated_editor_resize_matrix_keeps_critical_widgets_accessible[size1]" time="0.033" /><testcase classname="tests.test_stage8_scenario_editor_separation" name="test_dedicated_editor_resize_matrix_keeps_critical_widgets_accessible[size2]" time="0.038" /><testcase classname="tests.test_stage8_scenario_editor_separation" name="test_professional_dirty_state_survives_close_reopen_and_save" time="0.044" /><testcase classname="tests.test_stage8_scenario_editor_separation" name="test_selection_is_reflected_in_viewport_layer_stack_and_inspector" time="0.030" /><testcase classname="tests.test_stage8_scenario_editor_separation" name="test_layer_stack_covers_add_remove_rename_reorder_visibility_lock_and_selection" time="0.038" /><testcase classname="tests.test_stage8_scenario_editor_separation" name="test_overlay_changes_rendered_pixels_without_mutating_document" time="0.092" /><testcase classname="tests.test_stage8_scenario_editor_separation" name="test_preview_blocks_numeric_clicks_and_real_asset_drop" time="0.032" /><testcase classname="tests.test_stage8_scenario_editor_separation" name="test_export_is_schema_valid_deterministic_and_hash_bound" time="0.041" /><testcase classname="tests.test_stage8_scenario_editor_separation" name="test_unavailable_editor_actions_and_language_fallback_are_explicit" time="0.007" /><testcase classname="tests.test_stage8_scenario_editor_separation" name="test_existing_sidecar_and_failure_paths_remain_observable" time="0.070" /></testsuite></testsuites>