============================= test session starts =============================
platform win32 -- Python 3.11.9, pytest-9.1.1, pluggy-1.6.0
rootdir: C:\NeoEngSource
configfile: pytest.ini
plugins: anyio-4.14.2, cov-7.1.0
collected 31 items / 29 deselected / 2 selected

tests\test_integration_sync.py ..                                        [100%]

============================== warnings summary ===============================
..\NeoEngVenv\Lib\site-packages\_pytest\cacheprovider.py:469
  C:\NeoEngVenv\Lib\site-packages\_pytest\cacheprovider.py:469: PytestCacheWarning: cache could not write path C:\NeoEngSource\.pytest_cache\v\cache\nodeids: [Errno 13] Permission denied: 'C:\\NeoEngSource\\.pytest_cache\\v\\cache\\nodeids'
    config.cache.set("cache/nodeids", sorted(self.cached_nodeids))

-- Docs: https://docs.pytest.org/en/stable/how-to/capture-warnings.html
-------------- generated xml file: C:\Evidence\symlink-junit.xml --------------
================= 2 passed, 29 deselected, 1 warning in 1.49s =================
