<?xml version="1.0" encoding="utf-8"?><testsuites name="pytest tests"><testsuite name="pytest" errors="0" failures="0" skipped="0" tests="31" time="0.510" timestamp="2026-09-13T11:49:21.115934+00:00" hostname="43bd01f67454"><testcase classname="test_integration_sync" name="test_dry_run_does_not_create_root_or_outputs" time="0.004" /><testcase classname="test_integration_sync" name="test_inside_rejects_destination_outside_root" time="0.001" /><testcase classname="test_integration_sync" name="test_plan_is_deterministic_and_reports_unchanged_content" time="0.001" /><testcase classname="test_integration_sync" name="test_plan_rejects_unsafe_destinations[]" time="0.001" /><testcase classname="test_integration_sync" name="test_plan_rejects_unsafe_destinations[../escape.txt]" time="0.001" /><testcase classname="test_integration_sync" name="test_plan_rejects_unsafe_destinations[nested/../../escape.txt]" time="0.001" /><testcase classname="test_integration_sync" name="test_plan_rejects_unsafe_destinations[/absolute.txt]" time="0.001" /><testcase classname="test_integration_sync" name="test_plan_rejects_unsafe_destinations[C:/escape.txt]" time="0.001" /><testcase classname="test_integration_sync" name="test_plan_rejects_unsafe_destinations[nested/]" time="0.001" /><testcase classname="test_integration_sync" name="test_plan_rejects_symlink_escape" time="0.001" /><testcase classname="test_integration_sync" name="test_plan_rejects_duplicate_normalized_destinations" time="0.001" /><testcase classname="test_integration_sync" name="test_plan_rejects_existing_file_as_generated_root" time="0.001" /><testcase classname="test_integration_sync" name="test_plan_rejects_symlink_destination" time="0.001" /><testcase classname="test_integration_sync" name="test_apply_plan_commits_all_outputs_and_is_repeatable" time="0.003" /><testcase classname="test_integration_sync" name="test_apply_plan_rejects_payload_drift_without_mutation" time="0.001" /><testcase classname="test_integration_sync" name="test_apply_plan_rejects_changed_output_set_without_mutation" time="0.002" /><testcase classname="test_integration_sync" name="test_apply_plan_rolls_back_when_second_output_fails" time="0.003" /><testcase classname="test_integration_sync" name="test_validate_manifest_sources_checks_actual_image_hash" time="0.020" /><testcase classname="test_integration_sync" name="test_validate_manifest_sources_rejects_atlas_hash_drift" time="0.001" /><testcase classname="test_integration_sync" name="test_validate_manifest_sources_rejects_missing_atlas_path" time="0.001" /><testcase classname="test_integration_sync" name="test_manifest_payload_hash_is_canonical_and_detects_mutation" time="0.001" /><testcase classname="test_integration_sync" name="test_manifest_payload_hash_rejects_missing_metadata" time="0.004" /><testcase classname="test_integration_sync" name="test_manifest_batch_plan_is_deterministic_and_does_not_write" time="0.002" /><testcase classname="test_integration_sync" name="test_manifest_batch_commits_all_manifests_once_and_is_repeatable" time="0.002" /><testcase classname="test_integration_sync" name="test_manifest_batch_rolls_back_prior_manifest_when_later_output_fails" time="0.003" /><testcase classname="test_integration_sync" name="test_manifest_batch_rejects_cross_manifest_duplicate_before_writing" time="0.001" /><testcase classname="test_integration_sync" name="test_manifest_batch_rejects_changed_manifest_without_mutation" time="0.001" /><testcase classname="test_integration_sync" name="test_manifest_batch_rejects_invalid_mapping_keys_without_mutation[None]" time="0.001" /><testcase classname="test_integration_sync" name="test_manifest_batch_rejects_invalid_mapping_keys_without_mutation[candidate1]" time="0.001" /><testcase classname="test_integration_sync" name="test_manifest_batch_rejects_non_mapping_manifest_outputs" time="0.002" /><testcase classname="test_integration_sync" name="test_manifest_batch_rejects_changed_manifest_outputs_without_mutation" time="0.002" /></testsuite></testsuites>