============================= test session starts =============================
platform win32 -- Python 3.11.9, pytest-9.1.1, pluggy-1.6.0
rootdir: <repo>
configfile: pytest.ini
testpaths: tests
plugins: cov-7.1.0
collected 1442 items

tests\test_app_icon.py .......                                           [  0%]
tests\test_app_identity.py ..........                                    [  1%]
tests\test_atomic_export_replacement.py ....                             [  1%]
tests\test_atomic_outputs.py ..........                                  [  2%]
tests\test_audit_closure_contracts.py ...................                [  3%]
tests\test_auto_detect.py .....                                          [  3%]
tests\test_auto_detection_quality.py ............                        [  4%]
tests\test_baseline_integrity.py ....                                    [  4%]
tests\test_broadphase_sap.py ...                                         [  5%]
tests\test_collision_overlay_regression.py ..                            [  5%]
tests\test_command_selection_roundtrip.py .                              [  5%]
tests\test_creation_auto_selection.py ...                                [  5%]
tests\test_critical_numeric_coverage.py .............................    [  7%]
tests\test_critical_ui_coverage.py .................                     [  8%]
tests\test_documentation_state_contracts.py ............................ [ 10%]
........                                                                 [ 11%]
tests\test_evidence_integrity.py ..........                              [ 11%]
tests\test_evidence_privacy.py ...                                       [ 12%]
tests\test_export.py ....                                                [ 12%]
tests\test_export_dialog_metadata.py ..........                          [ 13%]
tests\test_full_behavior.py ....                                         [ 13%]
tests\test_gltf_exporter_contract.py .........                           [ 14%]
tests\test_godot_plugin_scaffold.py ..                                   [ 14%]
tests\test_grabcut_pipeline.py ...................                       [ 15%]
tests\test_integration_manifest.py ..................................... [ 18%]
.........                                                                [ 18%]
tests\test_integration_sync.py .........s..s..................           [ 20%]
tests\test_json_exporter_contract.py ..........                          [ 21%]
tests\test_logger_configuration.py ..                                    [ 21%]
tests\test_magnetic_lasso_engine.py ...............                      [ 22%]
tests\test_magnetic_lasso_preview_engine.py ...                          [ 22%]
tests\test_mask_viewer.py .                                              [ 22%]
tests\test_mask_viewer_compatibility.py ..                               [ 23%]
tests\test_project_persistence_atomic.py .....                           [ 23%]
tests\test_project_persistence_failures.py ..................            [ 24%]
tests\test_project_persistence_roundtrip.py ......                       [ 25%]
tests\test_project_schema_contract.py ......................             [ 26%]
tests\test_quality_gate_integrity.py .......                             [ 27%]
tests\test_reference_gizmo.py ..                                         [ 27%]
tests\test_regression_core_contracts.py ........                         [ 27%]
tests\test_repository_reference_hygiene.py ..                            [ 27%]
tests\test_sanitize_evidence_archives.py .                               [ 28%]
tests\test_scenario_preview.py ...........                               [ 28%]
tests\test_scenario_schema_io.py .............................           [ 30%]
tests\test_scene_repair.py ...                                           [ 30%]
tests\test_selection_invariants.py ..                                    [ 31%]
tests\test_single_source_tree.py .....                                   [ 31%]
tests\test_snapping.py .....                                             [ 31%]
tests\test_stage10_closure.py ......                                     [ 32%]
tests\test_stage14_postmerge_closure.py ...                              [ 32%]
tests\test_stage1_automatic_sync_contracts.py ...                        [ 32%]
tests\test_stage1_runtime_base.py ...........                            [ 33%]
tests\test_stage1_scenario_characterization.py ..                        [ 33%]
tests\test_stage2_command_registry.py ........                           [ 34%]
tests\test_stage2_runtime_lighting.py ..............                     [ 35%]
tests\test_stage2_runtime_lighting_hardening.py .....                    [ 35%]
tests\test_stage2_scene_authoring_model.py ...................           [ 36%]
tests\test_stage3_command_palette.py ........                            [ 37%]
tests\test_stage3_professional_scene_editor.py ............              [ 38%]
tests\test_stage4_global_transaction_contract.py ...                     [ 38%]
tests\test_stage4_parallax_camera.py .....................               [ 39%]
tests\test_stage4_professional_scene_authoring.py ...........            [ 40%]
tests\test_stage4b2_preview_overlays.py ..                               [ 40%]
tests\test_stage4b3_scenario_authoring.py .........                      [ 41%]
tests\test_stage4b4_scenario_export.py ............................      [ 43%]
tests\test_stage4b5_quality.py ...                                       [ 43%]
tests\test_stage5_professional_adapters.py ..                            [ 43%]
tests\test_stage5_scene_authoring_persistence.py ....................... [ 45%]
......                                                                   [ 45%]
tests\test_stage6_scenario_quality.py .....                              [ 45%]
tests\test_stage7_native_sync_contracts.py ..                            [ 46%]
tests\test_stage_0_5_2d_ui.py ..                                         [ 46%]
tests\test_stage_0_5_2e_core.py ........                                 [ 46%]
tests\test_stage_0_5_2e_ui.py ....                                       [ 47%]
tests\test_stage_0_5_2f_ui.py .............                              [ 47%]
tests\test_stage_0_6n1_identity_ui.py ....                               [ 48%]
tests\test_stage_0_6n1a_runtime_ui.py ......                             [ 48%]
tests\test_stage_10_engine_profiles.py .....................             [ 50%]
tests\test_stage_11_canvas_export_branch_coverage.py ..........          [ 50%]
tests\test_stage_11_collision_sprite_branch_coverage.py .......          [ 51%]
tests\test_stage_11_command_contract_branch_coverage.py ................ [ 52%]
.....                                                                    [ 52%]
tests\test_stage_11_magnetic_lasso_branch_coverage.py ............       [ 53%]
tests\test_stage_11_main_window_branch_coverage.py ...................   [ 54%]
tests\test_stage_11_numeric_tool_branch_coverage.py .................    [ 56%]
tests\test_stage_11_pen_tool_branch_coverage.py ...............          [ 57%]
tests\test_stage_11_priority_branch_coverage.py ...........              [ 57%]
tests\test_stage_11_scene_branch_coverage.py ..............              [ 58%]
tests\test_stage_11_secondary_branch_coverage.py ...........             [ 59%]
tests\test_stage_11_ui_panel_branch_coverage.py ..........               [ 60%]
tests\test_stage_12_operational_limits.py .............................. [ 62%]
....................                                                     [ 63%]
tests\test_stage_13_qt_refactor_autosave.py ......................       [ 65%]
tests\test_stage_14_release_packaging.py ...........                     [ 66%]
tests\test_stage_4_project_ui.py ..........                              [ 66%]
tests\test_stage_5_command_manager_contract.py .............             [ 67%]
tests\test_stage_5_package_2a_object_relations.py ........               [ 68%]
tests\test_stage_5_package_2b_ui_command_paths.py .......                [ 68%]
tests\test_stage_5_package_3a_gizmo_gesture.py ........                  [ 69%]
tests\test_stage_5_package_3b_vertex_editing.py ............             [ 70%]
tests\test_stage_5_package_4a_object_deletion_paths.py ...........       [ 70%]
tests\test_stage_5_package_4b_collision_transform.py .................   [ 72%]
tests\test_stage_5_package_4c_layer_group_ui_fallbacks.py .............. [ 73%]
................                                                         [ 74%]
tests\test_stage_5_package_5a_creation_commands.py ..................... [ 75%]
........                                                                 [ 76%]
tests\test_stage_5_package_5a_creation_ui.py ...............             [ 77%]
tests\test_stage_5_package_5b_batch_commands.py .....................    [ 78%]
tests\test_stage_5_package_5b_ui_paths.py .............                  [ 79%]
tests\test_stage_5_package_5c_bezier_history.py ........................ [ 81%]
.......................................................                  [ 85%]
tests\test_stage_5_package_5c_residual_command_contracts.py ............ [ 85%]
....                                                                     [ 86%]
tests\test_stage_6_collision_export_schema.py ..........                 [ 86%]
tests\test_stage_7_cli_contract.py .................................     [ 89%]
tests\test_stage_8_bezier_geometry.py .................................. [ 91%]
....                                                                     [ 91%]
tests\test_stage_9_collision_architecture.py ........................... [ 93%]
.............                                                            [ 94%]
tests\test_tileset_animation_exporters.py .................              [ 95%]
tests\test_tools_real.py ......                                          [ 96%]
tests\test_transform_geometry_branches.py .......                        [ 96%]
tests\test_transform_gesture.py ......                                   [ 97%]
tests\test_transform_model.py .....                                      [ 97%]
tests\test_transform_preview_regression.py .                             [ 97%]
tests\test_transform_transaction_branches.py ......                      [ 97%]
tests\test_ui_defect_regressions.py ....                                 [ 98%]
tests\test_ui_responsive_layout.py ..                                    [ 98%]
tests\test_unity_import_scaffold.py ..                                   [ 98%]
tests\test_unity_package_scaffold.py .....                               [ 98%]
tests\test_validation_events.py ........                                 [ 99%]
tests\test_validation_export_outputs.py ..                               [ 99%]
tests\test_view_modes_and_tools.py ...                                   [ 99%]
tests\test_visual_artifact_auditor.py .....                              [100%]

====================== 1440 passed, 2 skipped in 25.29s =======================
